  Performing full C++ include scan (building a new target)
  Using 'git status' to determine working set for adaptive non-unity build.
  Creating makefile for CrazyTaxiProcGenEditor (no existing makefile)
  Using Visual Studio 2017 14.15.26726 toolchain (C:\Program Files (x86)\Microsoft Visual Studio\2017\Enterprise\VC\Tools\MSVC\14.15.26726) and Windows 10.0.15063.0 SDK (C:\Program Files (x86)\Windows Kits\10).
  Parsing headers for CrazyTaxiProcGenEditor
    Running UnrealHeaderTool "C:\Temp\TAS\SoloUE4\CrazyTaxiProcGen\CrazyTaxiProcGen.uproject" "C:\Temp\TAS\SoloUE4\CrazyTaxiProcGen\Intermediate\Build\Win64\CrazyTaxiProcGenEditor\Development\CrazyTaxiProcGenEditor.uhtmanifest" -LogCmds="loginit warning, logexit warning, logdatabase error" -Unattended -WarningsAsErrors -installed
  Reflection code generated for CrazyTaxiProcGenEditor in 14.6096717 seconds
  Building 11 actions with 8 processes...
    [1/11] SharedPCH.Engine.cpp
    [2/11] CrazyTaxiProcGen.cpp
    [3/11] Cell.gen.cpp
    [4/11] CrazyTaxiProcGenGameModeBase.gen.cpp
    [5/11] Cell.cpp
    [6/11] CrazyTaxiProcGenGameModeBase.cpp
    [7/11] CrazyTaxiProcGen.init.gen.cpp
    [8/11] GenerateGrid.gen.cpp
    [9/11] GenerateGrid.cpp
    [10/11] UE4Editor-CrazyTaxiProcGen.lib
       Creating library C:\Temp\TAS\SoloUE4\CrazyTaxiProcGen\Intermediate\Build\Win64\UE4Editor\Development\CrazyTaxiProcGen\UE4Editor-CrazyTaxiProcGen.lib and object C:\Temp\TAS\SoloUE4\CrazyTaxiProcGen\Intermediate\Build\Win64\UE4Editor\Development\CrazyTaxiProcGen\UE4Editor-CrazyTaxiProcGen.exp
    [11/11] UE4Editor-CrazyTaxiProcGen.dll
       Creating library C:\Temp\TAS\SoloUE4\CrazyTaxiProcGen\Intermediate\Build\Win64\UE4Editor\Development\CrazyTaxiProcGen\UE4Editor-CrazyTaxiProcGen.suppressed.lib and object C:\Temp\TAS\SoloUE4\CrazyTaxiProcGen\Intermediate\Build\Win64\UE4Editor\Development\CrazyTaxiProcGen\UE4Editor-CrazyTaxiProcGen.suppressed.exp
  Deploying CrazyTaxiProcGenEditor Win64 Development...
  Total build time: 257.05 seconds (Parallel executor: 142.46 seconds)
