Log file open, 02/18/19 12:40:40
LogWindows: Failed to load 'aqProf.dll' (GetLastError=126)
LogWindows: File 'aqProf.dll' does not exist
LogWindows: Failed to load 'VtuneApi.dll' (GetLastError=126)
LogWindows: File 'VtuneApi.dll' does not exist
LogWindows: Failed to load 'VtuneApi32e.dll' (GetLastError=126)
LogWindows: File 'VtuneApi32e.dll' does not exist
LogInit: Display: Running engine for game: CrazyTaxiProcGen
LogPlatformFile: Not using cached read wrapper
LogTaskGraph: Started task graph with 5 named threads and 14 total threads with 3 sets of task threads.
LogStats: Stats thread started at 0.203694
LogD3D11RHI: Loaded GFSDK_Aftermath_Lib.x64.dll
LogICUInternationalization: Display: ICU TimeZone Detection - Raw Offset: +0:00, Platform Override: ''
LogPluginManager: Mounting plugin Paper2D
LogPluginManager: Mounting plugin AISupport
LogPluginManager: Mounting plugin LightPropagationVolume
LogPluginManager: Mounting plugin CLionSourceCodeAccess
LogPluginManager: Mounting plugin CodeLiteSourceCodeAccess
LogPluginManager: Mounting plugin GitSourceControl
LogPluginManager: Mounting plugin KDevelopSourceCodeAccess
LogPluginManager: Mounting plugin NullSourceCodeAccess
LogPluginManager: Mounting plugin PerforceSourceControl
LogPluginManager: Mounting plugin SubversionSourceControl
LogPluginManager: Mounting plugin UObjectPlugin
LogPluginManager: Mounting plugin VisualStudioCodeSourceCodeAccess
LogPluginManager: Mounting plugin VisualStudioSourceCodeAccess
LogPluginManager: Mounting plugin XCodeSourceCodeAccess
LogPluginManager: Mounting plugin AssetManagerEditor
LogPluginManager: Mounting plugin CryptoKeys
LogPluginManager: Mounting plugin DataValidation
LogPluginManager: Mounting plugin FacialAnimation
LogPluginManager: Mounting plugin GameplayTagsEditor
LogPluginManager: Mounting plugin MacGraphicsSwitching
LogPluginManager: Mounting plugin MeshEditor
LogPluginManager: Mounting plugin MobileLauncherProfileWizard
LogPluginManager: Mounting plugin PluginBrowser
LogPluginManager: Mounting plugin SpeedTreeImporter
LogPluginManager: Mounting plugin DatasmithContent
LogPluginManager: Mounting plugin AlembicImporter
LogPluginManager: Mounting plugin AppleImageUtils
LogPluginManager: Mounting plugin AppleVision
LogPluginManager: Mounting plugin BackChannel
LogPluginManager: Mounting plugin CharacterAI
LogPluginManager: Mounting plugin GeometryCache
LogPluginManager: Mounting plugin HTML5Networking
LogPluginManager: Mounting plugin ProxyLODPlugin
LogPluginManager: Mounting plugin MagicLeap
LogPluginManager: Mounting plugin MagicLeapEmulator
LogPluginManager: Mounting plugin MagicLeapMedia
LogPluginManager: Mounting plugin AndroidMedia
LogPluginManager: Mounting plugin AvfMedia
LogPluginManager: Mounting plugin ImgMedia
LogPluginManager: Mounting plugin LinearTimecode
LogPluginManager: Mounting plugin MediaCompositing
LogPluginManager: Mounting plugin MediaPlayerEditor
LogPluginManager: Mounting plugin WmfMedia
LogPluginManager: Mounting plugin TcpMessaging
LogPluginManager: Mounting plugin UdpMessaging
LogPluginManager: Mounting plugin ActorSequence
LogPluginManager: Mounting plugin LevelSequenceEditor
LogPluginManager: Mounting plugin MatineeToLevelSequence
LogPluginManager: Mounting plugin NetcodeUnitTest
LogPluginManager: Mounting plugin NUTUnrealEngine4
LogPluginManager: Mounting plugin OnlineSubsystemGooglePlay
LogPluginManager: Mounting plugin OnlineSubsystemIOS
LogPluginManager: Mounting plugin OnlineSubsystem
LogPluginManager: Mounting plugin OnlineSubsystemNull
LogPluginManager: Mounting plugin OnlineSubsystemUtils
LogPluginManager: Mounting plugin LauncherChunkInstaller
LogPluginManager: Mounting plugin AndroidDeviceProfileSelector
LogPluginManager: Mounting plugin AndroidMoviePlayer
LogPluginManager: Mounting plugin AndroidPermission
LogPluginManager: Mounting plugin AppleMoviePlayer
LogPluginManager: Mounting plugin ArchVisCharacter
LogPluginManager: Mounting plugin AudioCapture
LogPluginManager: Mounting plugin CableComponent
LogPluginManager: Mounting plugin CustomMeshComponent
LogPluginManager: Mounting plugin EditableMesh
LogPluginManager: Mounting plugin ExampleDeviceProfileSelector
LogPluginManager: Mounting plugin GoogleCloudMessaging
LogPluginManager: Mounting plugin ImmediatePhysics
LogPluginManager: Mounting plugin IOSDeviceProfileSelector
LogPluginManager: Mounting plugin LinuxDeviceProfileSelector
LogPluginManager: Mounting plugin LocationServicesBPLibrary
LogPluginManager: Mounting plugin MobilePatchingUtils
LogPluginManager: Mounting plugin OculusVR
LogPluginManager: Plugin shader directory ../../../Engine/Plugins/Runtime/Oculus/OculusVR/Shaders found
LogPluginManager: Mapping shader source directory ../../../Engine/Plugins/Runtime/Oculus/OculusVR/Shaders to virtual directory /Plugin/OculusVR
LogPluginManager: Mounting plugin PhysXVehicles
LogPluginManager: Mounting plugin ProceduralMeshComponent
LogPluginManager: Mounting plugin RuntimePhysXCooking
LogPluginManager: Mounting plugin SteamVR
LogPluginManager: Mounting plugin WindowsMoviePlayer
LogStreaming: Display: Took  0.149s to configure plugins.
LogInit: Using libcurl 7.55.1-DEV
LogInit:  - built for x86_64-pc-win32
LogInit:  - supports SSL with OpenSSL/1.0.2h
LogInit:  - supports HTTP deflate (compression) using libz 1.2.8
LogInit:  - other features:
LogInit:      CURL_VERSION_SSL
LogInit:      CURL_VERSION_LIBZ
LogInit:      CURL_VERSION_IPV6
LogInit:      CURL_VERSION_ASYNCHDNS
LogInit:      CURL_VERSION_LARGEFILE
LogInit:      CURL_VERSION_IDN
LogInit:  CurlRequestOptions (configurable via config and command line):
LogInit:  - bVerifyPeer = false  - Libcurl will NOT verify peer certificate
LogInit:  - bUseHttpProxy = false  - Libcurl will NOT use HTTP proxy
LogInit:  - bDontReuseConnections = false  - Libcurl will reuse connections
LogInit:  - CertBundlePath = nullptr  - Libcurl will use whatever was configured at build time.
LogInit:  - MaxHostConnections = 16  - Libcurl will limit the number of connections to a host
LogInit:  - LocalHostAddr = Default
LogInit:  - BufferSize = 65536
LogInit: WinSock: version 1.1 (2.2), MaxSocks=32767, MaxUdp=65467
LogInit: Build: ++UE4+Release-4.20-CL-4369336
LogInit: Engine Version: 4.20.3-4369336+++UE4+Release-4.20
LogInit: Compatible Engine Version: 4.20.0-4212847+++UE4+Release-4.20
LogInit: Net CL: 4212847
LogInit: OS: Windows 10 (), CPU: Intel(R) Core(TM) i5-6600 CPU @ 3.30GHz, GPU: NVIDIA GeForce GTX 970
LogInit: Compiled (64-bit): Sep 17 2018 12:26:19
LogInit: Compiled with Visual C++: 19.13.26129.00
LogInit: Build Configuration: Development
LogInit: Branch Name: ++UE4+Release-4.20
LogInit: Command Line:  
LogInit: Base Directory: C:/Program Files/Epic Games/UE_4.20/Engine/Binaries/Win64/
LogInit: Installed Engine Build: 1
LogDevObjectVersion: Number of dev versions registered: 20
LogDevObjectVersion:   Dev-Blueprints (B0D832E4-1F89-4F0D-ACCF-7EB736FD4AA2): 10
LogDevObjectVersion:   Dev-Build (E1C64328-A22C-4D53-A36C-8E866417BD8C): 0
LogDevObjectVersion:   Dev-Core (375EC13C-06E4-48FB-B500-84F0262A717E): 2
LogDevObjectVersion:   Dev-Editor (E4B068ED-F494-42E9-A231-DA0B2E46BB41): 24
LogDevObjectVersion:   Dev-Framework (CFFC743F-43B0-4480-9391-14DF171D2073): 34
LogDevObjectVersion:   Dev-Mobile (B02B49B5-BB20-44E9-A304-32B752E40360): 2
LogDevObjectVersion:   Dev-Networking (A4E4105C-59A1-49B5-A7C5-40C4547EDFEE): 0
LogDevObjectVersion:   Dev-Online (39C831C9-5AE6-47DC-9A44-9C173E1C8E7C): 0
LogDevObjectVersion:   Dev-Physics (78F01B33-EBEA-4F98-B9B4-84EACCB95AA2): 0
LogDevObjectVersion:   Dev-Platform (6631380F-2D4D-43E0-8009-CF276956A95A): 0
LogDevObjectVersion:   Dev-Rendering (12F88B9F-8875-4AFC-A67C-D90C383ABD29): 26
LogDevObjectVersion:   Dev-Sequencer (7B5AE74C-D270-4C10-A958-57980B212A5A): 9
LogDevObjectVersion:   Dev-VR (D7296918-1DD6-4BDD-9DE2-64A83CC13884): 2
LogDevObjectVersion:   Dev-LoadTimes (C2A15278-BFE7-4AFE-6C17-90FF531DF755): 1
LogDevObjectVersion:   Private-Geometry (6EACA3D4-40EC-4CC1-B786-8BED09428FC5): 3
LogDevObjectVersion:   Dev-AnimPhys (29E575DD-E0A3-4627-9D10-D276232CDCEA): 17
LogDevObjectVersion:   Dev-ReflectionCapture (6B266CEC-1EC7-4B8F-A30B-E4D90942FC07): 1
LogDevObjectVersion:   Dev-Automation (0DF73D61-A23F-47EA-B727-89E90C41499A): 1
LogDevObjectVersion:   FortniteMain (601D1886-AC64-4F84-AA16-D3DE0DEAC7D6): 12
LogDevObjectVersion:   Dev-Enterprise (9DFFBCD6-494F-0158-E221-12823C92A888): 1
LogStreaming: Display: Took  0.000s to delete old logs.
LogInit: Presizing for max 8388607 objects, including 0 objects not considered by GC, pre-allocating 0 bytes for permanent pool.
LogInit: Object subsystem initialized
[2019.02.18-12.40.40:859][  0]LogInit: Selected Device Profile: [Windows]
[2019.02.18-12.40.40:859][  0]LogInit: Applying CVar settings loaded from the selected device profile: [Windows]
[2019.02.18-12.40.40:868][  0]LogHAL: Display: Platform has ~ 16 GB [17116667904 / 17179869184 / 16], which maps to Larger [LargestMinGB=32, LargerMinGB=12, DefaultMinGB=8, SmallerMinGB=6, SmallestMinGB=0)
[2019.02.18-12.40.40:868][  0]LogInit: Setting Device Profile CVar: [[r.Vulkan.UseRealUBs:1]]
[2019.02.18-12.40.40:868][  0]LogInit: Going up to parent DeviceProfile []
[2019.02.18-12.40.40:868][  0]LogInit: Computer: DESKTOP-C6U4EA4
[2019.02.18-12.40.40:868][  0]LogInit: User: ThomasSimon
[2019.02.18-12.40.40:868][  0]LogInit: CPU Page size=4096, Cores=4
[2019.02.18-12.40.40:868][  0]LogInit: High frequency timer resolution =3.234374 MHz
[2019.02.18-12.40.40:869][  0]LogMemory: Memory total: Physical=15.9GB (16GB approx)
[2019.02.18-12.40.40:869][  0]LogMemory: Platform Memory Stats for Windows
[2019.02.18-12.40.40:869][  0]LogMemory: Process Physical Memory: 100.18 MB used, 100.18 MB peak
[2019.02.18-12.40.40:869][  0]LogMemory: Process Virtual Memory: 84.31 MB used, 84.31 MB peak
[2019.02.18-12.40.40:869][  0]LogMemory: Physical Memory: 7286.48 MB used,  9037.24 MB free, 16323.73 MB total
[2019.02.18-12.40.40:869][  0]LogMemory: Virtual Memory: 4625.71 MB used,  9037.24 MB free, 134217728.00 MB total
[2019.02.18-12.40.40:888][  0]LogInit: Using OS detected language (en-GB).
[2019.02.18-12.40.40:888][  0]LogInit: Using OS detected locale (en-GB).
[2019.02.18-12.40.40:888][  0]LogTextLocalizationManager: No specific localization for 'en-GB' exists, so the 'en' localization will be used.
[2019.02.18-12.40.41:232][  0]LogStreaming: Display: Took  0.344s to InitEngineTextLocalization.
[2019.02.18-12.40.41:232][  0]LogInit: Setting process to per monitor DPI aware
[2019.02.18-12.40.41:264][  0]LogSlate: New Slate User Created.  User Index 0, Is Virtual User: 0
[2019.02.18-12.40.41:264][  0]LogSlate: Slate User Registered.  User Index 0, Is Virtual User: 0
[2019.02.18-12.40.41:429][  0]LogHMD: Failed to initialize OpenVR with code 110
[2019.02.18-12.40.41:430][  0]LogD3D11RHI: D3D11 adapters:
[2019.02.18-12.40.41:499][  0]LogD3D11RHI:    0. 'NVIDIA GeForce GTX 970' (Feature Level 11_0)
[2019.02.18-12.40.41:500][  0]LogD3D11RHI:       4043/0/8161 MB DedicatedVideo/DedicatedSystem/SharedSystem, Outputs:3, VendorId:0x10de
[2019.02.18-12.40.41:502][  0]LogD3D11RHI:    1. 'Microsoft Basic Render Driver' (Feature Level 11_0)
[2019.02.18-12.40.41:502][  0]LogD3D11RHI:       0/0/8161 MB DedicatedVideo/DedicatedSystem/SharedSystem, Outputs:0, VendorId:0x1414
[2019.02.18-12.40.41:502][  0]LogD3D11RHI: Chosen D3D11 Adapter: 0
[2019.02.18-12.40.41:508][  0]LogD3D11RHI: Creating new Direct3DDevice
[2019.02.18-12.40.41:508][  0]LogD3D11RHI:     GPU DeviceId: 0x13c2 (for the marketing name, search the web for "GPU Device Id")
[2019.02.18-12.40.41:508][  0]LogWindows: EnumDisplayDevices:
[2019.02.18-12.40.41:508][  0]LogWindows:    0. 'NVIDIA GeForce GTX 970' (P:0 D:1)
[2019.02.18-12.40.41:509][  0]LogWindows:    1. 'NVIDIA GeForce GTX 970' (P:0 D:1)
[2019.02.18-12.40.41:509][  0]LogWindows:    2. 'NVIDIA GeForce GTX 970' (P:1 D:1)
[2019.02.18-12.40.41:509][  0]LogWindows:    3. 'NVIDIA GeForce GTX 970' (P:0 D:0)
[2019.02.18-12.40.41:509][  0]LogWindows: DebugString: FoundDriverCount:4 
[2019.02.18-12.40.41:509][  0]LogD3D11RHI:     Adapter Name: NVIDIA GeForce GTX 970
[2019.02.18-12.40.41:509][  0]LogD3D11RHI:   Driver Version: 398.11 (internal:24.21.13.9811, unified:398.11)
[2019.02.18-12.40.41:509][  0]LogD3D11RHI:      Driver Date: 6-1-2018
[2019.02.18-12.40.41:509][  0]LogRHI: Texture pool is 2830 MB (70% of 4043 MB)
[2019.02.18-12.40.41:537][  0]LogD3D11RHI: Async texture creation enabled
[2019.02.18-12.40.41:553][  0]LogD3D11RHI: GPU Timing Frequency: 1000.000000 (Debug: 2 2)
[2019.02.18-12.40.41:604][  0]LogShaderCompilers: Guid format shader working directory is -6 characters bigger than the processId version (A:/Projects/Unreal Engine Projects/SoloUE4/CrazyTaxiProcGen/Intermediate/Shaders/WorkingDirectory/7476/).
[2019.02.18-12.40.41:604][  0]LogShaderCompilers: Cleaned the shader compiler working directory 'C:/Users/Thomas Simon/AppData/Local/Temp/UnrealShaderWorkingDir/141B8D804775875B86CDB886224435EA/'.
[2019.02.18-12.40.41:970][  0]LogTemp: Display: Loaded TP AllDesktopTargetPlatform
[2019.02.18-12.40.41:982][  0]LogTemp: Display: Loaded TP MacClientTargetPlatform
[2019.02.18-12.40.41:995][  0]LogTemp: Display: Loaded TP MacNoEditorTargetPlatform
[2019.02.18-12.40.42:008][  0]LogTemp: Display: Loaded TP MacServerTargetPlatform
[2019.02.18-12.40.42:020][  0]LogTemp: Display: Loaded TP MacTargetPlatform
[2019.02.18-12.40.42:033][  0]LogTemp: Display: Loaded TP WindowsClientTargetPlatform
[2019.02.18-12.40.42:046][  0]LogTemp: Display: Loaded TP WindowsNoEditorTargetPlatform
[2019.02.18-12.40.42:058][  0]LogTemp: Display: Loaded TP WindowsServerTargetPlatform
[2019.02.18-12.40.42:064][  0]LogTemp: Display: Loaded TP WindowsTargetPlatform
[2019.02.18-12.40.42:139][  0]LogTemp: Display: Loaded TP AndroidTargetPlatform
[2019.02.18-12.40.42:140][  0]LogTemp: Display: Loaded TP AndroidTargetPlatform
[2019.02.18-12.40.42:140][  0]LogTemp: Display: Loaded TP AndroidTargetPlatform
[2019.02.18-12.40.42:140][  0]LogTemp: Display: Loaded TP AndroidTargetPlatform
[2019.02.18-12.40.42:140][  0]LogTemp: Display: Loaded TP AndroidTargetPlatform
[2019.02.18-12.40.42:140][  0]LogTemp: Display: Loaded TP AndroidTargetPlatform
[2019.02.18-12.40.42:140][  0]LogTemp: Display: Loaded TP AndroidTargetPlatform
[2019.02.18-12.40.42:140][  0]LogTemp: Display: Loaded TP AndroidTargetPlatform
[2019.02.18-12.40.42:140][  0]LogTemp: Display: Loaded TP AndroidTargetPlatform
[2019.02.18-12.40.42:140][  0]LogTemp: Display: Loaded TP AndroidTargetPlatform
[2019.02.18-12.40.42:140][  0]LogTemp: Display: Loaded TP AndroidTargetPlatform
[2019.02.18-12.40.42:140][  0]LogTemp: Display: Loaded TP AndroidTargetPlatform
[2019.02.18-12.40.42:140][  0]LogTemp: Display: Loaded TP AndroidTargetPlatform
[2019.02.18-12.40.42:140][  0]LogTemp: Display: Loaded TP AndroidTargetPlatform
[2019.02.18-12.40.42:140][  0]LogTemp: Display: Loaded TP AndroidTargetPlatform
[2019.02.18-12.40.42:140][  0]LogTemp: Display: Loaded TP AndroidTargetPlatform
[2019.02.18-12.40.42:140][  0]LogTemp: Display: Loaded TP AndroidTargetPlatform
[2019.02.18-12.40.42:140][  0]LogTemp: Display: Loaded TP AndroidTargetPlatform
[2019.02.18-12.40.42:141][  0]LogTemp: Display: Loaded TP HTML5TargetPlatform
[2019.02.18-12.40.42:202][  0]LogTemp: Display: Loaded TP IOSTargetPlatform
[2019.02.18-12.40.42:202][  0]LogTemp: Display: Loaded TP IOSTargetPlatform
[2019.02.18-12.40.42:224][  0]LogTemp: Display: Loaded TP TVOSTargetPlatform
[2019.02.18-12.40.42:224][  0]LogTemp: Display: Loaded TP TVOSTargetPlatform
[2019.02.18-12.40.42:236][  0]LogTemp: Display: Loaded TP LinuxClientTargetPlatform
[2019.02.18-12.40.42:248][  0]LogTemp: Display: Loaded TP LinuxNoEditorTargetPlatform
[2019.02.18-12.40.42:259][  0]LogTemp: Display: Loaded TP LinuxServerTargetPlatform
[2019.02.18-12.40.42:271][  0]LogTemp: Display: Loaded TP LinuxTargetPlatform
[2019.02.18-12.40.42:280][  0]LogTemp: Display: Loaded TP LuminTargetPlatform
[2019.02.18-12.40.42:280][  0]LogTargetPlatformManager: Display: Building Assets For Windows
[2019.02.18-12.40.42:334][  0]LogXGEController: Cleaning working directory: C:/Users/Thomas Simon/AppData/Local/Temp/UnrealXGEWorkingDir/
[2019.02.18-12.40.42:335][  0]LogXGEController: Cannot use XGE Controller as Incredibuild is not installed on this machine.
[2019.02.18-12.40.42:335][  0]LogShaderCompilers: Cannot use XGE Shader Compiler as Incredibuild is not installed on this machine.
[2019.02.18-12.40.42:335][  0]LogShaderCompilers: Display: Using Local Shader Compiler.
[2019.02.18-12.40.43:004][  0]LogDerivedDataCache: Display: Max Cache Size: 512 MB
[2019.02.18-12.40.43:065][  0]LogDerivedDataCache: Loaded boot cache 0.06s 71MB C:/Users/Thomas Simon/AppData/Local/UnrealEngine/4.20/DerivedDataCache/Boot.ddc.
[2019.02.18-12.40.43:067][  0]LogDerivedDataCache: Display: Loaded Boot cache: C:/Users/Thomas Simon/AppData/Local/UnrealEngine/4.20/DerivedDataCache/Boot.ddc
[2019.02.18-12.40.43:067][  0]LogDerivedDataCache: FDerivedDataBackendGraph:  Pak pak cache file A:/Projects/Unreal Engine Projects/SoloUE4/CrazyTaxiProcGen/DerivedDataCache/DDC.ddp not found, will not use a pak cache.
[2019.02.18-12.40.43:067][  0]LogDerivedDataCache: Unable to find inner node Pak for hierarchical cache Hierarchy.
[2019.02.18-12.40.43:067][  0]LogDerivedDataCache: FDerivedDataBackendGraph:  CompressedPak pak cache file A:/Projects/Unreal Engine Projects/SoloUE4/CrazyTaxiProcGen/DerivedDataCache/Compressed.ddp not found, will not use a pak cache.
[2019.02.18-12.40.43:067][  0]LogDerivedDataCache: Unable to find inner node CompressedPak for hierarchical cache Hierarchy.
[2019.02.18-12.40.43:079][  0]LogDerivedDataCache: Display: Pak cache opened for reading ../../../Engine/DerivedDataCache/Compressed.ddp.
[2019.02.18-12.40.43:092][  0]LogDerivedDataCache: Using Local data cache path C:/Users/Thomas Simon/AppData/Local/UnrealEngine/Common/DerivedDataCache: Writable
[2019.02.18-12.40.43:092][  0]LogDerivedDataCache: Shared data cache path not found in *engine.ini, will not use an Shared cache.
[2019.02.18-12.40.43:092][  0]LogDerivedDataCache: Unable to find inner node Shared for hierarchical cache Hierarchy.
[2019.02.18-12.40.43:109][  0]LogMaterial: Verifying Global Shaders for PCD3D_SM5
[2019.02.18-12.40.43:111][  0]LogSlate: Using FreeType 2.6.0
[2019.02.18-12.40.43:111][  0]LogSlate: SlateFontServices - WITH_FREETYPE: 1, WITH_HARFBUZZ: 1
[2019.02.18-12.40.43:183][  0]LogAssetRegistry: FAssetRegistry took 0.0255 seconds to start up
[2019.02.18-12.40.43:477][  0]LogInit: Selected Device Profile: [Windows]
[2019.02.18-12.40.43:610][  0]LogSimplygon: Simplygon DLL not present - disabling.
[2019.02.18-12.40.43:614][  0]LogMeshReduction: Using SimplygonSwarm for distributed automatic mesh merging
[2019.02.18-12.40.43:614][  0]LogMeshReduction: Using ProxyLODMeshReduction for automatic mesh merging
[2019.02.18-12.40.43:614][  0]LogMeshReduction: Using QuadricMeshReduction for automatic static mesh reduction
[2019.02.18-12.40.43:614][  0]LogMeshReduction: No automatic skeletal mesh reduction module available
[2019.02.18-12.40.43:637][  0]LogNetVersion: CrazyTaxiProcGen 1.0.0, NetCL: 4212847, EngineNetVer: 5, GameNetVer: 0 (Checksum: 1195376751)
[2019.02.18-12.40.44:193][  0]LogPackageLocalizationCache: Processed 11 localized package path(s) for 2 prioritized culture(s) in 0.141528 seconds
[2019.02.18-12.40.44:200][  0]LogUObjectArray: 38425 objects as part of root set at end of initial load.
[2019.02.18-12.40.44:200][  0]LogUObjectAllocator: 6690872 out of 0 bytes used by permanent object pool.
[2019.02.18-12.40.44:200][  0]LogUObjectArray: CloseDisregardForGC: 0/0 objects in disregard for GC pool
[2019.02.18-12.40.44:984][  0]LogTcpMessaging: Initializing TcpMessaging bridge
[2019.02.18-12.40.44:997][  0]LogUdpMessaging: Initializing bridge on interface 0.0.0.0:0 to multicast group 230.0.0.1:6666.
[2019.02.18-12.40.45:143][  0]SourceControl: Source control is disabled
[2019.02.18-12.40.45:143][  0]SourceControl: Source control is disabled
[2019.02.18-12.40.45:144][  0]SourceControl: Source control is disabled
[2019.02.18-12.40.45:145][  0]SourceControl: Source control is disabled
[2019.02.18-12.40.45:304][  0]LogAndroidPermission: UAndroidPermissionCallbackProxy::GetInstance
[2019.02.18-12.40.45:347][  0]LogOcInput: OculusInput pre-init called
[2019.02.18-12.40.45:400][  0]LogEngine: Initializing Engine...
[2019.02.18-12.40.45:401][  0]LogHMD: Failed to initialize OpenVR with code 110
[2019.02.18-12.40.45:402][  0]LogStats: UGameplayTagsManager::ConstructGameplayTagTree: ImportINI prefixes -  0.000 s
[2019.02.18-12.40.45:402][  0]LogStats: UGameplayTagsManager::ConstructGameplayTagTree: Construct from data asset -  0.000 s
[2019.02.18-12.40.45:402][  0]LogStats: UGameplayTagsManager::ConstructGameplayTagTree: ImportINI -  0.000 s
[2019.02.18-12.40.45:402][  0]LogStats: UGameplayTagsManager::ConstructGameplayTagTree: GameplayTagTreeChangedEvent.Broadcast -  0.000 s
[2019.02.18-12.40.45:589][  0]LogInit: Initializing FReadOnlyCVARCache
[2019.02.18-12.40.45:600][  0]LogAIModule: Creating AISystem for world Untitled
[2019.02.18-12.40.45:617][  0]LogInit: XAudio2 using 'Headphones (High Definition Audio Device)' : 2 channels at 44.1 kHz using 16 bits per sample (channel mask 0x3)
[2019.02.18-12.40.45:631][  0]LogInit: FAudioDevice initialized.
[2019.02.18-12.40.45:631][  0]LogNetVersion: Set ProjectVersion to 1.0.0.0. Version Checksum will be recalculated on next use.
[2019.02.18-12.40.45:700][  0]LogDerivedDataCache: Saved boot cache 0.07s 71MB C:/Users/Thomas Simon/AppData/Local/UnrealEngine/4.20/DerivedDataCache/Boot.ddc.
[2019.02.18-12.40.45:700][  0]LogInit: Texture streaming: Enabled
[2019.02.18-12.40.45:716][  0]LogEngineSessionManager: EngineSessionManager initialized
[2019.02.18-12.40.45:729][  0]LogInit: Transaction tracking system initialized
[2019.02.18-12.40.45:751][  0]BlueprintLog: New page: Editor Load
[2019.02.18-12.40.45:823][  0]LocalizationService: Localization service is disabled
[2019.02.18-12.40.46:098][  0]LogCook: Display: Max memory allowance for cook 16384mb min free memory 0mb
[2019.02.18-12.40.46:098][  0]LogCook: Display: Mobile HDR setting 1
[2019.02.18-12.40.46:098][  0]LogGameplayTags: Display: UGameplayTagsManager::DoneAddingNativeTags. DelegateIsBound: 0
[2019.02.18-12.40.46:098][  0]LogStats: UGameplayTagsManager::ConstructGameplayTagTree: ImportINI prefixes -  0.000 s
[2019.02.18-12.40.46:098][  0]LogStats: UGameplayTagsManager::ConstructGameplayTagTree: Construct from data asset -  0.000 s
[2019.02.18-12.40.46:098][  0]LogStats: UGameplayTagsManager::ConstructGameplayTagTree: ImportINI -  0.000 s
[2019.02.18-12.40.46:098][  0]LogStats: UGameplayTagsManager::ConstructGameplayTagTree: GameplayTagTreeChangedEvent.Broadcast -  0.000 s
[2019.02.18-12.40.46:205][  0]LogFileCache: Scanning file cache for directory 'A:/Projects/Unreal Engine Projects/SoloUE4/CrazyTaxiProcGen/Content/' took 0.01s
[2019.02.18-12.40.46:205][  0]SourceControl: Source control is disabled
[2019.02.18-12.40.46:205][  0]Cmd: MAP LOAD FILE="A:/Projects/Unreal Engine Projects/SoloUE4/CrazyTaxiProcGen/Content/MyContent/Maps/Main.umap" TEMPLATE=0 SHOWPROGRESS=1 FEATURELEVEL=3
[2019.02.18-12.40.46:205][  0]LightingResults: New page: Lighting Build
[2019.02.18-12.40.46:208][  0]MapCheck: New page: Map Check
[2019.02.18-12.40.46:208][  0]LightingResults: New page: Lighting Build
[2019.02.18-12.40.46:317][  0]LogLinker: Warning: Can't find file '/Game/MyContent/Maps/Main_BuiltData'
[2019.02.18-12.40.46:317][  0]LogLinker: Warning: Can't find file for asset '/Game/MyContent/Maps/Main_BuiltData' while loading A:/Projects/Unreal Engine Projects/SoloUE4/CrazyTaxiProcGen/Content/MyContent/Maps/Main.umap.
[2019.02.18-12.40.46:317][  0]LoadErrors: Error: /Game/MyContent/Maps/Main : Can't find file for asset. /Game/MyContent/Maps/Main_BuiltData
[2019.02.18-12.40.46:318][  0]LogLinker: Warning: Can't find file '/Game/MyContent/Maps/Main_BuiltData'
[2019.02.18-12.40.46:318][  0]LogLinker: Warning: Can't find file for asset '/Game/MyContent/Maps/Main_BuiltData' while loading A:/Projects/Unreal Engine Projects/SoloUE4/CrazyTaxiProcGen/Content/MyContent/Maps/Main.umap.
[2019.02.18-12.40.46:318][  0]LoadErrors: Error: /Game/MyContent/Maps/Main : Can't find file for asset. /Game/MyContent/Maps/Main_BuiltData
[2019.02.18-12.40.46:326][  0]LogLinker: Warning: Can't find file '/Game/MyContent/Maps/Main_BuiltData'
[2019.02.18-12.40.46:326][  0]LoadErrors: Failed to load /Game/MyContent/Maps/Main_BuiltData.Main_BuiltData Referenced by PersistentLevel
[2019.02.18-12.40.46:326][  0]LogLinker: Warning: Can't find file for asset '/Game/MyContent/Maps/Main_BuiltData' while loading NULL.
[2019.02.18-12.40.46:326][  0]LoadErrors: Failed to load /Game/MyContent/Maps/Main_BuiltData.Main_BuiltData Referenced by PersistentLevel
[2019.02.18-12.40.46:392][  0]LogAIModule: Creating AISystem for world Main
[2019.02.18-12.40.46:396][  0]LogEditorServer: Finished looking for orphan Actors (0.000 secs)
[2019.02.18-12.40.46:417][  0]Cmd: MAP CHECKDEP NOCLEARLOG
[2019.02.18-12.40.46:476][  0]MapCheck: Map check complete: 0 Error(s), 0 Warning(s), took 59.082ms to complete.
[2019.02.18-12.40.46:476][  0]LogFileHelpers: Loading map 'Main' took 0.271
[2019.02.18-12.40.46:613][  0]LogSlate: Updating window title bar state: overlay mode, drag disabled, window buttons hidden, title bar hidden
[2019.02.18-12.40.46:620][  0]LogSlate: Updating window title bar state: overlay mode, drag disabled, window buttons hidden, title bar hidden
[2019.02.18-12.40.46:627][  0]LogSlate: Updating window title bar state: overlay mode, drag disabled, window buttons hidden, title bar hidden
[2019.02.18-12.40.46:634][  0]LogSlate: Updating window title bar state: overlay mode, drag disabled, window buttons hidden, title bar hidden
[2019.02.18-12.40.46:639][  0]LogCollectionManager: Loaded 0 collections in 0.001362 seconds
[2019.02.18-12.40.46:697][  0]LogFileCache: Scanning file cache for directory 'A:/Projects/Unreal Engine Projects/SoloUE4/CrazyTaxiProcGen/Saved/Collections/' took 0.01s
[2019.02.18-12.40.46:697][  0]LogFileCache: Scanning file cache for directory 'A:/Projects/Unreal Engine Projects/SoloUE4/CrazyTaxiProcGen/Content/Developers/ThomasSimon/Collections/' took 0.01s
[2019.02.18-12.40.46:697][  0]LogFileCache: Scanning file cache for directory 'A:/Projects/Unreal Engine Projects/SoloUE4/CrazyTaxiProcGen/Content/Collections/' took 0.01s
[2019.02.18-12.40.46:697][  0]LogCollectionManager: Rebuilt the GUID cache for 0 collections in 0.000001 seconds
[2019.02.18-12.40.46:706][  0]LogContentBrowser: Native class hierarchy populated in 0.0088 seconds. Added 2574 classes and 607 folders.
[2019.02.18-12.40.46:712][  0]LogContentBrowser: Native class hierarchy updated for 'WidgetCarousel' in 0.0003 seconds. Added 0 classes and 0 folders.
[2019.02.18-12.40.46:748][  0]LogContentBrowser: Native class hierarchy updated for 'AddContentDialog' in 0.0003 seconds. Added 0 classes and 0 folders.
[2019.02.18-12.40.47:703][  0]LogSlate: Only BGRA pngs, bmps or icos are supported in by External Image Picker
[2019.02.18-12.40.47:729][  0]LogSlate: Took 0.000229 seconds to synchronously load lazily loaded font '../../../Engine/Content/Slate/Fonts/Roboto-Regular.ttf' (155K)
[2019.02.18-12.40.47:733][  0]LogSlate: Took 0.000199 seconds to synchronously load lazily loaded font '../../../Engine/Content/Slate/Fonts/Roboto-Bold.ttf' (160K)
[2019.02.18-12.40.47:735][  0]LogSlate: Took 0.000176 seconds to synchronously load lazily loaded font '../../../Engine/Content/Editor/Slate/Fonts/FontAwesome.ttf' (139K)
[2019.02.18-12.40.47:802][  0]LogRenderer: Reallocating scene render targets to support 1152x600 Format 10 NumSamples 1 (Frame:1).
[2019.02.18-12.40.47:927][  0]LogTemp: Executing iPhonePackager certificates Engine -bundlename com.YourCompany.CrazyTaxiProcGen
[2019.02.18-12.40.47:927][  0]LogTemp: CWD: C:\Program Files\Epic Games\UE_4.20\Engine\Binaries\DotNET\IOS
[2019.02.18-12.40.47:927][  0]LogTemp: Initial Dir: C:\Program Files\Epic Games\UE_4.20
[2019.02.18-12.40.47:927][  0]LogTemp: Env CWD: C:\Program Files\Epic Games\UE_4.20\Engine\Binaries\DotNET\IOS
[2019.02.18-12.40.47:927][  0]LogTemp: BranchPath = DESKTOP-C6U4EA4/C/Program Files/Epic Games/UE_4.20/Engine/Binaries --- GameBranchPath = DESKTOP-C6U4EA4/C/Program Files/Epic Games/UE_4.20/Engine/Binaries
[2019.02.18-12.40.47:927][  0]LogTemp: IPP ERROR: Could not find provision directory 'C:\Users\Thomas Simon\AppData\Local/Apple Computer/MobileDevice/Provisioning Profiles/'.
[2019.02.18-12.40.47:942][  0]LogContentBrowser: Native class hierarchy updated for 'HierarchicalLODOutliner' in 0.0003 seconds. Added 0 classes and 0 folders.
[2019.02.18-12.40.47:942][  0]LogLoad: (Engine Initialization) Total time: 8.42 seconds
[2019.02.18-12.40.47:942][  0]LogLoad: (Engine Initialization) Total Blueprint compile time: 0.00 seconds
[2019.02.18-12.40.47:951][  0]LogWindowsTextInputMethodSystem: Display: IME system now deactivated.
[2019.02.18-12.40.47:976][  0]LogContentStreaming: Texture pool size now 1000 MB
[2019.02.18-12.40.48:009][  1]LogAssetRegistry: Asset discovery search completed in 4.8490 seconds
[2019.02.18-12.40.48:012][  1]LogCollectionManager: Rebuilt the object cache for 0 collections in 0.000000 seconds (found 0 objects)
[2019.02.18-12.40.48:012][  1]LogCollectionManager: Fixed up redirectors for 0 collections in 0.000063 seconds (updated 0 objects)
[2019.02.18-12.40.53:444][646]LogSlate: FSceneViewport::OnFocusLost() reason 0
[2019.02.18-12.40.54:132][727]LogSlate: Took 0.000202 seconds to synchronously load lazily loaded font '../../../Engine/Content/Slate/Fonts/Roboto-Light.ttf' (167K)
[2019.02.18-12.41.00:729][514]LogSlate: FSceneViewport::OnFocusLost() reason 0
[2019.02.18-12.41.12:592][934]LogEditorViewport: Clicking on Actor (context menu): BP_Sky_Sphere_C (Sky Sphere)
[2019.02.18-12.41.12:639][934]LogSlate: FSceneViewport::OnFocusLost() reason 2
[2019.02.18-12.41.18:912][675]Cmd: BRUSH ADD SELECTNEWBRUSH
[2019.02.18-12.41.21:435][971]LogSlate: FSceneViewport::OnFocusLost() reason 0
[2019.02.18-12.42.14:395][283]LogSlate: Took 0.000186 seconds to synchronously load lazily loaded font '../../../Engine/Content/Slate/Fonts/Roboto-Light.ttf' (167K)
[2019.02.18-12.42.14:404][283]Cmd: OBJ SAVEPACKAGE PACKAGE="/Game/MyContent/Maps/Main" FILE="A:/Projects/Unreal Engine Projects/SoloUE4/CrazyTaxiProcGen/Content/MyContent/Maps/Main.umap" SILENT=true AUTOSAVING=false KEEPDIRTY=false
[2019.02.18-12.42.14:454][283]LogSavePackage: Moving 'A:/Projects/Unreal Engine Projects/SoloUE4/CrazyTaxiProcGen/Saved/Main51DDE1744C52CF08CA805A9251310413.tmp' to 'A:/Projects/Unreal Engine Projects/SoloUE4/CrazyTaxiProcGen/Content/MyContent/Maps/Main.umap'
[2019.02.18-12.42.18:717][562]LogSlate: FSceneViewport::OnFocusLost() reason 0
[2019.02.18-12.42.22:470][989]LogSlate: Took 0.004325 seconds to synchronously load lazily loaded font '../../../Engine/Content/Slate/Fonts/Roboto-BoldCondensed.ttf' (158K)
[2019.02.18-12.42.39:126][838]Running C:/Program Files/Epic Games/UE_4.20/Engine/Binaries/DotNET/UnrealBuildTool.exe Win64 Development -TargetType=Editor -Project="A:/Projects/Unreal Engine Projects/SoloUE4/CrazyTaxiProcGen/CrazyTaxiProcGen.uproject" -invalidatemakefilesonly
[2019.02.18-12.42.39:940][838]Invalidating makefiles only in this run.
[2019.02.18-12.42.40:076][838]Candidate modules for hot reload:
[2019.02.18-12.42.40:076][838]  CrazyTaxiProcGen
[2019.02.18-12.42.40:076][838]Launching UnrealBuildTool... [C:/Program Files/Epic Games/UE_4.20/Engine/Binaries/DotNET/UnrealBuildTool.exe  -ModuleWithSuffix=CrazyTaxiProcGen,3805 Win64 Development -TargetType=Editor -Project="A:/Projects/Unreal Engine Projects/SoloUE4/CrazyTaxiProcGen/CrazyTaxiProcGen.uproject" -canskiplink "A:/Projects/Unreal Engine Projects/SoloUE4/CrazyTaxiProcGen/CrazyTaxiProcGen.uproject" ]
[2019.02.18-12.42.58:696][838]CompilerResultsLog: New page: Compilation - 18 Feb 2019 12:42:58
[2019.02.18-12.42.58:696][838]CompilerResultsLog: Using 'git status' to determine working set for adaptive non-unity build.
[2019.02.18-12.42.58:696][838]CompilerResultsLog: Creating makefile for hot reloading CrazyTaxiProcGenEditor (no existing makefile)
[2019.02.18-12.42.58:696][838]CompilerResultsLog: Compiling game modules for hot reload
[2019.02.18-12.42.58:696][838]CompilerResultsLog: Using Visual Studio 2017 14.15.26726 toolchain (C:\Program Files (x86)\Microsoft Visual Studio\2017\Community\VC\Tools\MSVC\14.15.26726) and Windows 10.0.17134.0 SDK (C:\Program Files (x86)\Windows Kits\10).
[2019.02.18-12.42.58:696][838]CompilerResultsLog: Parsing headers for CrazyTaxiProcGenEditor
[2019.02.18-12.42.58:696][838]CompilerResultsLog:   Running UnrealHeaderTool "A:\Projects\Unreal Engine Projects\SoloUE4\CrazyTaxiProcGen\CrazyTaxiProcGen.uproject" "A:\Projects\Unreal Engine Projects\SoloUE4\CrazyTaxiProcGen\Intermediate\Build\Win64\CrazyTaxiProcGenEditor\Development\CrazyTaxiProcGenEditor.uhtmanifest" -LogCmds="loginit warning, logexit warning, logdatabase error" -Unattended -WarningsAsErrors -installed
[2019.02.18-12.42.58:696][838]CompilerResultsLog: Reflection code generated for CrazyTaxiProcGenEditor in 9.3599957 seconds
[2019.02.18-12.42.58:696][838]CompilerResultsLog: Building 8 actions with 4 processes...
[2019.02.18-12.42.58:696][838]CompilerResultsLog:   [1/8] CrazyTaxiProcGenGameModeBase.cpp
[2019.02.18-12.42.58:696][838]CompilerResultsLog:   [2/8] GenerateGrid.cpp
[2019.02.18-12.42.58:696][838]CompilerResultsLog:   [3/8] CrazyTaxiProcGen.init.gen.cpp
[2019.02.18-12.42.58:696][838]CompilerResultsLog:   [4/8] CrazyTaxiProcGen.cpp
[2019.02.18-12.42.58:696][838]CompilerResultsLog:   [5/8] GenerateGrid.gen.cpp
[2019.02.18-12.42.58:696][838]CompilerResultsLog:   [6/8] CrazyTaxiProcGenGameModeBase.gen.cpp
[2019.02.18-12.42.58:696][838]CompilerResultsLog:   [7/8] UE4Editor-CrazyTaxiProcGen-3805.lib
[2019.02.18-12.42.58:696][838]CompilerResultsLog:      Creating library A:\Projects\Unreal Engine Projects\SoloUE4\CrazyTaxiProcGen\Intermediate\Build\Win64\UE4Editor\Development\CrazyTaxiProcGen\UE4Editor-CrazyTaxiProcGen-3805.lib and object A:\Projects\Unreal Engine Projects\SoloUE4\CrazyTaxiProcGen\Intermediate\Build\Win64\UE4Editor\Development\CrazyTaxiProcGen\UE4Editor-CrazyTaxiProcGen-3805.exp
[2019.02.18-12.42.58:696][838]CompilerResultsLog:   [8/8] UE4Editor-CrazyTaxiProcGen-3805.dll
[2019.02.18-12.42.58:696][838]CompilerResultsLog:      Creating library A:\Projects\Unreal Engine Projects\SoloUE4\CrazyTaxiProcGen\Intermediate\Build\Win64\UE4Editor\Development\CrazyTaxiProcGen\UE4Editor-CrazyTaxiProcGen-3805.suppressed.lib and object A:\Projects\Unreal Engine Projects\SoloUE4\CrazyTaxiProcGen\Intermediate\Build\Win64\UE4Editor\Development\CrazyTaxiProcGen\UE4Editor-CrazyTaxiProcGen-3805.suppressed.exp
[2019.02.18-12.42.58:696][838]CompilerResultsLog: Total build time: 18.36 seconds (Parallel executor: 3.90 seconds)
[2019.02.18-12.42.58:696][838]LogMainFrame: MainFrame: Module compiling took 18.633 seconds
[2019.02.18-12.42.58:730][838]LogClass: Could not find existing class GenerateGrid in package /Script/CrazyTaxiProcGen for HotReload, assuming new class
[2019.02.18-12.42.58:732][838]LogContentBrowser: Native class hierarchy updated for 'CrazyTaxiProcGen' in 0.0003 seconds. Added 2 classes and 2 folders.
[2019.02.18-12.42.58:734][838]Display: HotReload successful (0 functions remapped  0 scriptstructs remapped)
[2019.02.18-12.42.58:823][838]LogContentBrowser: Native class hierarchy populated in 0.0095 seconds. Added 2575 classes and 607 folders.
[2019.02.18-12.42.58:823][838]Display: HotReload took 18.8s.
[2019.02.18-12.42.58:825][838]Warning: HotReload operation took 18.8s.
[2019.02.18-12.42.59:605][838]LogVSAccessor: Warning: Couldn't goto line number '1' in 'A:/Projects/Unreal Engine Projects/SoloUE4/CrazyTaxiProcGen/Source/CrazyTaxiProcGen/GenerateGrid.h'
[2019.02.18-12.42.59:963][838]LogSlate: Window 'Add C++ Class' being destroyed
[2019.02.18-12.42.59:966][838]LogHotReload: New module detected: UE4Editor-CrazyTaxiProcGen-3805.dll
[2019.02.18-12.42.59:996][839]LogHotReload: Starting Hot-Reload from IDE
[2019.02.18-12.43.00:054][839]LogContentBrowser: Native class hierarchy updated for 'CrazyTaxiProcGen' in 0.0003 seconds. Added 2 classes and 2 folders.
[2019.02.18-12.43.00:061][839]Display: HotReload successful (0 functions remapped  0 scriptstructs remapped)
[2019.02.18-12.43.00:092][839]LogContentBrowser: Native class hierarchy populated in 0.0091 seconds. Added 2575 classes and 607 folders.
[2019.02.18-12.43.00:106][839]Display: HotReload took  0.1s.
[2019.02.18-12.43.15:509][310]Running C:/Program Files/Epic Games/UE_4.20/Engine/Binaries/DotNET/UnrealBuildTool.exe Win64 Development -TargetType=Editor -Project="A:/Projects/Unreal Engine Projects/SoloUE4/CrazyTaxiProcGen/CrazyTaxiProcGen.uproject" -invalidatemakefilesonly
[2019.02.18-12.43.16:423][310]Invalidating makefiles only in this run.
[2019.02.18-12.43.16:568][310]Candidate modules for hot reload:
[2019.02.18-12.43.16:568][310]  CrazyTaxiProcGen
[2019.02.18-12.43.16:568][310]Launching UnrealBuildTool... [C:/Program Files/Epic Games/UE_4.20/Engine/Binaries/DotNET/UnrealBuildTool.exe  -ModuleWithSuffix=CrazyTaxiProcGen,8008 Win64 Development -TargetType=Editor -Project="A:/Projects/Unreal Engine Projects/SoloUE4/CrazyTaxiProcGen/CrazyTaxiProcGen.uproject" -canskiplink "A:/Projects/Unreal Engine Projects/SoloUE4/CrazyTaxiProcGen/CrazyTaxiProcGen.uproject" ]
[2019.02.18-12.43.39:360][310]CompilerResultsLog: New page: Compilation - 18 Feb 2019 12:43:39
[2019.02.18-12.43.39:360][310]CompilerResultsLog: Using 'git status' to determine working set for adaptive non-unity build.
[2019.02.18-12.43.39:360][310]CompilerResultsLog: Creating makefile for hot reloading CrazyTaxiProcGenEditor (no existing makefile)
[2019.02.18-12.43.39:360][310]CompilerResultsLog: Compiling game modules for hot reload
[2019.02.18-12.43.39:360][310]CompilerResultsLog: Using Visual Studio 2017 14.15.26726 toolchain (C:\Program Files (x86)\Microsoft Visual Studio\2017\Community\VC\Tools\MSVC\14.15.26726) and Windows 10.0.17134.0 SDK (C:\Program Files (x86)\Windows Kits\10).
[2019.02.18-12.43.39:360][310]CompilerResultsLog: Parsing headers for CrazyTaxiProcGenEditor
[2019.02.18-12.43.39:360][310]CompilerResultsLog:   Running UnrealHeaderTool "A:\Projects\Unreal Engine Projects\SoloUE4\CrazyTaxiProcGen\CrazyTaxiProcGen.uproject" "A:\Projects\Unreal Engine Projects\SoloUE4\CrazyTaxiProcGen\Intermediate\Build\Win64\CrazyTaxiProcGenEditor\Development\CrazyTaxiProcGenEditor.uhtmanifest" -LogCmds="loginit warning, logexit warning, logdatabase error" -Unattended -WarningsAsErrors -installed
[2019.02.18-12.43.39:360][310]CompilerResultsLog: Reflection code generated for CrazyTaxiProcGenEditor in 10.10665 seconds
[2019.02.18-12.43.39:360][310]CompilerResultsLog: Building 5 actions with 4 processes...
[2019.02.18-12.43.39:360][310]CompilerResultsLog:   [1/5] Cell.gen.cpp
[2019.02.18-12.43.39:360][310]CompilerResultsLog:   [2/5] Cell.cpp
[2019.02.18-12.43.39:360][310]CompilerResultsLog:   [3/5] CrazyTaxiProcGen.init.gen.cpp
[2019.02.18-12.43.39:360][310]CompilerResultsLog:   [4/5] UE4Editor-CrazyTaxiProcGen-8008.lib
[2019.02.18-12.43.39:360][310]CompilerResultsLog:      Creating library A:\Projects\Unreal Engine Projects\SoloUE4\CrazyTaxiProcGen\Intermediate\Build\Win64\UE4Editor\Development\CrazyTaxiProcGen\UE4Editor-CrazyTaxiProcGen-8008.lib and object A:\Projects\Unreal Engine Projects\SoloUE4\CrazyTaxiProcGen\Intermediate\Build\Win64\UE4Editor\Development\CrazyTaxiProcGen\UE4Editor-CrazyTaxiProcGen-8008.exp
[2019.02.18-12.43.39:360][310]CompilerResultsLog:   [5/5] UE4Editor-CrazyTaxiProcGen-8008.dll
[2019.02.18-12.43.39:360][310]CompilerResultsLog:      Creating library A:\Projects\Unreal Engine Projects\SoloUE4\CrazyTaxiProcGen\Intermediate\Build\Win64\UE4Editor\Development\CrazyTaxiProcGen\UE4Editor-CrazyTaxiProcGen-8008.suppressed.lib and object A:\Projects\Unreal Engine Projects\SoloUE4\CrazyTaxiProcGen\Intermediate\Build\Win64\UE4Editor\Development\CrazyTaxiProcGen\UE4Editor-CrazyTaxiProcGen-8008.suppressed.exp
[2019.02.18-12.43.39:360][310]CompilerResultsLog: Total build time: 22.39 seconds (Parallel executor: 5.82 seconds)
[2019.02.18-12.43.39:360][310]LogMainFrame: MainFrame: Module compiling took 22.807 seconds
[2019.02.18-12.43.39:413][310]LogClass: Could not find existing class Cell in package /Script/CrazyTaxiProcGen for HotReload, assuming new class
[2019.02.18-12.43.39:417][310]LogContentBrowser: Native class hierarchy updated for 'CrazyTaxiProcGen' in 0.0003 seconds. Added 3 classes and 2 folders.
[2019.02.18-12.43.39:420][310]Display: HotReload successful (0 functions remapped  0 scriptstructs remapped)
[2019.02.18-12.43.39:475][310]LogContentBrowser: Native class hierarchy populated in 0.0091 seconds. Added 2576 classes and 607 folders.
[2019.02.18-12.43.39:476][310]Display: HotReload took 22.9s.
[2019.02.18-12.43.39:477][310]Warning: HotReload operation took 22.9s.
[2019.02.18-12.43.39:719][310]LogVSAccessor: Warning: Couldn't goto line number '1' in 'A:/Projects/Unreal Engine Projects/SoloUE4/CrazyTaxiProcGen/Source/CrazyTaxiProcGen/Cell.h'
[2019.02.18-12.43.39:869][310]LogVSAccessor: Warning: Couldn't goto line number '1' in 'A:/Projects/Unreal Engine Projects/SoloUE4/CrazyTaxiProcGen/Source/CrazyTaxiProcGen/Cell.cpp'
[2019.02.18-12.43.39:891][310]LogSlate: Window 'Add C++ Class' being destroyed
[2019.02.18-12.43.39:894][310]LogHotReload: New module detected: UE4Editor-CrazyTaxiProcGen-8008.dll
[2019.02.18-12.43.39:929][311]LogHotReload: Starting Hot-Reload from IDE
[2019.02.18-12.43.39:980][311]LogContentBrowser: Native class hierarchy updated for 'CrazyTaxiProcGen' in 0.0003 seconds. Added 3 classes and 2 folders.
[2019.02.18-12.43.39:982][311]Display: HotReload successful (0 functions remapped  0 scriptstructs remapped)
[2019.02.18-12.43.40:016][311]LogContentBrowser: Native class hierarchy populated in 0.0091 seconds. Added 2576 classes and 607 folders.
[2019.02.18-12.43.40:030][311]Display: HotReload took  0.1s.
[2019.02.18-12.56.42:051][ 42]Candidate modules for hot reload:
[2019.02.18-12.56.42:051][ 42]  CrazyTaxiProcGen
[2019.02.18-12.56.42:051][ 42]Launching UnrealBuildTool... [C:/Program Files/Epic Games/UE_4.20/Engine/Binaries/DotNET/UnrealBuildTool.exe  -ModuleWithSuffix=CrazyTaxiProcGen,4386 Win64 Development -TargetType=Editor -Project="A:/Projects/Unreal Engine Projects/SoloUE4/CrazyTaxiProcGen/CrazyTaxiProcGen.uproject" -canskiplink "A:/Projects/Unreal Engine Projects/SoloUE4/CrazyTaxiProcGen/CrazyTaxiProcGen.uproject" ]
[2019.02.18-12.56.42:057][ 42]Warning: Starting HotReload took  0.0s.
[2019.02.18-12.56.56:762][790]CompilerResultsLog: New page: Compilation - 18 Feb 2019 12:56:56
[2019.02.18-12.56.56:763][790]CompilerResultsLog: Using 'git status' to determine working set for adaptive non-unity build.
[2019.02.18-12.56.56:763][790]CompilerResultsLog: Compiling game modules for hot reload
[2019.02.18-12.56.56:763][790]CompilerResultsLog: Parsing headers for CrazyTaxiProcGenEditor
[2019.02.18-12.56.56:763][790]CompilerResultsLog:   Running UnrealHeaderTool "A:\Projects\Unreal Engine Projects\SoloUE4\CrazyTaxiProcGen\CrazyTaxiProcGen.uproject" "A:\Projects\Unreal Engine Projects\SoloUE4\CrazyTaxiProcGen\Intermediate\Build\Win64\CrazyTaxiProcGenEditor\Development\CrazyTaxiProcGenEditor.uhtmanifest" -LogCmds="loginit warning, logexit warning, logdatabase error" -Unattended -WarningsAsErrors -installed
[2019.02.18-12.56.56:763][790]CompilerResultsLog: Reflection code generated for CrazyTaxiProcGenEditor in 11.1235113 seconds
[2019.02.18-12.56.56:763][790]CompilerResultsLog: Building 6 actions with 4 processes...
[2019.02.18-12.56.56:763][790]CompilerResultsLog:   [1/6] GenerateGrid.gen.cpp
[2019.02.18-12.56.56:763][790]CompilerResultsLog:    A:\Projects\Unreal Engine Projects\SoloUE4\CrazyTaxiProcGen\Source\CrazyTaxiProcGen/GenerateGrid.h(19) : error C2065: 'ACell': undeclared identifier
[2019.02.18-12.56.56:763][790]CompilerResultsLog:    A:\Projects\Unreal Engine Projects\SoloUE4\CrazyTaxiProcGen\Source\CrazyTaxiProcGen/GenerateGrid.h(19) : error C2059: syntax error: '>'
[2019.02.18-12.56.56:763][790]CompilerResultsLog:    A:\Projects\Unreal Engine Projects\SoloUE4\CrazyTaxiProcGen\Source\CrazyTaxiProcGen/GenerateGrid.h(19) : error C2976: 'TArray': too few template arguments
[2019.02.18-12.56.56:763][790]CompilerResultsLog:   C:\Program Files\Epic Games\UE_4.20\Engine\Source\Runtime\Core\Public\Containers/Array.h(278): note: see declaration of 'TArray'
[2019.02.18-12.56.56:763][790]CompilerResultsLog:    A:\Projects\Unreal Engine Projects\SoloUE4\CrazyTaxiProcGen\Intermediate\Build\Win64\UE4Editor\Inc\CrazyTaxiProcGen\GenerateGrid.gen.cpp(72) : error C2512: 'TArray': no appropriate default constructor available
[2019.02.18-12.56.56:763][790]CompilerResultsLog:   C:\Program Files\Epic Games\UE_4.20\Engine\Source\Runtime\Core\Public\Containers/Array.h(278): note: see declaration of 'TArray'
[2019.02.18-12.56.56:763][790]CompilerResultsLog:   [2/6] GenerateGrid.cpp
[2019.02.18-12.56.56:763][790]CompilerResultsLog:    a:\projects\unreal engine projects\soloue4\crazytaxiprocgen\source\crazytaxiprocgen\GenerateGrid.h(19) : error C2065: 'ACell': undeclared identifier
[2019.02.18-12.56.56:763][790]CompilerResultsLog:    a:\projects\unreal engine projects\soloue4\crazytaxiprocgen\source\crazytaxiprocgen\GenerateGrid.h(19) : error C2059: syntax error: '>'
[2019.02.18-12.56.56:763][790]CompilerResultsLog:    a:\projects\unreal engine projects\soloue4\crazytaxiprocgen\source\crazytaxiprocgen\GenerateGrid.h(19) : error C2976: 'TArray': too few template arguments
[2019.02.18-12.56.56:763][790]CompilerResultsLog:   C:\Program Files\Epic Games\UE_4.20\Engine\Source\Runtime\Core\Public\Containers/Array.h(278): note: see declaration of 'TArray'
[2019.02.18-12.56.56:763][790]CompilerResultsLog:    A:\Projects\Unreal Engine Projects\SoloUE4\CrazyTaxiProcGen\Source\CrazyTaxiProcGen\GenerateGrid.cpp(7) : error C2512: 'TArray': no appropriate default constructor available
[2019.02.18-12.56.56:763][790]CompilerResultsLog:   C:\Program Files\Epic Games\UE_4.20\Engine\Source\Runtime\Core\Public\Containers/Array.h(278): note: see declaration of 'TArray'
[2019.02.18-12.56.56:763][790]CompilerResultsLog:    A:\Projects\Unreal Engine Projects\SoloUE4\CrazyTaxiProcGen\Source\CrazyTaxiProcGen\GenerateGrid.cpp(28) : error C2678: binary '[': no operator found which takes a left-hand operand of type 'TArray' (or there is no acceptable conversion)
[2019.02.18-12.56.56:763][790]CompilerResultsLog:   C:\Program Files\Epic Games\UE_4.20\Engine\Source\Runtime\Core\Public\Containers/Array.h(666): note: could be 'const InElementType &TArray<InElementType,InAllocator>::operator [](int32) const'
[2019.02.18-12.56.56:763][790]CompilerResultsLog:   C:\Program Files\Epic Games\UE_4.20\Engine\Source\Runtime\Core\Public\Containers/Array.h(653): note: or       'InElementType &TArray<InElementType,InAllocator>::operator [](int32)'
[2019.02.18-12.56.56:763][790]CompilerResultsLog:   A:\Projects\Unreal Engine Projects\SoloUE4\CrazyTaxiProcGen\Source\CrazyTaxiProcGen\GenerateGrid.cpp(28): note: while trying to match the argument list '(TArray, int)'
[2019.02.18-12.56.56:763][790]CompilerResultsLog:   [3/6] Cell.cpp
[2019.02.18-12.56.56:763][790]CompilerResultsLog:   [4/6] Cell.gen.cpp
[2019.02.18-12.56.56:763][790]CompilerResultsLog: ERROR: UBT ERROR: Failed to produce item: A:\Projects\Unreal Engine Projects\SoloUE4\CrazyTaxiProcGen\Binaries\Win64\UE4Editor-CrazyTaxiProcGen-4386.dll
[2019.02.18-12.56.56:763][790]CompilerResultsLog:        (see ../Programs/UnrealBuildTool/Log.txt for full exception trace)
[2019.02.18-12.56.56:763][790]CompilerResultsLog: Total build time: 14.41 seconds (Parallel executor: 0.00 seconds)
[2019.02.18-12.56.56:763][790]LogMainFrame: MainFrame: Module compiling took 14.732 seconds
[2019.02.18-12.56.56:763][790]Warning: HotReload failed, recompile failed
[2019.02.18-12.57.05:653][852]Cmd: OBJ SAVEPACKAGE PACKAGE="/Game/MyContent/Maps/Main" FILE="A:/Projects/Unreal Engine Projects/SoloUE4/CrazyTaxiProcGen/Content/MyContent/Maps/Main.umap" SILENT=true AUTOSAVING=false KEEPDIRTY=false
[2019.02.18-12.57.05:701][852]LogSavePackage: Moving 'A:/Projects/Unreal Engine Projects/SoloUE4/CrazyTaxiProcGen/Saved/Main13AC18E9429FB580561FBC8CD38A52D7.tmp' to 'A:/Projects/Unreal Engine Projects/SoloUE4/CrazyTaxiProcGen/Content/MyContent/Maps/Main.umap'
[2019.02.18-12.57.06:554][949]Cmd: OBJ SAVEPACKAGE PACKAGE="/Game/MyContent/Maps/Main" FILE="A:/Projects/Unreal Engine Projects/SoloUE4/CrazyTaxiProcGen/Content/MyContent/Maps/Main.umap" SILENT=true AUTOSAVING=false KEEPDIRTY=false
[2019.02.18-12.57.06:598][949]LogSavePackage: Moving 'A:/Projects/Unreal Engine Projects/SoloUE4/CrazyTaxiProcGen/Saved/Main40557BED4AA2ADF7F4B80AB8816F970E.tmp' to 'A:/Projects/Unreal Engine Projects/SoloUE4/CrazyTaxiProcGen/Content/MyContent/Maps/Main.umap'
[2019.02.18-12.57.47:313][509]LogSlate: Window 'CrazyTaxiProcGen - Unreal Editor' being destroyed
[2019.02.18-12.57.47:314][509]LogWindowsTextInputMethodSystem: Display: IME system now deactivated.
[2019.02.18-12.57.47:522][510]Cmd: QUIT_EDITOR
[2019.02.18-12.57.47:558][510]LogExit: Preparing to exit.
[2019.02.18-12.57.48:548][510]LogExit: Editor shut down
[2019.02.18-12.57.48:550][510]LogExit: Transaction tracking system shut down
[2019.02.18-12.57.48:819][510]LogExit: Object subsystem successfully closed.
[2019.02.18-12.57.48:839][510]LogShaderCompilers: Display: Shaders left to compile 0
[2019.02.18-12.57.48:842][510]LogD3D11RHI: Shutdown
[2019.02.18-12.57.48:842][510]LogD3D11RHI: CleanupD3DDevice
[2019.02.18-12.57.48:843][510]LogD3D11RHI: ~FD3D11DynamicRHI
[2019.02.18-12.57.48:861][510]LogModuleManager: Shutting down and abandoning module CrazyTaxiProcGen (618)
[2019.02.18-12.57.48:862][510]LogModuleManager: Shutting down and abandoning module HierarchicalLODOutliner (614)
[2019.02.18-12.57.48:862][510]LogModuleManager: Shutting down and abandoning module ExternalImagePicker (612)
[2019.02.18-12.57.48:862][510]LogModuleManager: Shutting down and abandoning module AddContentDialog (610)
[2019.02.18-12.57.48:862][510]LogModuleManager: Shutting down and abandoning module WidgetCarousel (609)
[2019.02.18-12.57.48:862][510]LogModuleManager: Shutting down and abandoning module EditorWidgets (606)
[2019.02.18-12.57.48:862][510]LogModuleManager: Shutting down and abandoning module CollectionManager (604)
[2019.02.18-12.57.48:862][510]LogModuleManager: Shutting down and abandoning module SceneOutliner (602)
[2019.02.18-12.57.48:862][510]LogModuleManager: Shutting down and abandoning module StatsViewer (600)
[2019.02.18-12.57.48:862][510]LogModuleManager: Shutting down and abandoning module FoliageEdit (598)
[2019.02.18-12.57.48:862][510]LogModuleManager: Shutting down and abandoning module LandscapeEditor (596)
[2019.02.18-12.57.48:862][510]LogModuleManager: Shutting down and abandoning module MeshPaintMode (594)
[2019.02.18-12.57.48:862][510]LogModuleManager: Shutting down and abandoning module SceneDepthPickerMode (592)
[2019.02.18-12.57.48:862][510]LogModuleManager: Shutting down and abandoning module ActorPickerMode (590)
[2019.02.18-12.57.48:862][510]LogModuleManager: Shutting down and abandoning module GeometryMode (588)
[2019.02.18-12.57.48:862][510]LogModuleManager: Shutting down and abandoning module TextureAlignMode (586)
[2019.02.18-12.57.48:862][510]LogModuleManager: Shutting down and abandoning module BspMode (584)
[2019.02.18-12.57.48:862][510]LogModuleManager: Shutting down and abandoning module PIEPreviewDeviceProfileSelector (582)
[2019.02.18-12.57.48:862][510]LogModuleManager: Shutting down and abandoning module SequenceRecorderSections (580)
[2019.02.18-12.57.48:862][510]LogModuleManager: Shutting down and abandoning module AutomationWorker (578)
[2019.02.18-12.57.48:863][510]LogModuleManager: Shutting down and abandoning module AudioCaptureEditor (576)
[2019.02.18-12.57.48:863][510]LogModuleManager: Shutting down and abandoning module SequenceRecorder (575)
[2019.02.18-12.57.48:863][510]LogModuleManager: Shutting down and abandoning module MatineeToLevelSequence (572)
[2019.02.18-12.57.48:863][510]LogModuleManager: Shutting down and abandoning module LevelSequenceEditor (570)
[2019.02.18-12.57.48:863][510]LogModuleManager: Shutting down and abandoning module PlacementMode (569)
[2019.02.18-12.57.48:863][510]LogModuleManager: Shutting down and abandoning module MaterialEditor (568)
[2019.02.18-12.57.48:863][510]LogModuleManager: Shutting down and abandoning module WmfMediaFactory (564)
[2019.02.18-12.57.48:863][510]LogModuleManager: Shutting down and abandoning module WmfMediaEditor (562)
[2019.02.18-12.57.48:863][510]LogModuleManager: Shutting down and abandoning module MediaPlayerEditor (560)
[2019.02.18-12.57.48:863][510]LogModuleManager: Shutting down and abandoning module OpenExrWrapper (558)
[2019.02.18-12.57.48:863][510]LogModuleManager: Shutting down and abandoning module ImgMediaFactory (556)
[2019.02.18-12.57.48:863][510]LogModuleManager: Shutting down and abandoning module ImgMediaEditor (554)
[2019.02.18-12.57.48:863][510]LogModuleManager: Shutting down and abandoning module AvfMediaFactory (552)
[2019.02.18-12.57.48:863][510]LogModuleManager: Shutting down and abandoning module AvfMediaEditor (550)
[2019.02.18-12.57.48:863][510]LogModuleManager: Shutting down and abandoning module AndroidMediaFactory (548)
[2019.02.18-12.57.48:863][510]LogModuleManager: Shutting down and abandoning module AndroidMediaEditor (546)
[2019.02.18-12.57.48:863][510]LogModuleManager: Shutting down and abandoning module MagicLeapCameraPreviewFactory (544)
[2019.02.18-12.57.48:863][510]LogModuleManager: Shutting down and abandoning module MagicLeapMediaFactory (542)
[2019.02.18-12.57.48:863][510]LogModuleManager: Shutting down and abandoning module MagicLeapMediaEditor (540)
[2019.02.18-12.57.48:863][510]LogModuleManager: Shutting down and abandoning module CharacterAI (538)
[2019.02.18-12.57.48:863][510]LogModuleManager: Shutting down and abandoning module SmartSnapping (536)
[2019.02.18-12.57.48:863][510]LogModuleManager: Shutting down and abandoning module SessionServices (534)
[2019.02.18-12.57.48:863][510]LogModuleManager: Shutting down and abandoning module ViewportSnapping (532)
[2019.02.18-12.57.48:863][510]LogModuleManager: Shutting down and abandoning module ViewportInteraction (530)
[2019.02.18-12.57.48:863][510]LogModuleManager: Shutting down and abandoning module ClothPainter (528)
[2019.02.18-12.57.48:863][510]LogModuleManager: Shutting down and abandoning module SkeletalMeshEditor (527)
[2019.02.18-12.57.48:864][510]LogModuleManager: Shutting down and abandoning module LogVisualizer (524)
[2019.02.18-12.57.48:864][510]LogModuleManager: Shutting down and abandoning module IntroTutorials (522)
[2019.02.18-12.57.48:864][510]LogModuleManager: Shutting down and abandoning module GameProjectGeneration (521)
[2019.02.18-12.57.48:864][510]LogModuleManager: Shutting down and abandoning module LuminPlatformEditor (518)
[2019.02.18-12.57.48:864][510]LogModuleManager: Shutting down and abandoning module IOSPlatformEditor (516)
[2019.02.18-12.57.48:864][510]LogModuleManager: Shutting down and abandoning module HTML5PlatformEditor (514)
[2019.02.18-12.57.48:864][510]LogModuleManager: Shutting down and abandoning module AndroidPlatformEditor (512)
[2019.02.18-12.57.48:864][510]LogModuleManager: Shutting down and abandoning module AndroidDeviceDetection (511)
[2019.02.18-12.57.49:431][510]LogModuleManager: Shutting down and abandoning module WindowsPlatformEditor (508)
[2019.02.18-12.57.49:431][510]LogModuleManager: Shutting down and abandoning module LuminRuntimeSettings (506)
[2019.02.18-12.57.49:431][510]LogModuleManager: Shutting down and abandoning module IOSRuntimeSettings (504)
[2019.02.18-12.57.49:431][510]LogModuleManager: Shutting down and abandoning module AndroidRuntimeSettings (502)
[2019.02.18-12.57.49:431][510]LogModuleManager: Shutting down and abandoning module InputBindingEditor (500)
[2019.02.18-12.57.49:431][510]LogModuleManager: Shutting down and abandoning module MergeActors (498)
[2019.02.18-12.57.49:431][510]LogModuleManager: Shutting down and abandoning module LocalizationDashboard (496)
[2019.02.18-12.57.49:431][510]LogModuleManager: Shutting down and abandoning module LocalizationService (495)
[2019.02.18-12.57.49:431][510]LogModuleManager: Shutting down and abandoning module HardwareTargeting (492)
[2019.02.18-12.57.49:431][510]LogModuleManager: Shutting down and abandoning module DeviceProfileEditor (490)
[2019.02.18-12.57.49:431][510]LogModuleManager: Shutting down and abandoning module UndoHistory (488)
[2019.02.18-12.57.49:431][510]LogModuleManager: Shutting down and abandoning module XmlParser (486)
[2019.02.18-12.57.49:431][510]LogModuleManager: Shutting down and abandoning module Blutility (484)
[2019.02.18-12.57.49:431][510]LogModuleManager: Shutting down and abandoning module ProjectSettingsViewer (482)
[2019.02.18-12.57.49:432][510]LogModuleManager: Shutting down and abandoning module ProjectTargetPlatformEditor (481)
[2019.02.18-12.57.49:432][510]LogModuleManager: Shutting down and abandoning module EditorSettingsViewer (478)
[2019.02.18-12.57.49:432][510]LogModuleManager: Shutting down and abandoning module SettingsEditor (476)
[2019.02.18-12.57.49:432][510]LogModuleManager: Shutting down and abandoning module ProjectLauncher (474)
[2019.02.18-12.57.49:432][510]LogModuleManager: Shutting down and abandoning module SessionFrontend (472)
[2019.02.18-12.57.49:432][510]LogModuleManager: Shutting down and abandoning module ProfilerClient (470)
[2019.02.18-12.57.49:432][510]LogModuleManager: Shutting down and abandoning module DeviceManager (468)
[2019.02.18-12.57.49:432][510]LogModuleManager: Shutting down and abandoning module TargetDeviceServices (467)
[2019.02.18-12.57.49:487][510]LogModuleManager: Shutting down and abandoning module AutomationController (464)
[2019.02.18-12.57.49:487][510]LogModuleManager: Shutting down and abandoning module AutomationWindow (462)
[2019.02.18-12.57.49:487][510]LogModuleManager: Shutting down and abandoning module Layers (460)
[2019.02.18-12.57.49:487][510]LogModuleManager: Shutting down and abandoning module ComponentVisualizers (458)
[2019.02.18-12.57.49:487][510]LogModuleManager: Shutting down and abandoning module DetailCustomizations (456)
[2019.02.18-12.57.49:487][510]LogModuleManager: Shutting down and abandoning module PackagesDialog (454)
[2019.02.18-12.57.49:487][510]LogModuleManager: Shutting down and abandoning module Persona (452)
[2019.02.18-12.57.49:487][510]LogModuleManager: Shutting down and abandoning module AdvancedPreviewScene (451)
[2019.02.18-12.57.49:487][510]LogModuleManager: Shutting down and abandoning module AnimGraph (449)
[2019.02.18-12.57.49:487][510]LogModuleManager: Shutting down and abandoning module Kismet (446)
[2019.02.18-12.57.49:487][510]LogModuleManager: Shutting down and abandoning module GraphEditor (444)
[2019.02.18-12.57.49:487][510]LogModuleManager: Shutting down and abandoning module ClassViewer (442)
[2019.02.18-12.57.49:489][510]LogModuleManager: Shutting down and abandoning module Toolbox (440)
[2019.02.18-12.57.49:489][510]LogModuleManager: Shutting down and abandoning module DesktopPlatform (439)
[2019.02.18-12.57.49:489][510]LogModuleManager: Shutting down and abandoning module ModuleUI (436)
[2019.02.18-12.57.49:489][510]LogModuleManager: Shutting down and abandoning module MovieSceneTools (434)
[2019.02.18-12.57.49:489][510]LogModuleManager: Shutting down and abandoning module OutputLog (432)
[2019.02.18-12.57.49:489][510]LogModuleManager: Shutting down and abandoning module GammaUI (430)
[2019.02.18-12.57.49:489][510]LogModuleManager: Shutting down and abandoning module Documentation (428)
[2019.02.18-12.57.49:489][510]LogModuleManager: Shutting down and abandoning module MovieSceneTracks (426)
[2019.02.18-12.57.49:489][510]LogModuleManager: Shutting down and abandoning module MovieScene (424)
[2019.02.18-12.57.49:489][510]LogModuleManager: Shutting down and abandoning module StreamingPauseRendering (422)
[2019.02.18-12.57.49:489][510]LogModuleManager: Shutting down and abandoning module LauncherPlatform (420)
[2019.02.18-12.57.49:489][510]LogModuleManager: Shutting down and abandoning module AnalyticsET (418)
[2019.02.18-12.57.49:489][510]LogModuleManager: Shutting down and abandoning module PortalServices (416)
[2019.02.18-12.57.49:489][510]LogModuleManager: Shutting down and abandoning module PortalRpc (414)
[2019.02.18-12.57.49:489][510]LogModuleManager: Shutting down and abandoning module MessagingRpc (412)
[2019.02.18-12.57.49:489][510]LogModuleManager: Shutting down and abandoning module AIModule (410)
[2019.02.18-12.57.49:489][510]LogModuleManager: Shutting down and abandoning module GameplayDebugger (409)
[2019.02.18-12.57.49:489][510]LogModuleManager: Shutting down and abandoning module AITestSuite (407)
[2019.02.18-12.57.49:490][510]LogModuleManager: Shutting down and abandoning module NavigationSystem (405)
[2019.02.18-12.57.49:490][510]LogModuleManager: Shutting down and abandoning module ProfilerService (402)
[2019.02.18-12.57.49:637][510]LogModuleManager: Shutting down and abandoning module TaskGraph (400)
[2019.02.18-12.57.49:637][510]LogModuleManager: Shutting down and abandoning module SteamVRController (398)
[2019.02.18-12.57.49:637][510]LogModuleManager: Shutting down and abandoning module ProceduralMeshComponentEditor (396)
[2019.02.18-12.57.49:637][510]LogModuleManager: Shutting down and abandoning module ProceduralMeshComponent (394)
[2019.02.18-12.57.49:637][510]LogModuleManager: Shutting down and abandoning module OculusInput (392)
[2019.02.18-12.57.49:637][510]LogModuleManager: Shutting down and abandoning module MobilePatchingUtils (390)
[2019.02.18-12.57.49:637][510]LogModuleManager: Shutting down and abandoning module EditableMesh (388)
[2019.02.18-12.57.49:637][510]LogModuleManager: Shutting down and abandoning module CustomMeshComponent (386)
[2019.02.18-12.57.49:637][510]LogModuleManager: Shutting down and abandoning module CableComponent (384)
[2019.02.18-12.57.49:637][510]LogModuleManager: Shutting down and abandoning module AudioCapture (382)
[2019.02.18-12.57.49:637][510]LogModuleManager: Shutting down and abandoning module ArchVisCharacter (380)
[2019.02.18-12.57.49:637][510]LogModuleManager: Shutting down and abandoning module AndroidPermission (378)
[2019.02.18-12.57.49:637][510]LogModuleManager: Shutting down and abandoning module NUTUnrealEngine4 (376)
[2019.02.18-12.57.49:637][510]LogModuleManager: Shutting down and abandoning module NetcodeUnitTest (374)
[2019.02.18-12.57.49:637][510]LogModuleManager: Shutting down and abandoning module MediaCompositingEditor (372)
[2019.02.18-12.57.49:637][510]LogModuleManager: Shutting down and abandoning module MediaCompositing (370)
[2019.02.18-12.57.49:637][510]LogModuleManager: Shutting down and abandoning module LinearTimecode (368)
[2019.02.18-12.57.49:638][510]LogModuleManager: Shutting down and abandoning module ImgMedia (366)
[2019.02.18-12.57.49:640][510]LogModuleManager: Shutting down and abandoning module HTML5Networking (364)
[2019.02.18-12.57.49:640][510]LogModuleManager: Shutting down and abandoning module GeometryCacheTracks (362)
[2019.02.18-12.57.49:640][510]LogModuleManager: Shutting down and abandoning module GeometryCacheSequencer (360)
[2019.02.18-12.57.49:640][510]LogModuleManager: Shutting down and abandoning module BackChannel (358)
[2019.02.18-12.57.49:640][510]LogModuleManager: Shutting down and abandoning module AppleVision (356)
[2019.02.18-12.57.49:640][510]LogModuleManager: Shutting down and abandoning module AppleImageUtils (354)
[2019.02.18-12.57.49:640][510]LogModuleManager: Shutting down and abandoning module AlembicImporter (352)
[2019.02.18-12.57.49:640][510]LogModuleManager: Shutting down and abandoning module AlembicLibrary (351)
[2019.02.18-12.57.49:640][510]LogModuleManager: Shutting down and abandoning module GeometryCache (350)
[2019.02.18-12.57.49:640][510]LogModuleManager: Shutting down and abandoning module GeometryCacheEd (349)
[2019.02.18-12.57.49:640][510]LogModuleManager: Shutting down and abandoning module DatasmithContentEditor (344)
[2019.02.18-12.57.49:640][510]LogModuleManager: Shutting down and abandoning module DatasmithContent (342)
[2019.02.18-12.57.49:642][510]LogModuleManager: Shutting down and abandoning module SpeedTreeImporter (340)
[2019.02.18-12.57.49:642][510]LogModuleManager: Shutting down and abandoning module PluginBrowser (338)
[2019.02.18-12.57.49:642][510]LogModuleManager: Shutting down and abandoning module MobileLauncherProfileWizard (336)
[2019.02.18-12.57.49:642][510]LogModuleManager: Shutting down and abandoning module PolygonModeling (334)
[2019.02.18-12.57.49:642][510]LogModuleManager: Shutting down and abandoning module MeshEditor (332)
[2019.02.18-12.57.49:642][510]LogModuleManager: Shutting down and abandoning module CryptoKeysOpenSSL (330)
[2019.02.18-12.57.49:642][510]LogModuleManager: Shutting down and abandoning module CryptoKeys (328)
[2019.02.18-12.57.49:642][510]LogModuleManager: Shutting down and abandoning module VisualStudioSourceCodeAccess (326)
[2019.02.18-12.57.49:642][510]LogModuleManager: Shutting down and abandoning module VisualStudioCodeSourceCodeAccess (324)
[2019.02.18-12.57.49:642][510]LogModuleManager: Shutting down and abandoning module UObjectPlugin (322)
[2019.02.18-12.57.49:642][510]LogModuleManager: Shutting down and abandoning module SubversionSourceControl (320)
[2019.02.18-12.57.49:642][510]LogModuleManager: Shutting down and abandoning module PerforceSourceControl (318)
[2019.02.18-12.57.49:642][510]LogModuleManager: Shutting down and abandoning module GitSourceControl (316)
[2019.02.18-12.57.49:642][510]LogModuleManager: Shutting down and abandoning module SourceControl (315)
[2019.02.18-12.57.49:642][510]LogModuleManager: Shutting down and abandoning module CLionSourceCodeAccess (312)
[2019.02.18-12.57.49:642][510]LogModuleManager: Shutting down and abandoning module LightPropagationVolumeEditor (310)
[2019.02.18-12.57.49:642][510]LogModuleManager: Shutting down and abandoning module PaperTiledImporter (308)
[2019.02.18-12.57.49:642][510]LogModuleManager: Shutting down and abandoning module PaperSpriteSheetImporter (306)
[2019.02.18-12.57.49:642][510]LogModuleManager: Shutting down and abandoning module Paper2DEditor (304)
[2019.02.18-12.57.49:642][510]LogModuleManager: Shutting down and abandoning module MeshPaint (303)
[2019.02.18-12.57.49:642][510]LogModuleManager: Shutting down and abandoning module RuntimePhysXCooking (298)
[2019.02.18-12.57.49:642][510]LogModuleManager: Shutting down and abandoning module PhysXVehiclesEditor (296)
[2019.02.18-12.57.49:642][510]LogModuleManager: Shutting down and abandoning module PhysXVehicles (294)
[2019.02.18-12.57.49:642][510]LogModuleManager: Shutting down and abandoning module OculusEditor (292)
[2019.02.18-12.57.49:642][510]LogModuleManager: Shutting down and abandoning module LocationServicesBPLibrary (290)
[2019.02.18-12.57.49:642][510]LogModuleManager: Shutting down and abandoning module ImmediatePhysicsEditor (288)
[2019.02.18-12.57.49:642][510]LogModuleManager: Shutting down and abandoning module ImmediatePhysics (286)
[2019.02.18-12.57.49:642][510]LogModuleManager: Shutting down and abandoning module ActorSequence (284)
[2019.02.18-12.57.49:642][510]LogModuleManager: Shutting down and abandoning module UdpMessaging (282)
[2019.02.18-12.57.49:743][510]LogModuleManager: Shutting down and abandoning module TcpMessaging (280)
[2019.02.18-12.57.49:844][510]LogModuleManager: Shutting down and abandoning module MagicLeapAudio (278)
[2019.02.18-12.57.49:844][510]LogModuleManager: Shutting down and abandoning module GameplayTagsEditor (276)
[2019.02.18-12.57.49:844][510]LogModuleManager: Shutting down and abandoning module FacialAnimationEditor (274)
[2019.02.18-12.57.49:844][510]LogModuleManager: Shutting down and abandoning module FacialAnimation (272)
[2019.02.18-12.57.49:844][510]LogModuleManager: Shutting down and abandoning module DataValidation (270)
[2019.02.18-12.57.49:844][510]LogModuleManager: Shutting down and abandoning module AssetManagerEditor (268)
[2019.02.18-12.57.49:844][510]LogModuleManager: Shutting down and abandoning module LevelEditor (267)
[2019.02.18-12.57.49:844][510]LogModuleManager: Shutting down and abandoning module PixelInspectorModule (266)
[2019.02.18-12.57.49:844][510]LogModuleManager: Shutting down and abandoning module CommonMenuExtensions (264)
[2019.02.18-12.57.49:845][510]LogModuleManager: Shutting down and abandoning module MainFrame (262)
[2019.02.18-12.57.49:845][510]LogModuleManager: Shutting down and abandoning module HotReload (261)
[2019.02.18-12.57.49:846][510]LogModuleManager: Shutting down and abandoning module ContentBrowser (257)
[2019.02.18-12.57.49:847][510]LogModuleManager: Shutting down and abandoning module TreeMap (255)
[2019.02.18-12.57.49:848][510]LogModuleManager: Shutting down and abandoning module LightPropagationVolumeRuntime (252)
[2019.02.18-12.57.49:848][510]LogModuleManager: Shutting down and abandoning module AISupportModule (250)
[2019.02.18-12.57.49:848][510]LogModuleManager: Shutting down and abandoning module Paper2D (248)
[2019.02.18-12.57.49:848][510]LogModuleManager: Shutting down and abandoning module WindowsMoviePlayer (246)
[2019.02.18-12.57.49:848][510]LogModuleManager: Shutting down and abandoning module WmfMedia (244)
[2019.02.18-12.57.49:849][510]LogModuleManager: Shutting down and abandoning module Media (243)
[2019.02.18-12.57.49:855][510]LogModuleManager: Shutting down and abandoning module PacketHandler (240)
[2019.02.18-12.57.49:855][510]LogModuleManager: Shutting down and abandoning module ClothingSystemEditor (238)
[2019.02.18-12.57.49:855][510]LogModuleManager: Shutting down and abandoning module ClothingSystemRuntime (236)
[2019.02.18-12.57.49:855][510]LogModuleManager: Shutting down and abandoning module MediaAssets (234)
[2019.02.18-12.57.49:855][510]LogModuleManager: Shutting down and abandoning module Overlay (232)
[2019.02.18-12.57.49:855][510]LogModuleManager: Shutting down and abandoning module OverlayEditor (231)
[2019.02.18-12.57.49:855][510]LogModuleManager: Shutting down and abandoning module VREditor (228)
[2019.02.18-12.57.49:855][510]LogModuleManager: Shutting down and abandoning module StringTableEditor (226)
[2019.02.18-12.57.49:855][510]LogModuleManager: Shutting down and abandoning module GameplayTasksEditor (224)
[2019.02.18-12.57.49:856][510]LogModuleManager: Shutting down and abandoning module BehaviorTreeEditor (222)
[2019.02.18-12.57.49:856][510]LogModuleManager: Shutting down and abandoning module FunctionalTesting (220)
[2019.02.18-12.57.49:856][510]LogModuleManager: Shutting down and abandoning module CollisionAnalyzer (218)
[2019.02.18-12.57.49:856][510]LogModuleManager: Shutting down and abandoning module WorkspaceMenuStructure (217)
[2019.02.18-12.57.49:856][510]LogModuleManager: Shutting down and abandoning module UMG (214)
[2019.02.18-12.57.49:856][510]LogModuleManager: Shutting down and abandoning module UMGEditor (213)
[2019.02.18-12.57.49:856][510]LogModuleManager: Shutting down and abandoning module Sequencer (212)
[2019.02.18-12.57.49:856][510]LogModuleManager: Shutting down and abandoning module MessageLog (209)
[2019.02.18-12.57.49:856][510]LogModuleManager: Shutting down and abandoning module SlateReflector (204)
[2019.02.18-12.57.49:856][510]LogModuleManager: Shutting down and abandoning module Slate (202)
[2019.02.18-12.57.49:856][510]LogModuleManager: Shutting down and abandoning module EditorStyle (200)
[2019.02.18-12.57.49:857][510]LogModuleManager: Shutting down and abandoning module MRMesh (198)
[2019.02.18-12.57.49:857][510]LogModuleManager: Shutting down and abandoning module SourceCodeAccess (196)
[2019.02.18-12.57.49:857][510]LogModuleManager: Shutting down and abandoning module HeadMountedDisplay (194)
[2019.02.18-12.57.49:857][510]LogModuleManager: Shutting down and abandoning module XAudio2 (192)
[2019.02.18-12.57.49:857][510]LogModuleManager: Shutting down and abandoning module Networking (190)
[2019.02.18-12.57.49:857][510]LogModuleManager: Shutting down and abandoning module Core (188)
[2019.02.18-12.57.49:857][510]LogModuleManager: Shutting down and abandoning module LevelSequence (186)
[2019.02.18-12.57.49:857][510]LogModuleManager: Shutting down and abandoning module KismetCompiler (184)
[2019.02.18-12.57.49:857][510]LogModuleManager: Shutting down and abandoning module MeshUtilities (182)
[2019.02.18-12.57.49:857][510]LogModuleManager: Shutting down and abandoning module MeshMergeUtilities (181)
[2019.02.18-12.57.49:858][510]LogModuleManager: Shutting down and abandoning module MeshReductionInterface (180)
[2019.02.18-12.57.49:858][510]LogModuleManager: Shutting down and abandoning module SimplygonSwarm (179)
[2019.02.18-12.57.49:858][510]LogModuleManager: Shutting down and abandoning module ProxyLODMeshReduction (177)
[2019.02.18-12.57.49:858][510]LogModuleManager: Shutting down and abandoning module SimplygonMeshReduction (175)
[2019.02.18-12.57.49:858][510]LogModuleManager: Shutting down and abandoning module QuadricMeshReduction (173)
[2019.02.18-12.57.49:858][510]LogModuleManager: Shutting down and abandoning module MaterialBaking (169)
[2019.02.18-12.57.49:858][510]LogModuleManager: Shutting down and abandoning module DirectoryWatcher (165)
[2019.02.18-12.57.49:858][510]LogModuleManager: Shutting down and abandoning module DerivedDataCache (162)
[2019.02.18-12.57.49:871][510]LogDerivedDataCache: Shutdown
[2019.02.18-12.57.49:871][510]LogModuleManager: Shutting down and abandoning module XGEController (160)
[2019.02.18-12.57.49:871][510]LogXGEController: Cleaning working directory: C:/Users/Thomas Simon/AppData/Local/Temp/UnrealXGEWorkingDir/
[2019.02.18-12.57.49:871][510]LogModuleManager: Shutting down and abandoning module TargetPlatform (158)
[2019.02.18-12.57.49:871][510]LogModuleManager: Shutting down and abandoning module VulkanShaderFormat (157)
[2019.02.18-12.57.49:871][510]LogModuleManager: Shutting down and abandoning module ShaderFormatVectorVM (155)
[2019.02.18-12.57.49:872][510]LogModuleManager: Shutting down and abandoning module ShaderFormatOpenGL (153)
[2019.02.18-12.57.49:872][510]LogModuleManager: Shutting down and abandoning module ShaderFormatD3D (151)
[2019.02.18-12.57.49:872][510]LogModuleManager: Shutting down and abandoning module MetalShaderFormat (149)
[2019.02.18-12.57.49:872][510]LogModuleManager: Shutting down and abandoning module TextureFormatUncompressed (147)
[2019.02.18-12.57.49:872][510]LogModuleManager: Shutting down and abandoning module TextureFormatPVR (145)
[2019.02.18-12.57.49:872][510]LogModuleManager: Shutting down and abandoning module TextureFormatDXT (143)
[2019.02.18-12.57.49:872][510]LogModuleManager: Shutting down and abandoning module TextureFormatIntelISPCTexComp (141)
[2019.02.18-12.57.49:872][510]LogModuleManager: Shutting down and abandoning module TextureFormatASTC (139)
[2019.02.18-12.57.49:872][510]LogModuleManager: Shutting down and abandoning module ImageWrapper (138)
[2019.02.18-12.57.49:872][510]LogModuleManager: Shutting down and abandoning module TextureFormatAndroid (135)
[2019.02.18-12.57.49:872][510]LogModuleManager: Shutting down and abandoning module AudioFormatOpus (133)
[2019.02.18-12.57.49:872][510]LogModuleManager: Shutting down and abandoning module AudioFormatOgg (131)
[2019.02.18-12.57.49:872][510]LogModuleManager: Shutting down and abandoning module AudioFormatADPCM (129)
[2019.02.18-12.57.49:872][510]LogModuleManager: Shutting down and abandoning module LuminTargetPlatform (127)
[2019.02.18-12.57.49:872][510]LogModuleManager: Shutting down and abandoning module LinuxTargetPlatform (125)
[2019.02.18-12.57.49:872][510]LogModuleManager: Shutting down and abandoning module LinuxServerTargetPlatform (123)
[2019.02.18-12.57.49:872][510]LogModuleManager: Shutting down and abandoning module LinuxNoEditorTargetPlatform (121)
[2019.02.18-12.57.49:872][510]LogModuleManager: Shutting down and abandoning module LinuxClientTargetPlatform (119)
[2019.02.18-12.57.49:872][510]LogModuleManager: Shutting down and abandoning module TVOSTargetPlatform (117)
[2019.02.18-12.57.49:873][510]LogModuleManager: Shutting down and abandoning module Messaging (115)
[2019.02.18-12.57.49:873][510]LogModuleManager: Shutting down and abandoning module IOSTargetPlatform (113)
[2019.02.18-12.57.49:873][510]LogModuleManager: Shutting down and abandoning module HTML5TargetPlatform (111)
[2019.02.18-12.57.49:873][510]LogModuleManager: Shutting down and abandoning module AndroidTargetPlatform (109)
[2019.02.18-12.57.49:878][510]LogModuleManager: Shutting down and abandoning module WindowsTargetPlatform (107)
[2019.02.18-12.57.49:878][510]LogModuleManager: Shutting down and abandoning module WindowsServerTargetPlatform (105)
[2019.02.18-12.57.49:878][510]LogModuleManager: Shutting down and abandoning module WindowsNoEditorTargetPlatform (103)
[2019.02.18-12.57.49:878][510]LogModuleManager: Shutting down and abandoning module WindowsClientTargetPlatform (101)
[2019.02.18-12.57.49:878][510]LogModuleManager: Shutting down and abandoning module MacTargetPlatform (99)
[2019.02.18-12.57.49:879][510]LogModuleManager: Shutting down and abandoning module MacServerTargetPlatform (97)
[2019.02.18-12.57.49:879][510]LogModuleManager: Shutting down and abandoning module MacNoEditorTargetPlatform (95)
[2019.02.18-12.57.49:879][510]LogModuleManager: Shutting down and abandoning module MacClientTargetPlatform (93)
[2019.02.18-12.57.49:879][510]LogModuleManager: Shutting down and abandoning module AllDesktopTargetPlatform (91)
[2019.02.18-12.57.49:879][510]LogModuleManager: Shutting down and abandoning module InputCore (88)
[2019.02.18-12.57.49:879][510]LogModuleManager: Shutting down and abandoning module Settings (86)
[2019.02.18-12.57.49:879][510]LogModuleManager: Shutting down and abandoning module PhysXCooking (84)
[2019.02.18-12.57.49:879][510]LogModuleManager: Shutting down and abandoning module SteamVR (82)
[2019.02.18-12.57.49:879][510]LogModuleManager: Shutting down and abandoning module OculusHMD (80)
[2019.02.18-12.57.49:879][510]LogModuleManager: Shutting down and abandoning module ExampleDeviceProfileSelector (78)
[2019.02.18-12.57.49:879][510]LogModuleManager: Shutting down and abandoning module LauncherChunkInstaller (76)
[2019.02.18-12.57.49:879][510]LogModuleManager: Shutting down and abandoning module OnlineBlueprintSupport (74)
[2019.02.18-12.57.49:879][510]LogModuleManager: Shutting down and abandoning module OnlineSubsystem (70)
[2019.02.18-12.57.49:879][510]LogModuleManager: Shutting down and abandoning module XMPP (65)
[2019.02.18-12.57.49:880][510]LogModuleManager: Shutting down and abandoning module WebSockets (64)
[2019.02.18-12.57.49:913][510]LogModuleManager: Shutting down and abandoning module HTTP (61)
[2019.02.18-12.57.49:913][510]LogHttp: Display: Http module shutting down, but needs to wait on 1 outstanding Http requests:
[2019.02.18-12.57.49:913][510]LogHttp: Display: 	verb=[POST] url=[https://datarouter.ol.epicgames.com/datarouter/api/v1/public/data?SessionID=%7B3C0CCF96-45F9-DF89-7A5A-DC8264990E18%7D&AppID=UEEditor.Rocket.Release&AppVersion=4.20.3-4369336%2B%2B%2BUE4%2BRelease-4.20&UserID=5fdfb9eb4a3af766a039a8b9b40f75dc%7C75455451a11a4e86936f96d58b7d0fbf%7C0157599c-15ed-48c0-9aab-018aec8adfe9&AppEnvironment=datacollector-binary&UploadType=eteventstream] status=Processing
[2019.02.18-12.57.49:947][510]LogModuleManager: Shutting down and abandoning module SSL (60)
[2019.02.18-12.57.49:948][510]LogModuleManager: Shutting down and abandoning module MagicLeapEmulator (56)
[2019.02.18-12.57.49:948][510]LogModuleManager: Shutting down and abandoning module MagicLeapPrivileges (54)
[2019.02.18-12.57.49:948][510]LogModuleManager: Shutting down and abandoning module MagicLeapIdentity (52)
[2019.02.18-12.57.49:948][510]LogModuleManager: Shutting down and abandoning module MagicLeapHelperVulkan (50)
[2019.02.18-12.57.49:948][510]LogModuleManager: Shutting down and abandoning module MagicLeapHelperOpenGL (48)
[2019.02.18-12.57.49:948][510]LogModuleManager: Shutting down and abandoning module MagicLeapSecureStorage (46)
[2019.02.18-12.57.49:948][510]LogModuleManager: Shutting down and abandoning module MagicLeapGestures (44)
[2019.02.18-12.57.49:948][510]LogModuleManager: Shutting down and abandoning module MagicLeapEyeTracker (42)
[2019.02.18-12.57.49:948][510]LogModuleManager: Shutting down and abandoning module MagicLeapController (40)
[2019.02.18-12.57.49:948][510]LogSlate: Slate User Destroyed.  User Index 0, Is Virtual User: 0
[2019.02.18-12.57.49:948][510]LogModuleManager: Shutting down and abandoning module MagicLeap (38)
[2019.02.18-12.57.49:948][510]LogModuleManager: Shutting down and abandoning module AnimationModifiers (36)
[2019.02.18-12.57.49:948][510]LogModuleManager: Shutting down and abandoning module PropertyEditor (35)
[2019.02.18-12.57.49:948][510]LogModuleManager: Shutting down and abandoning module AudioEditor (32)
[2019.02.18-12.57.49:948][510]LogModuleManager: Shutting down and abandoning module TextureCompressor (30)
[2019.02.18-12.57.49:948][510]LogModuleManager: Shutting down and abandoning module ShaderCore (28)
[2019.02.18-12.57.49:948][510]LogModuleManager: Shutting down and abandoning module Landscape (26)
[2019.02.18-12.57.49:948][510]LogModuleManager: Shutting down and abandoning module SlateRHIRenderer (24)
[2019.02.18-12.57.49:949][510]LogModuleManager: Shutting down and abandoning module OpenGLDrv (22)
[2019.02.18-12.57.49:949][510]LogModuleManager: Shutting down and abandoning module D3D11RHI (20)
[2019.02.18-12.57.49:949][510]LogModuleManager: Shutting down and abandoning module AnimGraphRuntime (18)
[2019.02.18-12.57.49:949][510]LogModuleManager: Shutting down and abandoning module Renderer (16)
[2019.02.18-12.57.49:949][510]LogModuleManager: Shutting down and abandoning module Engine (14)
[2019.02.18-12.57.49:949][510]LogModuleManager: Shutting down and abandoning module CoreUObject (12)
[2019.02.18-12.57.49:949][510]LogModuleManager: Shutting down and abandoning module NetworkFile (10)
[2019.02.18-12.57.49:949][510]LogModuleManager: Shutting down and abandoning module CookedIterativeFile (8)
[2019.02.18-12.57.49:949][510]LogModuleManager: Shutting down and abandoning module StreamingFile (6)
[2019.02.18-12.57.49:949][510]LogModuleManager: Shutting down and abandoning module SandboxFile (4)
[2019.02.18-12.57.49:949][510]LogModuleManager: Shutting down and abandoning module PakFile (2)
[2019.02.18-12.57.49:953][510]LogExit: Exiting.
[2019.02.18-12.57.49:972][510]Log file closed, 02/18/19 12:57:49
