Log file open, 02/28/19 15:04:09
LogWindows: Failed to load 'aqProf.dll' (GetLastError=126)
LogWindows: File 'aqProf.dll' does not exist
LogWindows: Failed to load 'VtuneApi.dll' (GetLastError=126)
LogWindows: File 'VtuneApi.dll' does not exist
LogWindows: Failed to load 'VtuneApi32e.dll' (GetLastError=126)
LogWindows: File 'VtuneApi32e.dll' does not exist
LogInit: Display: Running engine for game: CrazyTaxiProcGen
LogPlatformFile: Not using cached read wrapper
LogTaskGraph: Started task graph with 5 named threads and 14 total threads with 3 sets of task threads.
LogStats: Stats thread started at 0.193174
LogD3D11RHI: Loaded GFSDK_Aftermath_Lib.x64.dll
LogICUInternationalization: Display: ICU TimeZone Detection - Raw Offset: +0:00, Platform Override: ''
LogPluginManager: Mounting plugin Paper2D
LogPluginManager: Mounting plugin AISupport
LogPluginManager: Mounting plugin LightPropagationVolume
LogPluginManager: Mounting plugin CLionSourceCodeAccess
LogPluginManager: Mounting plugin CodeLiteSourceCodeAccess
LogPluginManager: Mounting plugin GitSourceControl
LogPluginManager: Mounting plugin KDevelopSourceCodeAccess
LogPluginManager: Mounting plugin NullSourceCodeAccess
LogPluginManager: Mounting plugin PerforceSourceControl
LogPluginManager: Mounting plugin SubversionSourceControl
LogPluginManager: Mounting plugin UObjectPlugin
LogPluginManager: Mounting plugin VisualStudioCodeSourceCodeAccess
LogPluginManager: Mounting plugin VisualStudioSourceCodeAccess
LogPluginManager: Mounting plugin XCodeSourceCodeAccess
LogPluginManager: Mounting plugin AssetManagerEditor
LogPluginManager: Mounting plugin CryptoKeys
LogPluginManager: Mounting plugin DataValidation
LogPluginManager: Mounting plugin FacialAnimation
LogPluginManager: Mounting plugin GameplayTagsEditor
LogPluginManager: Mounting plugin MacGraphicsSwitching
LogPluginManager: Mounting plugin MeshEditor
LogPluginManager: Mounting plugin MobileLauncherProfileWizard
LogPluginManager: Mounting plugin PluginBrowser
LogPluginManager: Mounting plugin SpeedTreeImporter
LogPluginManager: Mounting plugin DatasmithContent
LogPluginManager: Mounting plugin AlembicImporter
LogPluginManager: Mounting plugin AppleImageUtils
LogPluginManager: Mounting plugin AppleVision
LogPluginManager: Mounting plugin BackChannel
LogPluginManager: Mounting plugin CharacterAI
LogPluginManager: Mounting plugin GeometryCache
LogPluginManager: Mounting plugin HTML5Networking
LogPluginManager: Mounting plugin ProxyLODPlugin
LogPluginManager: Mounting plugin MagicLeap
LogPluginManager: Mounting plugin MagicLeapEmulator
LogPluginManager: Mounting plugin MagicLeapMedia
LogPluginManager: Mounting plugin AndroidMedia
LogPluginManager: Mounting plugin AvfMedia
LogPluginManager: Mounting plugin ImgMedia
LogPluginManager: Mounting plugin LinearTimecode
LogPluginManager: Mounting plugin MediaCompositing
LogPluginManager: Mounting plugin MediaPlayerEditor
LogPluginManager: Mounting plugin WmfMedia
LogPluginManager: Mounting plugin TcpMessaging
LogPluginManager: Mounting plugin UdpMessaging
LogPluginManager: Mounting plugin ActorSequence
LogPluginManager: Mounting plugin LevelSequenceEditor
LogPluginManager: Mounting plugin MatineeToLevelSequence
LogPluginManager: Mounting plugin NetcodeUnitTest
LogPluginManager: Mounting plugin NUTUnrealEngine4
LogPluginManager: Mounting plugin OnlineSubsystemGooglePlay
LogPluginManager: Mounting plugin OnlineSubsystemIOS
LogPluginManager: Mounting plugin OnlineSubsystem
LogPluginManager: Mounting plugin OnlineSubsystemNull
LogPluginManager: Mounting plugin OnlineSubsystemUtils
LogPluginManager: Mounting plugin LauncherChunkInstaller
LogPluginManager: Mounting plugin AndroidDeviceProfileSelector
LogPluginManager: Mounting plugin AndroidMoviePlayer
LogPluginManager: Mounting plugin AndroidPermission
LogPluginManager: Mounting plugin AppleMoviePlayer
LogPluginManager: Mounting plugin ArchVisCharacter
LogPluginManager: Mounting plugin AudioCapture
LogPluginManager: Mounting plugin CableComponent
LogPluginManager: Mounting plugin CustomMeshComponent
LogPluginManager: Mounting plugin EditableMesh
LogPluginManager: Mounting plugin ExampleDeviceProfileSelector
LogPluginManager: Mounting plugin GoogleCloudMessaging
LogPluginManager: Mounting plugin ImmediatePhysics
LogPluginManager: Mounting plugin IOSDeviceProfileSelector
LogPluginManager: Mounting plugin LinuxDeviceProfileSelector
LogPluginManager: Mounting plugin LocationServicesBPLibrary
LogPluginManager: Mounting plugin MobilePatchingUtils
LogPluginManager: Mounting plugin OculusVR
LogPluginManager: Plugin shader directory ../../../Engine/Plugins/Runtime/Oculus/OculusVR/Shaders found
LogPluginManager: Mapping shader source directory ../../../Engine/Plugins/Runtime/Oculus/OculusVR/Shaders to virtual directory /Plugin/OculusVR
LogPluginManager: Mounting plugin PhysXVehicles
LogPluginManager: Mounting plugin ProceduralMeshComponent
LogPluginManager: Mounting plugin RuntimePhysXCooking
LogPluginManager: Mounting plugin SteamVR
LogPluginManager: Mounting plugin WindowsMoviePlayer
LogStreaming: Display: Took  0.145s to configure plugins.
LogInit: Using libcurl 7.55.1-DEV
LogInit:  - built for x86_64-pc-win32
LogInit:  - supports SSL with OpenSSL/1.0.2h
LogInit:  - supports HTTP deflate (compression) using libz 1.2.8
LogInit:  - other features:
LogInit:      CURL_VERSION_SSL
LogInit:      CURL_VERSION_LIBZ
LogInit:      CURL_VERSION_IPV6
LogInit:      CURL_VERSION_ASYNCHDNS
LogInit:      CURL_VERSION_LARGEFILE
LogInit:      CURL_VERSION_IDN
LogInit:  CurlRequestOptions (configurable via config and command line):
LogInit:  - bVerifyPeer = false  - Libcurl will NOT verify peer certificate
LogInit:  - bUseHttpProxy = false  - Libcurl will NOT use HTTP proxy
LogInit:  - bDontReuseConnections = false  - Libcurl will reuse connections
LogInit:  - CertBundlePath = nullptr  - Libcurl will use whatever was configured at build time.
LogInit:  - MaxHostConnections = 16  - Libcurl will limit the number of connections to a host
LogInit:  - LocalHostAddr = Default
LogInit:  - BufferSize = 65536
LogInit: WinSock: version 1.1 (2.2), MaxSocks=32767, MaxUdp=65467
LogInit: Build: ++UE4+Release-4.20-CL-4369336
LogInit: Engine Version: 4.20.3-4369336+++UE4+Release-4.20
LogInit: Compatible Engine Version: 4.20.0-4212847+++UE4+Release-4.20
LogInit: Net CL: 4212847
LogInit: OS: Windows 10 (), CPU: Intel(R) Core(TM) i5-6600 CPU @ 3.30GHz, GPU: NVIDIA GeForce GTX 970
LogInit: Compiled (64-bit): Sep 17 2018 12:26:19
LogInit: Compiled with Visual C++: 19.13.26129.00
LogInit: Build Configuration: Development
LogInit: Branch Name: ++UE4+Release-4.20
LogInit: Command Line: 
LogInit: Base Directory: C:/Program Files/Epic Games/UE_4.20/Engine/Binaries/Win64/
LogInit: Installed Engine Build: 1
LogDevObjectVersion: Number of dev versions registered: 20
LogDevObjectVersion:   Dev-Blueprints (B0D832E4-1F89-4F0D-ACCF-7EB736FD4AA2): 10
LogDevObjectVersion:   Dev-Build (E1C64328-A22C-4D53-A36C-8E866417BD8C): 0
LogDevObjectVersion:   Dev-Core (375EC13C-06E4-48FB-B500-84F0262A717E): 2
LogDevObjectVersion:   Dev-Editor (E4B068ED-F494-42E9-A231-DA0B2E46BB41): 24
LogDevObjectVersion:   Dev-Framework (CFFC743F-43B0-4480-9391-14DF171D2073): 34
LogDevObjectVersion:   Dev-Mobile (B02B49B5-BB20-44E9-A304-32B752E40360): 2
LogDevObjectVersion:   Dev-Networking (A4E4105C-59A1-49B5-A7C5-40C4547EDFEE): 0
LogDevObjectVersion:   Dev-Online (39C831C9-5AE6-47DC-9A44-9C173E1C8E7C): 0
LogDevObjectVersion:   Dev-Physics (78F01B33-EBEA-4F98-B9B4-84EACCB95AA2): 0
LogDevObjectVersion:   Dev-Platform (6631380F-2D4D-43E0-8009-CF276956A95A): 0
LogDevObjectVersion:   Dev-Rendering (12F88B9F-8875-4AFC-A67C-D90C383ABD29): 26
LogDevObjectVersion:   Dev-Sequencer (7B5AE74C-D270-4C10-A958-57980B212A5A): 9
LogDevObjectVersion:   Dev-VR (D7296918-1DD6-4BDD-9DE2-64A83CC13884): 2
LogDevObjectVersion:   Dev-LoadTimes (C2A15278-BFE7-4AFE-6C17-90FF531DF755): 1
LogDevObjectVersion:   Private-Geometry (6EACA3D4-40EC-4CC1-B786-8BED09428FC5): 3
LogDevObjectVersion:   Dev-AnimPhys (29E575DD-E0A3-4627-9D10-D276232CDCEA): 17
LogDevObjectVersion:   Dev-ReflectionCapture (6B266CEC-1EC7-4B8F-A30B-E4D90942FC07): 1
LogDevObjectVersion:   Dev-Automation (0DF73D61-A23F-47EA-B727-89E90C41499A): 1
LogDevObjectVersion:   FortniteMain (601D1886-AC64-4F84-AA16-D3DE0DEAC7D6): 12
LogDevObjectVersion:   Dev-Enterprise (9DFFBCD6-494F-0158-E221-12823C92A888): 1
LogStreaming: Display: Took  0.001s to delete old logs.
LogInit: Presizing for max 8388607 objects, including 0 objects not considered by GC, pre-allocating 0 bytes for permanent pool.
LogInit: Object subsystem initialized
[2019.02.28-15.04.09:577][  0]LogInit: Selected Device Profile: [Windows]
[2019.02.28-15.04.09:577][  0]LogInit: Applying CVar settings loaded from the selected device profile: [Windows]
[2019.02.28-15.04.09:587][  0]LogHAL: Display: Platform has ~ 16 GB [17116667904 / 17179869184 / 16], which maps to Larger [LargestMinGB=32, LargerMinGB=12, DefaultMinGB=8, SmallerMinGB=6, SmallestMinGB=0)
[2019.02.28-15.04.09:587][  0]LogInit: Setting Device Profile CVar: [[r.Vulkan.UseRealUBs:1]]
[2019.02.28-15.04.09:587][  0]LogInit: Going up to parent DeviceProfile []
[2019.02.28-15.04.09:587][  0]LogInit: Computer: DESKTOP-C6U4EA4
[2019.02.28-15.04.09:587][  0]LogInit: User: ThomasSimon
[2019.02.28-15.04.09:587][  0]LogInit: CPU Page size=4096, Cores=4
[2019.02.28-15.04.09:587][  0]LogInit: High frequency timer resolution =3.234369 MHz
[2019.02.28-15.04.09:588][  0]LogMemory: Memory total: Physical=15.9GB (16GB approx)
[2019.02.28-15.04.09:588][  0]LogMemory: Platform Memory Stats for Windows
[2019.02.28-15.04.09:588][  0]LogMemory: Process Physical Memory: 100.21 MB used, 100.21 MB peak
[2019.02.28-15.04.09:588][  0]LogMemory: Process Virtual Memory: 84.27 MB used, 84.27 MB peak
[2019.02.28-15.04.09:588][  0]LogMemory: Physical Memory: 7562.70 MB used,  8761.03 MB free, 16323.73 MB total
[2019.02.28-15.04.09:588][  0]LogMemory: Virtual Memory: 4625.71 MB used,  8761.03 MB free, 134217728.00 MB total
[2019.02.28-15.04.09:618][  0]LogInit: Using OS detected language (en-GB).
[2019.02.28-15.04.09:618][  0]LogInit: Using OS detected locale (en-GB).
[2019.02.28-15.04.09:618][  0]LogTextLocalizationManager: No specific localization for 'en-GB' exists, so the 'en' localization will be used.
[2019.02.28-15.04.09:984][  0]LogStreaming: Display: Took  0.367s to InitEngineTextLocalization.
[2019.02.28-15.04.09:984][  0]LogInit: Setting process to per monitor DPI aware
[2019.02.28-15.04.10:029][  0]LogSlate: New Slate User Created.  User Index 0, Is Virtual User: 0
[2019.02.28-15.04.10:029][  0]LogSlate: Slate User Registered.  User Index 0, Is Virtual User: 0
[2019.02.28-15.04.10:205][  0]LogHMD: Failed to initialize OpenVR with code 110
[2019.02.28-15.04.10:205][  0]LogD3D11RHI: D3D11 adapters:
[2019.02.28-15.04.10:277][  0]LogD3D11RHI:    0. 'NVIDIA GeForce GTX 970' (Feature Level 11_0)
[2019.02.28-15.04.10:277][  0]LogD3D11RHI:       4043/0/8161 MB DedicatedVideo/DedicatedSystem/SharedSystem, Outputs:3, VendorId:0x10de
[2019.02.28-15.04.10:280][  0]LogD3D11RHI:    1. 'Microsoft Basic Render Driver' (Feature Level 11_0)
[2019.02.28-15.04.10:280][  0]LogD3D11RHI:       0/0/8161 MB DedicatedVideo/DedicatedSystem/SharedSystem, Outputs:0, VendorId:0x1414
[2019.02.28-15.04.10:280][  0]LogD3D11RHI: Chosen D3D11 Adapter: 0
[2019.02.28-15.04.10:287][  0]LogD3D11RHI: Creating new Direct3DDevice
[2019.02.28-15.04.10:287][  0]LogD3D11RHI:     GPU DeviceId: 0x13c2 (for the marketing name, search the web for "GPU Device Id")
[2019.02.28-15.04.10:287][  0]LogWindows: EnumDisplayDevices:
[2019.02.28-15.04.10:287][  0]LogWindows:    0. 'NVIDIA GeForce GTX 970' (P:0 D:1)
[2019.02.28-15.04.10:288][  0]LogWindows:    1. 'NVIDIA GeForce GTX 970' (P:0 D:1)
[2019.02.28-15.04.10:288][  0]LogWindows:    2. 'NVIDIA GeForce GTX 970' (P:1 D:1)
[2019.02.28-15.04.10:288][  0]LogWindows:    3. 'NVIDIA GeForce GTX 970' (P:0 D:0)
[2019.02.28-15.04.10:288][  0]LogWindows: DebugString: FoundDriverCount:4 
[2019.02.28-15.04.10:288][  0]LogD3D11RHI:     Adapter Name: NVIDIA GeForce GTX 970
[2019.02.28-15.04.10:288][  0]LogD3D11RHI:   Driver Version: 398.11 (internal:24.21.13.9811, unified:398.11)
[2019.02.28-15.04.10:288][  0]LogD3D11RHI:      Driver Date: 6-1-2018
[2019.02.28-15.04.10:288][  0]LogRHI: Texture pool is 2830 MB (70% of 4043 MB)
[2019.02.28-15.04.10:319][  0]LogD3D11RHI: Async texture creation enabled
[2019.02.28-15.04.10:336][  0]LogD3D11RHI: GPU Timing Frequency: 1000.000000 (Debug: 2 2)
[2019.02.28-15.04.10:387][  0]LogShaderCompilers: Guid format shader working directory is -7 characters bigger than the processId version (A:/Projects/Unreal Engine Projects/SoloUE4/CrazyTaxiProcGen/Intermediate/Shaders/WorkingDirectory/16132/).
[2019.02.28-15.04.10:388][  0]LogShaderCompilers: Cleaned the shader compiler working directory 'C:/Users/Thomas Simon/AppData/Local/Temp/UnrealShaderWorkingDir/5A5E97944BED88953A9C56BB0DD347D1/'.
[2019.02.28-15.04.10:660][  0]LogTemp: Display: Loaded TP AllDesktopTargetPlatform
[2019.02.28-15.04.10:672][  0]LogTemp: Display: Loaded TP MacClientTargetPlatform
[2019.02.28-15.04.10:684][  0]LogTemp: Display: Loaded TP MacNoEditorTargetPlatform
[2019.02.28-15.04.10:698][  0]LogTemp: Display: Loaded TP MacServerTargetPlatform
[2019.02.28-15.04.10:710][  0]LogTemp: Display: Loaded TP MacTargetPlatform
[2019.02.28-15.04.10:722][  0]LogTemp: Display: Loaded TP WindowsClientTargetPlatform
[2019.02.28-15.04.10:735][  0]LogTemp: Display: Loaded TP WindowsNoEditorTargetPlatform
[2019.02.28-15.04.10:748][  0]LogTemp: Display: Loaded TP WindowsServerTargetPlatform
[2019.02.28-15.04.10:755][  0]LogTemp: Display: Loaded TP WindowsTargetPlatform
[2019.02.28-15.04.10:831][  0]LogTemp: Display: Loaded TP AndroidTargetPlatform
[2019.02.28-15.04.10:831][  0]LogTemp: Display: Loaded TP AndroidTargetPlatform
[2019.02.28-15.04.10:831][  0]LogTemp: Display: Loaded TP AndroidTargetPlatform
[2019.02.28-15.04.10:831][  0]LogTemp: Display: Loaded TP AndroidTargetPlatform
[2019.02.28-15.04.10:831][  0]LogTemp: Display: Loaded TP AndroidTargetPlatform
[2019.02.28-15.04.10:831][  0]LogTemp: Display: Loaded TP AndroidTargetPlatform
[2019.02.28-15.04.10:831][  0]LogTemp: Display: Loaded TP AndroidTargetPlatform
[2019.02.28-15.04.10:831][  0]LogTemp: Display: Loaded TP AndroidTargetPlatform
[2019.02.28-15.04.10:831][  0]LogTemp: Display: Loaded TP AndroidTargetPlatform
[2019.02.28-15.04.10:831][  0]LogTemp: Display: Loaded TP AndroidTargetPlatform
[2019.02.28-15.04.10:831][  0]LogTemp: Display: Loaded TP AndroidTargetPlatform
[2019.02.28-15.04.10:831][  0]LogTemp: Display: Loaded TP AndroidTargetPlatform
[2019.02.28-15.04.10:831][  0]LogTemp: Display: Loaded TP AndroidTargetPlatform
[2019.02.28-15.04.10:831][  0]LogTemp: Display: Loaded TP AndroidTargetPlatform
[2019.02.28-15.04.10:831][  0]LogTemp: Display: Loaded TP AndroidTargetPlatform
[2019.02.28-15.04.10:831][  0]LogTemp: Display: Loaded TP AndroidTargetPlatform
[2019.02.28-15.04.10:831][  0]LogTemp: Display: Loaded TP AndroidTargetPlatform
[2019.02.28-15.04.10:831][  0]LogTemp: Display: Loaded TP AndroidTargetPlatform
[2019.02.28-15.04.10:833][  0]LogTemp: Display: Loaded TP HTML5TargetPlatform
[2019.02.28-15.04.10:892][  0]LogTemp: Display: Loaded TP IOSTargetPlatform
[2019.02.28-15.04.10:892][  0]LogTemp: Display: Loaded TP IOSTargetPlatform
[2019.02.28-15.04.10:914][  0]LogTemp: Display: Loaded TP TVOSTargetPlatform
[2019.02.28-15.04.10:914][  0]LogTemp: Display: Loaded TP TVOSTargetPlatform
[2019.02.28-15.04.10:927][  0]LogTemp: Display: Loaded TP LinuxClientTargetPlatform
[2019.02.28-15.04.10:938][  0]LogTemp: Display: Loaded TP LinuxNoEditorTargetPlatform
[2019.02.28-15.04.10:950][  0]LogTemp: Display: Loaded TP LinuxServerTargetPlatform
[2019.02.28-15.04.10:963][  0]LogTemp: Display: Loaded TP LinuxTargetPlatform
[2019.02.28-15.04.10:972][  0]LogTemp: Display: Loaded TP LuminTargetPlatform
[2019.02.28-15.04.10:972][  0]LogTargetPlatformManager: Display: Building Assets For Windows
[2019.02.28-15.04.11:030][  0]LogXGEController: Cleaning working directory: C:/Users/Thomas Simon/AppData/Local/Temp/UnrealXGEWorkingDir/
[2019.02.28-15.04.11:030][  0]LogXGEController: Cannot use XGE Controller as Incredibuild is not installed on this machine.
[2019.02.28-15.04.11:030][  0]LogShaderCompilers: Cannot use XGE Shader Compiler as Incredibuild is not installed on this machine.
[2019.02.28-15.04.11:030][  0]LogShaderCompilers: Display: Using Local Shader Compiler.
[2019.02.28-15.04.11:720][  0]LogDerivedDataCache: Display: Max Cache Size: 512 MB
[2019.02.28-15.04.11:776][  0]LogDerivedDataCache: Loaded boot cache 0.06s 71MB C:/Users/Thomas Simon/AppData/Local/UnrealEngine/4.20/DerivedDataCache/Boot.ddc.
[2019.02.28-15.04.11:776][  0]LogDerivedDataCache: Display: Loaded Boot cache: C:/Users/Thomas Simon/AppData/Local/UnrealEngine/4.20/DerivedDataCache/Boot.ddc
[2019.02.28-15.04.11:776][  0]LogDerivedDataCache: FDerivedDataBackendGraph:  Pak pak cache file A:/Projects/Unreal Engine Projects/SoloUE4/CrazyTaxiProcGen/DerivedDataCache/DDC.ddp not found, will not use a pak cache.
[2019.02.28-15.04.11:776][  0]LogDerivedDataCache: Unable to find inner node Pak for hierarchical cache Hierarchy.
[2019.02.28-15.04.11:776][  0]LogDerivedDataCache: FDerivedDataBackendGraph:  CompressedPak pak cache file A:/Projects/Unreal Engine Projects/SoloUE4/CrazyTaxiProcGen/DerivedDataCache/Compressed.ddp not found, will not use a pak cache.
[2019.02.28-15.04.11:776][  0]LogDerivedDataCache: Unable to find inner node CompressedPak for hierarchical cache Hierarchy.
[2019.02.28-15.04.11:790][  0]LogDerivedDataCache: Display: Pak cache opened for reading ../../../Engine/DerivedDataCache/Compressed.ddp.
[2019.02.28-15.04.11:803][  0]LogDerivedDataCache: Using Local data cache path C:/Users/Thomas Simon/AppData/Local/UnrealEngine/Common/DerivedDataCache: Writable
[2019.02.28-15.04.11:803][  0]LogDerivedDataCache: Shared data cache path not found in *engine.ini, will not use an Shared cache.
[2019.02.28-15.04.11:803][  0]LogDerivedDataCache: Unable to find inner node Shared for hierarchical cache Hierarchy.
[2019.02.28-15.04.11:821][  0]LogMaterial: Verifying Global Shaders for PCD3D_SM5
[2019.02.28-15.04.11:822][  0]LogSlate: Using FreeType 2.6.0
[2019.02.28-15.04.11:823][  0]LogSlate: SlateFontServices - WITH_FREETYPE: 1, WITH_HARFBUZZ: 1
[2019.02.28-15.04.11:898][  0]LogAssetRegistry: FAssetRegistry took 0.0260 seconds to start up
[2019.02.28-15.04.12:186][  0]LogInit: Selected Device Profile: [Windows]
[2019.02.28-15.04.12:316][  0]LogSimplygon: Simplygon DLL not present - disabling.
[2019.02.28-15.04.12:319][  0]LogMeshReduction: Using SimplygonSwarm for distributed automatic mesh merging
[2019.02.28-15.04.12:319][  0]LogMeshReduction: Using ProxyLODMeshReduction for automatic mesh merging
[2019.02.28-15.04.12:319][  0]LogMeshReduction: Using QuadricMeshReduction for automatic static mesh reduction
[2019.02.28-15.04.12:319][  0]LogMeshReduction: No automatic skeletal mesh reduction module available
[2019.02.28-15.04.12:345][  0]LogNetVersion: CrazyTaxiProcGen 1.0.0, NetCL: 4212847, EngineNetVer: 5, GameNetVer: 0 (Checksum: 1195376751)
[2019.02.28-15.04.12:911][  0]LogPackageLocalizationCache: Processed 11 localized package path(s) for 2 prioritized culture(s) in 0.161002 seconds
[2019.02.28-15.04.12:917][  0]LogUObjectArray: 38425 objects as part of root set at end of initial load.
[2019.02.28-15.04.12:918][  0]LogUObjectAllocator: 6690864 out of 0 bytes used by permanent object pool.
[2019.02.28-15.04.12:918][  0]LogUObjectArray: CloseDisregardForGC: 0/0 objects in disregard for GC pool
[2019.02.28-15.04.13:721][  0]LogTcpMessaging: Initializing TcpMessaging bridge
[2019.02.28-15.04.13:734][  0]LogUdpMessaging: Initializing bridge on interface 0.0.0.0:0 to multicast group 230.0.0.1:6666.
[2019.02.28-15.04.13:880][  0]SourceControl: Source control is disabled
[2019.02.28-15.04.13:880][  0]SourceControl: Source control is disabled
[2019.02.28-15.04.13:882][  0]SourceControl: Source control is disabled
[2019.02.28-15.04.13:883][  0]SourceControl: Source control is disabled
[2019.02.28-15.04.14:044][  0]LogAndroidPermission: UAndroidPermissionCallbackProxy::GetInstance
[2019.02.28-15.04.14:093][  0]LogOcInput: OculusInput pre-init called
[2019.02.28-15.04.14:145][  0]LogEngine: Initializing Engine...
[2019.02.28-15.04.14:146][  0]LogHMD: Failed to initialize OpenVR with code 110
[2019.02.28-15.04.14:148][  0]LogStats: UGameplayTagsManager::ConstructGameplayTagTree: ImportINI prefixes -  0.000 s
[2019.02.28-15.04.14:148][  0]LogStats: UGameplayTagsManager::ConstructGameplayTagTree: Construct from data asset -  0.000 s
[2019.02.28-15.04.14:148][  0]LogStats: UGameplayTagsManager::ConstructGameplayTagTree: ImportINI -  0.000 s
[2019.02.28-15.04.14:148][  0]LogStats: UGameplayTagsManager::ConstructGameplayTagTree: GameplayTagTreeChangedEvent.Broadcast -  0.000 s
[2019.02.28-15.04.14:332][  0]LogInit: Initializing FReadOnlyCVARCache
[2019.02.28-15.04.14:343][  0]LogAIModule: Creating AISystem for world Untitled
[2019.02.28-15.04.14:359][  0]LogInit: XAudio2 using 'Headphones (High Definition Audio Device)' : 2 channels at 44.1 kHz using 16 bits per sample (channel mask 0x3)
[2019.02.28-15.04.14:374][  0]LogInit: FAudioDevice initialized.
[2019.02.28-15.04.14:374][  0]LogNetVersion: Set ProjectVersion to 1.0.0.0. Version Checksum will be recalculated on next use.
[2019.02.28-15.04.14:446][  0]LogDerivedDataCache: Saved boot cache 0.07s 71MB C:/Users/Thomas Simon/AppData/Local/UnrealEngine/4.20/DerivedDataCache/Boot.ddc.
[2019.02.28-15.04.14:459][  0]LogInit: Texture streaming: Enabled
[2019.02.28-15.04.14:476][  0]LogEngineSessionManager: EngineSessionManager initialized
[2019.02.28-15.04.14:476][  0]LogEngineSessionManager: EngineSessionManager sent abnormal shutdown report. Type=Crashed, SessionId={3D760FF5-431F-BE24-510E-E399285338EF}
[2019.02.28-15.04.14:490][  0]LogInit: Transaction tracking system initialized
[2019.02.28-15.04.14:512][  0]BlueprintLog: New page: Editor Load
[2019.02.28-15.04.14:581][  0]LocalizationService: Localization service is disabled
[2019.02.28-15.04.14:834][  0]LogCook: Display: Max memory allowance for cook 16384mb min free memory 0mb
[2019.02.28-15.04.14:834][  0]LogCook: Display: Mobile HDR setting 1
[2019.02.28-15.04.14:834][  0]LogGameplayTags: Display: UGameplayTagsManager::DoneAddingNativeTags. DelegateIsBound: 0
[2019.02.28-15.04.14:834][  0]LogStats: UGameplayTagsManager::ConstructGameplayTagTree: ImportINI prefixes -  0.000 s
[2019.02.28-15.04.14:834][  0]LogStats: UGameplayTagsManager::ConstructGameplayTagTree: Construct from data asset -  0.000 s
[2019.02.28-15.04.14:834][  0]LogStats: UGameplayTagsManager::ConstructGameplayTagTree: ImportINI -  0.000 s
[2019.02.28-15.04.14:834][  0]LogStats: UGameplayTagsManager::ConstructGameplayTagTree: GameplayTagTreeChangedEvent.Broadcast -  0.000 s
[2019.02.28-15.04.14:936][  0]LogFileCache: Scanning file cache for directory 'A:/Projects/Unreal Engine Projects/SoloUE4/CrazyTaxiProcGen/Content/' took 0.01s
[2019.02.28-15.04.14:936][  0]SourceControl: Source control is disabled
[2019.02.28-15.04.14:936][  0]Cmd: MAP LOAD FILE="A:/Projects/Unreal Engine Projects/SoloUE4/CrazyTaxiProcGen/Content/MyContent/Maps/Main.umap" TEMPLATE=0 SHOWPROGRESS=1 FEATURELEVEL=3
[2019.02.28-15.04.14:936][  0]LightingResults: New page: Lighting Build
[2019.02.28-15.04.14:939][  0]MapCheck: New page: Map Check
[2019.02.28-15.04.14:939][  0]LightingResults: New page: Lighting Build
[2019.02.28-15.04.15:139][  0]LogAIModule: Creating AISystem for world Main
[2019.02.28-15.04.15:144][  0]LogEditorServer: Finished looking for orphan Actors (0.000 secs)
[2019.02.28-15.04.15:167][  0]Cmd: MAP CHECKDEP NOCLEARLOG
[2019.02.28-15.04.15:231][  0]MapCheck: Map check complete: 0 Error(s), 0 Warning(s), took 63.478ms to complete.
[2019.02.28-15.04.15:231][  0]LogFileHelpers: Loading map 'Main' took 0.295
[2019.02.28-15.04.15:364][  0]LogSlate: Updating window title bar state: overlay mode, drag disabled, window buttons hidden, title bar hidden
[2019.02.28-15.04.15:370][  0]LogSlate: Updating window title bar state: overlay mode, drag disabled, window buttons hidden, title bar hidden
[2019.02.28-15.04.15:377][  0]LogSlate: Updating window title bar state: overlay mode, drag disabled, window buttons hidden, title bar hidden
[2019.02.28-15.04.15:385][  0]LogSlate: Updating window title bar state: overlay mode, drag disabled, window buttons hidden, title bar hidden
[2019.02.28-15.04.15:390][  0]LogCollectionManager: Loaded 0 collections in 0.001344 seconds
[2019.02.28-15.04.15:443][  0]LogFileCache: Scanning file cache for directory 'A:/Projects/Unreal Engine Projects/SoloUE4/CrazyTaxiProcGen/Saved/Collections/' took 0.01s
[2019.02.28-15.04.15:443][  0]LogFileCache: Scanning file cache for directory 'A:/Projects/Unreal Engine Projects/SoloUE4/CrazyTaxiProcGen/Content/Developers/ThomasSimon/Collections/' took 0.01s
[2019.02.28-15.04.15:443][  0]LogFileCache: Scanning file cache for directory 'A:/Projects/Unreal Engine Projects/SoloUE4/CrazyTaxiProcGen/Content/Collections/' took 0.01s
[2019.02.28-15.04.15:443][  0]LogCollectionManager: Rebuilt the GUID cache for 0 collections in 0.000000 seconds
[2019.02.28-15.04.15:452][  0]LogContentBrowser: Native class hierarchy populated in 0.0090 seconds. Added 2576 classes and 607 folders.
[2019.02.28-15.04.15:458][  0]LogContentBrowser: Native class hierarchy updated for 'WidgetCarousel' in 0.0003 seconds. Added 0 classes and 0 folders.
[2019.02.28-15.04.15:496][  0]LogContentBrowser: Native class hierarchy updated for 'AddContentDialog' in 0.0006 seconds. Added 0 classes and 0 folders.
[2019.02.28-15.04.16:473][  0]LogSlate: Only BGRA pngs, bmps or icos are supported in by External Image Picker
[2019.02.28-15.04.16:500][  0]LogSlate: Took 0.000246 seconds to synchronously load lazily loaded font '../../../Engine/Content/Slate/Fonts/Roboto-Regular.ttf' (155K)
[2019.02.28-15.04.16:504][  0]LogSlate: Took 0.000271 seconds to synchronously load lazily loaded font '../../../Engine/Content/Slate/Fonts/Roboto-Bold.ttf' (160K)
[2019.02.28-15.04.16:506][  0]LogSlate: Took 0.000177 seconds to synchronously load lazily loaded font '../../../Engine/Content/Editor/Slate/Fonts/FontAwesome.ttf' (139K)
[2019.02.28-15.04.16:583][  0]LogTemp: Executing iPhonePackager certificates Engine -bundlename com.YourCompany.CrazyTaxiProcGen
[2019.02.28-15.04.16:583][  0]LogTemp: CWD: C:\Program Files\Epic Games\UE_4.20\Engine\Binaries\DotNET\IOS
[2019.02.28-15.04.16:583][  0]LogTemp: Initial Dir: C:\Program Files\Epic Games\UE_4.20
[2019.02.28-15.04.16:583][  0]LogTemp: Env CWD: C:\Program Files\Epic Games\UE_4.20\Engine\Binaries\DotNET\IOS
[2019.02.28-15.04.16:583][  0]LogTemp: BranchPath = DESKTOP-C6U4EA4/C/Program Files/Epic Games/UE_4.20/Engine/Binaries --- GameBranchPath = DESKTOP-C6U4EA4/C/Program Files/Epic Games/UE_4.20/Engine/Binaries
[2019.02.28-15.04.16:583][  0]LogTemp: IPP ERROR: Could not find provision directory 'C:\Users\Thomas Simon\AppData\Local/Apple Computer/MobileDevice/Provisioning Profiles/'.
[2019.02.28-15.04.16:583][  0]LogRenderer: Reallocating scene render targets to support 1152x600 Format 10 NumSamples 1 (Frame:1).
[2019.02.28-15.04.16:698][  0]LogContentBrowser: Native class hierarchy updated for 'HierarchicalLODOutliner' in 0.0003 seconds. Added 0 classes and 0 folders.
[2019.02.28-15.04.16:698][  0]LogLoad: (Engine Initialization) Total time: 8.53 seconds
[2019.02.28-15.04.16:698][  0]LogLoad: (Engine Initialization) Total Blueprint compile time: 0.00 seconds
[2019.02.28-15.04.16:709][  0]LogWindowsTextInputMethodSystem: Display: IME system now deactivated.
[2019.02.28-15.04.16:734][  0]LogContentStreaming: Texture pool size now 1000 MB
[2019.02.28-15.04.16:750][  0]LogSlate: Took 0.000177 seconds to synchronously load lazily loaded font '../../../Engine/Content/Slate/Fonts/Roboto-Light.ttf' (167K)
[2019.02.28-15.04.16:762][  1]LogAssetRegistry: Asset discovery search completed in 4.8872 seconds
[2019.02.28-15.04.16:764][  1]LogCollectionManager: Rebuilt the object cache for 0 collections in 0.000000 seconds (found 0 objects)
[2019.02.28-15.04.16:764][  1]LogCollectionManager: Fixed up redirectors for 0 collections in 0.000059 seconds (updated 0 objects)
[2019.02.28-15.04.24:989][979]LogSlate: FSceneViewport::OnFocusLost() reason 0
[2019.02.28-15.04.25:107][989]Candidate modules for hot reload:
[2019.02.28-15.04.25:107][989]  CrazyTaxiProcGen
[2019.02.28-15.04.25:107][989]Launching UnrealBuildTool... [C:/Program Files/Epic Games/UE_4.20/Engine/Binaries/DotNET/UnrealBuildTool.exe  -ModuleWithSuffix=CrazyTaxiProcGen,9751 Win64 Development -TargetType=Editor -Project="A:/Projects/Unreal Engine Projects/SoloUE4/CrazyTaxiProcGen/CrazyTaxiProcGen.uproject" -canskiplink "A:/Projects/Unreal Engine Projects/SoloUE4/CrazyTaxiProcGen/CrazyTaxiProcGen.uproject" ]
[2019.02.28-15.04.25:108][989]Warning: Starting HotReload took  0.0s.
[2019.02.28-15.04.32:744][904]CompilerResultsLog: New page: Compilation - 28 Feb 2019 15:04:32
[2019.02.28-15.04.32:744][904]CompilerResultsLog: Using 'git status' to determine working set for adaptive non-unity build.
[2019.02.28-15.04.32:744][904]CompilerResultsLog: Creating makefile for hot reloading CrazyTaxiProcGenEditor (ini files are newer than UBTMakefile)
[2019.02.28-15.04.32:744][904]CompilerResultsLog: Compiling game modules for hot reload
[2019.02.28-15.04.32:744][904]CompilerResultsLog: Using Visual Studio 2017 14.15.26726 toolchain (C:\Program Files (x86)\Microsoft Visual Studio\2017\Community\VC\Tools\MSVC\14.15.26726) and Windows 10.0.17134.0 SDK (C:\Program Files (x86)\Windows Kits\10).
[2019.02.28-15.04.32:744][904]CompilerResultsLog: Target is up to date
[2019.02.28-15.04.32:744][904]CompilerResultsLog: Total build time: 7.25 seconds (NoActionsToExecute executor: 0.00 seconds)
[2019.02.28-15.04.32:744][904]LogMainFrame: MainFrame: Module compiling took 7.654 seconds
[2019.02.28-15.04.32:776][904]LogContentBrowser: Native class hierarchy populated in 0.0084 seconds. Added 2576 classes and 607 folders.
[2019.02.28-15.04.32:776][904]Display: HotReload took  7.7s.
[2019.02.28-15.04.39:921][755]LogSlate: Took 0.000193 seconds to synchronously load lazily loaded font '../../../Engine/Content/Slate/Fonts/Roboto-Light.ttf' (167K)
[2019.02.28-15.04.39:927][755]LogAssetEditorManager: Opening Asset editor for Blueprint /Game/MyContent/Blueprints/Bp_Cell.Bp_Cell
[2019.02.28-15.04.40:331][755]LogContentBrowser: Native class hierarchy updated for 'BlueprintGraph' in 0.0006 seconds. Added 116 classes and 0 folders.
[2019.02.28-15.04.42:728][943]LogAssetEditorManager: Opening Asset editor for Blueprint /Game/MyContent/Blueprints/Bp_Cell.Bp_Cell
[2019.02.28-15.04.42:986][943]LogSlate: Took 0.000202 seconds to synchronously load lazily loaded font '../../../Engine/Content/Slate/Fonts/Roboto-BoldCondensed.ttf' (158K)
[2019.02.28-15.04.44:139][ 76]LogSlate: Took 0.000221 seconds to synchronously load lazily loaded font '../../../Engine/Content/Slate/Fonts/Roboto-Italic.ttf' (157K)
[2019.02.28-15.04.46:524][351]LogRenderer: Reallocating scene render targets to support 1152x900 Format 10 NumSamples 1 (Frame:1).
[2019.02.28-15.04.48:378][568]LogSlate: FSceneViewport::OnFocusLost() reason 2
[2019.02.28-15.04.55:659][421]LogSlate: FSceneViewport::OnFocusLost() reason 0
[2019.02.28-15.05.04:967][533]LogSlate: FSceneViewport::OnFocusLost() reason 0
[2019.02.28-15.05.06:248][686]BlueprintLog: New page: Compile Bp_Cell
[2019.02.28-15.05.07:087][762]Cmd: OBJ SAVEPACKAGE PACKAGE="/Game/MyContent/Blueprints/Bp_Cell" FILE="A:/Projects/Unreal Engine Projects/SoloUE4/CrazyTaxiProcGen/Content/MyContent/Blueprints/Bp_Cell.uasset" SILENT=true
[2019.02.28-15.05.07:108][762]LogSavePackage: Moving 'A:/Projects/Unreal Engine Projects/SoloUE4/CrazyTaxiProcGen/Saved/Bp_Cell4D6E3F6E4594000A922898975B36AF84.tmp' to 'A:/Projects/Unreal Engine Projects/SoloUE4/CrazyTaxiProcGen/Content/MyContent/Blueprints/Bp_Cell.uasset'
[2019.02.28-15.05.07:732][836]LogSlate: FSceneViewport::OnFocusLost() reason 0
[2019.02.28-15.05.08:640][945]LogTemp: Repeating last play command: Selected Viewport
[2019.02.28-15.05.08:652][945]LogPlayLevel: PlayLevel: No blueprints needed recompiling
[2019.02.28-15.05.08:664][945]PIE: New page: PIE session: Main (28 Feb 2019 15:05:08)
[2019.02.28-15.05.08:664][945]LogPlayLevel: Creating play world package: /Game/MyContent/Maps/UEDPIE_0_Main
[2019.02.28-15.05.08:666][945]LogPlayLevel: PIE: StaticDuplicateObject took: (0.002041s)
[2019.02.28-15.05.08:667][945]LogAIModule: Creating AISystem for world Main
[2019.02.28-15.05.08:667][945]LogPlayLevel: PIE: World Init took: (0.000666s)
[2019.02.28-15.05.08:667][945]LogPlayLevel: PIE: Created PIE world by copying editor world from /Game/MyContent/Maps/Main.Main to /Game/MyContent/Maps/UEDPIE_0_Main.Main (0.002839s)
[2019.02.28-15.05.08:701][945]LogInit: XAudio2 using 'Headphones (High Definition Audio Device)' : 2 channels at 44.1 kHz using 16 bits per sample (channel mask 0x3)
[2019.02.28-15.05.08:710][945]LogInit: FAudioDevice initialized.
[2019.02.28-15.05.08:757][945]LogLoad: Game class is 'Bp_CrazyTaxiProcGenGameModeBase_C'
[2019.02.28-15.05.08:758][945]LogWorld: Bringing World /Game/MyContent/Maps/UEDPIE_0_Main.Main up for play (max tick rate 0) at 2019.02.28-15.05.08
[2019.02.28-15.05.08:758][945]LogWorld: Bringing up level for play took: 0.000421
[2019.02.28-15.05.08:775][945]LogContentBrowser: Native class hierarchy updated for 'MovieSceneCapture' in 0.0003 seconds. Added 10 classes and 0 folders.
[2019.02.28-15.05.08:867][945]PIE: Play in editor start time for /Game/MyContent/Maps/UEDPIE_0_Main -0.251
[2019.02.28-15.05.15:864][769]LogSlate: Updating window title bar state: overlay mode, drag disabled, window buttons hidden, title bar hidden
[2019.02.28-15.05.15:906][769]LogPlayLevel: Display: Shutting down PIE online subsystems
[2019.02.28-15.05.15:935][769]LogSlate: Updating window title bar state: overlay mode, drag disabled, window buttons hidden, title bar hidden
[2019.02.28-15.05.15:966][770]LogPlayLevel: Display: Destroying online subsystem :Context_6
[2019.02.28-15.05.21:693][454]LogSlate: FSceneViewport::OnFocusLost() reason 0
[2019.02.28-15.05.47:734][519]LogAssetEditorManager: Opening Asset editor for StaticMesh /Game/MyContent/Meshes/Cube2.Cube2
[2019.02.28-15.05.48:181][519]LogRenderer: Reallocating scene render targets to support 1432x924 Format 10 NumSamples 1 (Frame:1).
[2019.02.28-15.05.52:067][946]LogSlate: Window 'Cube2*' being destroyed
[2019.02.28-15.06.57:672][196]LogAssetEditorManager: Opening Asset editor for Material /Game/MyContent/Materials/M_Grey.M_Grey
[2019.02.28-15.06.57:676][196]LogMaterial: Display: Missing cached shader map for material M_Grey, compiling. 
[2019.02.28-15.06.57:790][196]LogMaterial: Display: Missing cached shader map for material M_Grey, compiling. 
[2019.02.28-15.06.57:804][196]LogMaterial: Display: Missing cached shader map for material M_Grey, compiling. 
[2019.02.28-15.06.57:820][196]LogShaderCompilers: Display: Shaders left to compile 21
[2019.02.28-15.06.57:820][196]LogShaderCompilers: Display: Shaders left to compile 20
[2019.02.28-15.06.57:820][196]LogShaderCompilers: Display: Shaders left to compile 19
[2019.02.28-15.06.59:203][341]LogShaderCompilers: Display: Shaders left to compile 18
[2019.02.28-15.06.59:318][354]LogShaderCompilers: Display: Shaders left to compile 17
[2019.02.28-15.06.59:591][384]LogShaderCompilers: Display: Shaders left to compile 16
[2019.02.28-15.06.59:776][405]LogShaderCompilers: Display: Shaders left to compile 15
[2019.02.28-15.06.59:827][411]LogShaderCompilers: Display: Shaders left to compile 14
[2019.02.28-15.07.00:149][443]LogShaderCompilers: Display: Shaders left to compile 13
[2019.02.28-15.07.00:304][461]LogShaderCompilers: Display: Shaders left to compile 12
[2019.02.28-15.07.00:397][472]LogShaderCompilers: Display: Shaders left to compile 11
[2019.02.28-15.07.00:912][530]LogShaderCompilers: Display: Shaders left to compile 10
[2019.02.28-15.07.01:530][599]LogShaderCompilers: Display: Shaders left to compile 9
[2019.02.28-15.07.01:885][639]LogShaderCompilers: Display: Shaders left to compile 8
[2019.02.28-15.07.01:918][643]LogShaderCompilers: Display: Shaders left to compile 7
[2019.02.28-15.07.02:532][714]LogShaderCompilers: Display: Shaders left to compile 6
[2019.02.28-15.07.02:588][720]LogShaderCompilers: Display: Shaders left to compile 5
[2019.02.28-15.07.03:009][768]LogShaderCompilers: Display: Shaders left to compile 4
[2019.02.28-15.07.03:688][846]LogShaderCompilers: Display: Shaders left to compile 3
[2019.02.28-15.07.03:688][846]LogShaderCompilers: Display: Shaders left to compile 2
[2019.02.28-15.07.03:896][870]LogShaderCompilers: Display: Shaders left to compile 1
[2019.02.28-15.07.04:415][927]LogMaterial: Display: Missing cached shader map for material M_Grey, compiling. 
[2019.02.28-15.07.04:428][927]LogMaterial: Display: Missing cached shader map for material FMatExpressionPreview MaterialExpressionConstant3Vector_0, compiling. 
[2019.02.28-15.07.04:435][927]LogMaterial: Display: Missing cached shader map for material M_Grey, compiling. 
[2019.02.28-15.07.04:465][927]LogShaderCompilers: Display: Shaders left to compile 21
[2019.02.28-15.07.04:477][927]LogMaterial: Display: Missing cached shader map for material FMatExpressionPreview MaterialExpressionConstant3Vector_0, compiling. 
[2019.02.28-15.07.04:724][953]LogShaderCompilers: Display: Shaders left to compile 22
[2019.02.28-15.07.04:740][955]LogShaderCompilers: Display: Shaders left to compile 21
[2019.02.28-15.07.05:295][ 18]LogShaderCompilers: Display: Shaders left to compile 20
[2019.02.28-15.07.05:588][ 51]LogShaderCompilers: Display: Shaders left to compile 19
[2019.02.28-15.07.05:766][ 71]LogShaderCompilers: Display: Shaders left to compile 18
[2019.02.28-15.07.06:023][100]LogShaderCompilers: Display: Shaders left to compile 17
[2019.02.28-15.07.06:133][113]LogShaderCompilers: Display: Shaders left to compile 16
[2019.02.28-15.07.06:253][122]LogShaderCompilers: Display: Shaders left to compile 15
[2019.02.28-15.07.06:650][168]LogShaderCompilers: Display: Shaders left to compile 14
[2019.02.28-15.07.06:673][171]LogShaderCompilers: Display: Shaders left to compile 13
[2019.02.28-15.07.06:972][205]LogShaderCompilers: Display: Shaders left to compile 12
[2019.02.28-15.07.07:890][309]LogShaderCompilers: Display: Shaders left to compile 11
[2019.02.28-15.07.08:193][344]LogShaderCompilers: Display: Shaders left to compile 10
[2019.02.28-15.07.08:295][356]LogShaderCompilers: Display: Shaders left to compile 9
[2019.02.28-15.07.09:008][437]LogShaderCompilers: Display: Shaders left to compile 8
[2019.02.28-15.07.09:220][461]LogShaderCompilers: Display: Shaders left to compile 7
[2019.02.28-15.07.09:565][501]LogShaderCompilers: Display: Shaders left to compile 6
[2019.02.28-15.07.10:383][595]LogShaderCompilers: Display: Shaders left to compile 5
[2019.02.28-15.07.10:384][595]LogShaderCompilers: Display: Shaders left to compile 4
[2019.02.28-15.07.10:803][643]LogShaderCompilers: Display: Shaders left to compile 3
[2019.02.28-15.07.11:939][771]LogShaderCompilers: Display: Shaders left to compile 2
[2019.02.28-15.07.11:949][772]LogShaderCompilers: Display: Shaders left to compile 1
[2019.02.28-15.07.12:047][783]MaterialEditorStats: Base pass shader: 99 instructions
[2019.02.28-15.07.12:047][783]MaterialEditorStats: Base pass shader with Volumetric Lightmap: 172 instructions
[2019.02.28-15.07.12:047][783]MaterialEditorStats: Base pass vertex shader: 32 instructions
[2019.02.28-15.07.12:047][783]MaterialEditorStats: Texture samplers: 3/16
[2019.02.28-15.07.12:430][827]LogMaterial: Display: Missing cached shader map for material M_Grey, compiling. 
[2019.02.28-15.07.12:441][827]LogShaderCompilers: Display: Shaders left to compile 21
[2019.02.28-15.07.12:447][827]LogMaterial: Display: Missing cached shader map for material FMatExpressionPreview MaterialExpressionConstant3Vector_0, compiling. 
[2019.02.28-15.07.12:461][827]LogShaderCompilers: Display: Shaders left to compile 22
[2019.02.28-15.07.12:718][856]LogShaderCompilers: Display: Shaders left to compile 21
[2019.02.28-15.07.13:217][914]LogShaderCompilers: Display: Shaders left to compile 20
[2019.02.28-15.07.13:333][927]LogShaderCompilers: Display: Shaders left to compile 19
[2019.02.28-15.07.13:567][954]LogShaderCompilers: Display: Shaders left to compile 18
[2019.02.28-15.07.13:833][984]LogShaderCompilers: Display: Shaders left to compile 17
[2019.02.28-15.07.13:833][984]LogShaderCompilers: Display: Shaders left to compile 16
[2019.02.28-15.07.14:071][ 12]LogShaderCompilers: Display: Shaders left to compile 15
[2019.02.28-15.07.14:188][ 25]LogShaderCompilers: Display: Shaders left to compile 14
[2019.02.28-15.07.14:384][ 48]LogShaderCompilers: Display: Shaders left to compile 13
[2019.02.28-15.07.14:584][ 71]LogShaderCompilers: Display: Shaders left to compile 12
[2019.02.28-15.07.15:454][172]LogShaderCompilers: Display: Shaders left to compile 11
[2019.02.28-15.07.15:665][196]LogShaderCompilers: Display: Shaders left to compile 10
[2019.02.28-15.07.15:926][226]LogShaderCompilers: Display: Shaders left to compile 9
[2019.02.28-15.07.16:396][279]LogMaterial: Display: Missing cached shader map for material M_Grey, compiling. 
[2019.02.28-15.07.16:411][279]LogMaterial: Display: Missing cached shader map for material FMatExpressionPreview MaterialExpressionConstant3Vector_0, compiling. 
[2019.02.28-15.07.16:637][303]LogShaderCompilers: Display: Shaders left to compile 23
[2019.02.28-15.07.16:646][304]LogShaderCompilers: Display: Shaders left to compile 22
[2019.02.28-15.07.17:338][383]LogShaderCompilers: Display: Shaders left to compile 21
[2019.02.28-15.07.17:595][412]LogMaterial: Display: Missing cached shader map for material M_Grey, compiling. 
[2019.02.28-15.07.17:613][412]LogMaterial: Display: Missing cached shader map for material FMatExpressionPreview MaterialExpressionConstant3Vector_0, compiling. 
[2019.02.28-15.07.17:639][412]LogShaderCompilers: Display: Shaders left to compile 23
[2019.02.28-15.07.17:639][412]LogSlate: Window 'Color Picker' being destroyed
[2019.02.28-15.07.17:783][429]LogShaderCompilers: Display: Shaders left to compile 22
[2019.02.28-15.07.17:995][454]LogShaderCompilers: Display: Shaders left to compile 21
[2019.02.28-15.07.18:291][488]LogShaderCompilers: Display: Shaders left to compile 20
[2019.02.28-15.07.18:396][500]LogShaderCompilers: Display: Shaders left to compile 19
[2019.02.28-15.07.18:657][530]LogShaderCompilers: Display: Shaders left to compile 18
[2019.02.28-15.07.18:787][545]LogShaderCompilers: Display: Shaders left to compile 17
[2019.02.28-15.07.18:819][549]LogShaderCompilers: Display: Shaders left to compile 16
[2019.02.28-15.07.19:155][587]LogShaderCompilers: Display: Shaders left to compile 15
[2019.02.28-15.07.19:197][592]LogShaderCompilers: Display: Shaders left to compile 14
[2019.02.28-15.07.19:304][604]LogShaderCompilers: Display: Shaders left to compile 13
[2019.02.28-15.07.19:656][645]LogShaderCompilers: Display: Shaders left to compile 12
[2019.02.28-15.07.19:797][661]LogMaterialEditor: Saving and Compiling material M_Grey
[2019.02.28-15.07.20:340][661]LogShaderCompilers: Display: Shaders left to compile 11
[2019.02.28-15.07.20:340][661]LogShaderCompilers: Display: Shaders left to compile 10
[2019.02.28-15.07.20:340][661]LogShaderCompilers: Display: Shaders left to compile 9
[2019.02.28-15.07.20:355][661]LogMaterial: Display: Missing cached shader map for material M_Grey, compiling. 
[2019.02.28-15.07.20:425][661]LogMaterial: Display: Missing cached shader map for material M_Grey, compiling. 
[2019.02.28-15.07.20:444][661]LogMaterial: Display: Missing cached shader map for material M_Grey, compiling. 
[2019.02.28-15.07.20:494][661]LogMaterial: Display: Missing cached shader map for material FDebugViewModeMaterialProxy M_Grey, compiling. 
[2019.02.28-15.07.22:961][661]LogShaderCompilers: Display: Shaders left to compile 46
[2019.02.28-15.07.22:961][661]LogShaderCompilers: Display: Shaders left to compile 45
[2019.02.28-15.07.22:961][661]LogShaderCompilers: Display: Shaders left to compile 44
[2019.02.28-15.07.22:961][661]LogShaderCompilers: Display: Shaders left to compile 43
[2019.02.28-15.07.22:961][661]LogShaderCompilers: Display: Shaders left to compile 42
[2019.02.28-15.07.22:961][661]LogShaderCompilers: Display: Shaders left to compile 41
[2019.02.28-15.07.22:961][661]LogShaderCompilers: Display: Shaders left to compile 40
[2019.02.28-15.07.22:961][661]LogShaderCompilers: Display: Shaders left to compile 39
[2019.02.28-15.07.22:961][661]LogShaderCompilers: Display: Shaders left to compile 38
[2019.02.28-15.07.22:961][661]LogShaderCompilers: Display: Shaders left to compile 37
[2019.02.28-15.07.22:961][661]LogShaderCompilers: Display: Shaders left to compile 36
[2019.02.28-15.07.22:961][661]LogShaderCompilers: Display: Shaders left to compile 35
[2019.02.28-15.07.22:961][661]LogShaderCompilers: Display: Shaders left to compile 34
[2019.02.28-15.07.22:961][661]LogShaderCompilers: Display: Shaders left to compile 33
[2019.02.28-15.07.22:961][661]LogShaderCompilers: Display: Shaders left to compile 32
[2019.02.28-15.07.22:961][661]LogShaderCompilers: Display: Shaders left to compile 31
[2019.02.28-15.07.22:961][661]LogShaderCompilers: Display: Shaders left to compile 30
[2019.02.28-15.07.22:961][661]LogShaderCompilers: Display: Shaders left to compile 29
[2019.02.28-15.07.22:961][661]LogShaderCompilers: Display: Shaders left to compile 28
[2019.02.28-15.07.22:961][661]LogShaderCompilers: Display: Shaders left to compile 27
[2019.02.28-15.07.22:961][661]LogShaderCompilers: Display: Shaders left to compile 26
[2019.02.28-15.07.22:961][661]LogShaderCompilers: Display: Shaders left to compile 25
[2019.02.28-15.07.22:961][661]LogShaderCompilers: Display: Shaders left to compile 24
[2019.02.28-15.07.22:961][661]LogShaderCompilers: Display: Shaders left to compile 23
[2019.02.28-15.07.22:961][661]LogShaderCompilers: Display: Shaders left to compile 22
[2019.02.28-15.07.22:961][661]LogShaderCompilers: Display: Shaders left to compile 12
[2019.02.28-15.07.22:963][661]TextureStreamingBuild: Display: Compiling optional shaders took 2.476 seconds.
[2019.02.28-15.07.25:692][661]LogShaderCompilers: Display: Shaders left to compile 2
[2019.02.28-15.07.25:734][661]Cmd: OBJ SAVEPACKAGE PACKAGE="/Game/MyContent/Materials/M_Grey" FILE="A:/Projects/Unreal Engine Projects/SoloUE4/CrazyTaxiProcGen/Content/MyContent/Materials/M_Grey.uasset" SILENT=true
[2019.02.28-15.07.25:749][661]LogSavePackage: Moving 'A:/Projects/Unreal Engine Projects/SoloUE4/CrazyTaxiProcGen/Saved/M_GreyE59394CA4E8DB611EDA09E9FF49369C8.tmp' to 'A:/Projects/Unreal Engine Projects/SoloUE4/CrazyTaxiProcGen/Content/MyContent/Materials/M_Grey.uasset'
[2019.02.28-15.07.25:766][661]MaterialEditorStats: Base pass shader: 100 instructions
[2019.02.28-15.07.25:766][661]MaterialEditorStats: Base pass shader with Volumetric Lightmap: 173 instructions
[2019.02.28-15.07.25:766][661]MaterialEditorStats: Base pass vertex shader: 32 instructions
[2019.02.28-15.07.25:766][661]MaterialEditorStats: Texture samplers: 3/16
[2019.02.28-15.07.38:419][135]LogSlate: FSceneViewport::OnFocusLost() reason 0
[2019.02.28-15.07.38:525][144]Cmd: OBJ SAVEPACKAGE PACKAGE="/Game/MyContent/Meshes/Cube2" FILE="A:/Projects/Unreal Engine Projects/SoloUE4/CrazyTaxiProcGen/Content/MyContent/Meshes/Cube2.uasset" SILENT=true
[2019.02.28-15.07.38:539][144]LogSavePackage: Moving 'A:/Projects/Unreal Engine Projects/SoloUE4/CrazyTaxiProcGen/Saved/Cube26E09D6EE4BF090BAC27C6FB87FA97A5B.tmp' to 'A:/Projects/Unreal Engine Projects/SoloUE4/CrazyTaxiProcGen/Content/MyContent/Meshes/Cube2.uasset'
[2019.02.28-15.07.44:625][848]LogAssetEditorManager: Opening Asset editor for Material /Game/MyContent/Materials/M_Blue.M_Blue
[2019.02.28-15.07.44:626][848]LogMaterial: Display: Missing cached shader map for material M_Blue, compiling. 
[2019.02.28-15.07.44:689][848]LogMaterial: Display: Missing cached shader map for material M_Blue, compiling. 
[2019.02.28-15.07.44:703][848]LogMaterial: Display: Missing cached shader map for material M_Blue, compiling. 
[2019.02.28-15.07.44:731][848]LogShaderCompilers: Display: Shaders left to compile 21
[2019.02.28-15.07.44:731][848]LogShaderCompilers: Display: Shaders left to compile 20
[2019.02.28-15.07.44:731][848]LogShaderCompilers: Display: Shaders left to compile 19
[2019.02.28-15.07.45:278][902]LogShaderCompilers: Display: Shaders left to compile 18
[2019.02.28-15.07.45:989][981]LogShaderCompilers: Display: Shaders left to compile 17
[2019.02.28-15.07.48:624][274]LogShaderCompilers: Display: Shaders left to compile 16
[2019.02.28-15.07.48:788][293]LogShaderCompilers: Display: Shaders left to compile 15
[2019.02.28-15.07.49:168][337]LogShaderCompilers: Display: Shaders left to compile 14
[2019.02.28-15.07.49:692][397]LogShaderCompilers: Display: Shaders left to compile 13
[2019.02.28-15.07.49:812][411]LogShaderCompilers: Display: Shaders left to compile 12
[2019.02.28-15.07.49:827][411]LogMaterial: Display: Missing cached shader map for material M_Blue, compiling. 
[2019.02.28-15.07.49:840][411]LogMaterial: Display: Missing cached shader map for material FMatExpressionPreview MaterialExpressionConstant3Vector_0, compiling. 
[2019.02.28-15.07.49:845][411]LogMaterial: Display: Missing cached shader map for material M_Blue, compiling. 
[2019.02.28-15.07.49:885][411]LogMaterial: Display: Missing cached shader map for material FMatExpressionPreview MaterialExpressionConstant3Vector_0, compiling. 
[2019.02.28-15.07.49:901][412]LogShaderCompilers: Display: Shaders left to compile 23
[2019.02.28-15.07.50:169][443]LogShaderCompilers: Display: Shaders left to compile 22
[2019.02.28-15.07.50:648][498]LogShaderCompilers: Display: Shaders left to compile 21
[2019.02.28-15.07.50:947][532]LogShaderCompilers: Display: Shaders left to compile 20
[2019.02.28-15.07.51:076][547]LogShaderCompilers: Display: Shaders left to compile 19
[2019.02.28-15.07.51:574][601]LogShaderCompilers: Display: Shaders left to compile 18
[2019.02.28-15.07.51:643][609]LogShaderCompilers: Display: Shaders left to compile 17
[2019.02.28-15.07.51:822][629]LogShaderCompilers: Display: Shaders left to compile 16
[2019.02.28-15.07.52:234][676]LogShaderCompilers: Display: Shaders left to compile 15
[2019.02.28-15.07.52:311][685]LogShaderCompilers: Display: Shaders left to compile 14
[2019.02.28-15.07.52:311][685]LogShaderCompilers: Display: Shaders left to compile 13
[2019.02.28-15.07.52:491][705]LogMaterial: Display: Missing cached shader map for material M_Blue, compiling. 
[2019.02.28-15.07.52:512][705]LogMaterial: Display: Missing cached shader map for material FMatExpressionPreview MaterialExpressionConstant3Vector_0, compiling. 
[2019.02.28-15.07.52:782][734]LogShaderCompilers: Display: Shaders left to compile 23
[2019.02.28-15.07.53:486][810]LogMaterial: Display: Missing cached shader map for material M_Blue, compiling. 
[2019.02.28-15.07.53:503][810]LogMaterial: Display: Missing cached shader map for material FMatExpressionPreview MaterialExpressionConstant3Vector_0, compiling. 
[2019.02.28-15.07.53:947][858]LogShaderCompilers: Display: Shaders left to compile 23
[2019.02.28-15.07.54:074][872]LogShaderCompilers: Display: Shaders left to compile 22
[2019.02.28-15.07.54:124][878]LogShaderCompilers: Display: Shaders left to compile 21
[2019.02.28-15.07.54:829][959]LogShaderCompilers: Display: Shaders left to compile 20
[2019.02.28-15.07.54:873][964]LogShaderCompilers: Display: Shaders left to compile 19
[2019.02.28-15.07.54:924][970]LogShaderCompilers: Display: Shaders left to compile 18
[2019.02.28-15.07.55:221][  3]LogMaterial: Display: Missing cached shader map for material M_Blue, compiling. 
[2019.02.28-15.07.55:237][  3]LogMaterial: Display: Missing cached shader map for material FMatExpressionPreview MaterialExpressionConstant3Vector_0, compiling. 
[2019.02.28-15.07.55:367][ 16]LogShaderCompilers: Display: Shaders left to compile 23
[2019.02.28-15.07.55:386][ 18]LogShaderCompilers: Display: Shaders left to compile 22
[2019.02.28-15.07.55:386][ 18]LogShaderCompilers: Display: Shaders left to compile 21
[2019.02.28-15.07.56:007][ 89]LogShaderCompilers: Display: Shaders left to compile 20
[2019.02.28-15.07.56:147][105]LogShaderCompilers: Display: Shaders left to compile 19
[2019.02.28-15.07.56:155][106]LogShaderCompilers: Display: Shaders left to compile 18
[2019.02.28-15.07.56:618][159]LogShaderCompilers: Display: Shaders left to compile 17
[2019.02.28-15.07.56:652][163]LogShaderCompilers: Display: Shaders left to compile 16
[2019.02.28-15.07.56:762][176]LogShaderCompilers: Display: Shaders left to compile 15
[2019.02.28-15.07.57:094][214]LogShaderCompilers: Display: Shaders left to compile 14
[2019.02.28-15.07.57:184][224]LogShaderCompilers: Display: Shaders left to compile 13
[2019.02.28-15.07.57:277][235]LogShaderCompilers: Display: Shaders left to compile 12
[2019.02.28-15.07.57:647][276]LogMaterial: Display: Missing cached shader map for material M_Blue, compiling. 
[2019.02.28-15.07.57:665][276]LogMaterial: Display: Missing cached shader map for material FMatExpressionPreview MaterialExpressionConstant3Vector_0, compiling. 
[2019.02.28-15.07.58:383][355]LogShaderCompilers: Display: Shaders left to compile 23
[2019.02.28-15.07.58:691][391]LogShaderCompilers: Display: Shaders left to compile 22
[2019.02.28-15.07.59:039][430]LogShaderCompilers: Display: Shaders left to compile 21
[2019.02.28-15.07.59:093][436]LogMaterial: Display: Missing cached shader map for material M_Blue, compiling. 
[2019.02.28-15.07.59:113][436]LogMaterial: Display: Missing cached shader map for material FMatExpressionPreview MaterialExpressionConstant3Vector_0, compiling. 
[2019.02.28-15.07.59:139][436]LogShaderCompilers: Display: Shaders left to compile 23
[2019.02.28-15.07.59:139][436]LogSlate: Window 'Color Picker' being destroyed
[2019.02.28-15.07.59:435][470]LogShaderCompilers: Display: Shaders left to compile 22
[2019.02.28-15.07.59:688][498]LogShaderCompilers: Display: Shaders left to compile 21
[2019.02.28-15.07.59:811][512]LogShaderCompilers: Display: Shaders left to compile 20
[2019.02.28-15.08.00:095][544]LogShaderCompilers: Display: Shaders left to compile 19
[2019.02.28-15.08.00:396][579]LogShaderCompilers: Display: Shaders left to compile 18
[2019.02.28-15.08.00:396][579]LogShaderCompilers: Display: Shaders left to compile 17
[2019.02.28-15.08.00:425][582]LogMaterialEditor: Saving and Compiling material M_Blue
[2019.02.28-15.08.00:944][582]LogShaderCompilers: Display: Shaders left to compile 16
[2019.02.28-15.08.00:944][582]LogShaderCompilers: Display: Shaders left to compile 15
[2019.02.28-15.08.00:944][582]LogShaderCompilers: Display: Shaders left to compile 14
[2019.02.28-15.08.00:944][582]LogShaderCompilers: Display: Shaders left to compile 13
[2019.02.28-15.08.00:958][582]LogShaderCompilers: Display: Shaders left to compile 2
[2019.02.28-15.08.00:958][582]LogMaterial: Display: Missing cached shader map for material M_Blue, compiling. 
[2019.02.28-15.08.01:026][582]LogMaterial: Display: Missing cached shader map for material M_Blue, compiling. 
[2019.02.28-15.08.01:045][582]LogMaterial: Display: Missing cached shader map for material M_Blue, compiling. 
[2019.02.28-15.08.01:092][582]LogMaterial: Display: Missing cached shader map for material FDebugViewModeMaterialProxy M_Blue, compiling. 
[2019.02.28-15.08.03:269][582]LogShaderCompilers: Display: Shaders left to compile 45
[2019.02.28-15.08.03:269][582]LogShaderCompilers: Display: Shaders left to compile 44
[2019.02.28-15.08.03:269][582]LogShaderCompilers: Display: Shaders left to compile 43
[2019.02.28-15.08.03:269][582]LogShaderCompilers: Display: Shaders left to compile 42
[2019.02.28-15.08.03:269][582]LogShaderCompilers: Display: Shaders left to compile 41
[2019.02.28-15.08.03:270][582]LogShaderCompilers: Display: Shaders left to compile 40
[2019.02.28-15.08.03:270][582]LogShaderCompilers: Display: Shaders left to compile 39
[2019.02.28-15.08.03:270][582]LogShaderCompilers: Display: Shaders left to compile 38
[2019.02.28-15.08.03:270][582]LogShaderCompilers: Display: Shaders left to compile 37
[2019.02.28-15.08.03:270][582]LogShaderCompilers: Display: Shaders left to compile 36
[2019.02.28-15.08.03:270][582]LogShaderCompilers: Display: Shaders left to compile 35
[2019.02.28-15.08.03:270][582]LogShaderCompilers: Display: Shaders left to compile 34
[2019.02.28-15.08.03:270][582]LogShaderCompilers: Display: Shaders left to compile 33
[2019.02.28-15.08.03:270][582]LogShaderCompilers: Display: Shaders left to compile 32
[2019.02.28-15.08.03:270][582]LogShaderCompilers: Display: Shaders left to compile 31
[2019.02.28-15.08.03:270][582]LogShaderCompilers: Display: Shaders left to compile 30
[2019.02.28-15.08.03:270][582]LogShaderCompilers: Display: Shaders left to compile 29
[2019.02.28-15.08.03:270][582]LogShaderCompilers: Display: Shaders left to compile 28
[2019.02.28-15.08.03:270][582]LogShaderCompilers: Display: Shaders left to compile 27
[2019.02.28-15.08.03:270][582]LogShaderCompilers: Display: Shaders left to compile 26
[2019.02.28-15.08.03:270][582]LogShaderCompilers: Display: Shaders left to compile 25
[2019.02.28-15.08.03:270][582]LogShaderCompilers: Display: Shaders left to compile 24
[2019.02.28-15.08.03:270][582]LogShaderCompilers: Display: Shaders left to compile 23
[2019.02.28-15.08.03:270][582]LogShaderCompilers: Display: Shaders left to compile 22
[2019.02.28-15.08.03:270][582]LogShaderCompilers: Display: Shaders left to compile 12
[2019.02.28-15.08.03:270][582]LogShaderCompilers: Display: Shaders left to compile 2
[2019.02.28-15.08.03:271][582]TextureStreamingBuild: Display: Compiling optional shaders took 2.185 seconds.
[2019.02.28-15.08.06:128][582]Cmd: OBJ SAVEPACKAGE PACKAGE="/Game/MyContent/Materials/M_Blue" FILE="A:/Projects/Unreal Engine Projects/SoloUE4/CrazyTaxiProcGen/Content/MyContent/Materials/M_Blue.uasset" SILENT=true
[2019.02.28-15.08.06:143][582]LogSavePackage: Moving 'A:/Projects/Unreal Engine Projects/SoloUE4/CrazyTaxiProcGen/Saved/M_Blue548E041F457C2DCA10D888AB3660B52C.tmp' to 'A:/Projects/Unreal Engine Projects/SoloUE4/CrazyTaxiProcGen/Content/MyContent/Materials/M_Blue.uasset'
[2019.02.28-15.08.06:158][582]MaterialEditorStats: Base pass shader: 100 instructions
[2019.02.28-15.08.06:158][582]MaterialEditorStats: Base pass shader with Volumetric Lightmap: 173 instructions
[2019.02.28-15.08.06:158][582]MaterialEditorStats: Base pass vertex shader: 32 instructions
[2019.02.28-15.08.06:158][582]MaterialEditorStats: Texture samplers: 3/16
[2019.02.28-15.08.24:706][434]LogAssetEditorManager: Opening Asset editor for StaticMesh /Game/MyContent/Meshes/Cube3.Cube3
[2019.02.28-15.08.32:989][184]Cmd: OBJ SAVEPACKAGE PACKAGE="/Game/MyContent/Meshes/Cube3" FILE="A:/Projects/Unreal Engine Projects/SoloUE4/CrazyTaxiProcGen/Content/MyContent/Meshes/Cube3.uasset" SILENT=true
[2019.02.28-15.08.33:004][184]LogSavePackage: Moving 'A:/Projects/Unreal Engine Projects/SoloUE4/CrazyTaxiProcGen/Saved/Cube3FDAB60CC47C466883E8335B6000BFA64.tmp' to 'A:/Projects/Unreal Engine Projects/SoloUE4/CrazyTaxiProcGen/Content/MyContent/Meshes/Cube3.uasset'
[2019.02.28-15.09.49:106][460]LogAssetEditorManager: Opening Asset editor for Blueprint /Game/Bp_Cell2.Bp_Cell2
[2019.02.28-15.09.49:379][460]LogSlate: Window 'Add Blueprint Class' being destroyed
[2019.02.28-15.09.56:530][224]LogSlate: Window 'Bp_Cell2*' being destroyed
[2019.02.28-15.09.59:879][617]LogMetaData: Removing '/Game/MyContent/Bp_Cell2.Bp_Cell2:UserConstructionScript.K2Node_FunctionEntry_0' ref from Metadata '/Game/Bp_Cell2.PackageMetaData'
[2019.02.28-15.09.59:879][617]LogMetaData: Removing '/Game/MyContent/Bp_Cell2.SKEL_Bp_Cell2_C' ref from Metadata '/Game/Bp_Cell2.PackageMetaData'
[2019.02.28-15.09.59:879][617]LogMetaData: Removing '/Game/MyContent/Bp_Cell2.Bp_Cell2_C' ref from Metadata '/Game/Bp_Cell2.PackageMetaData'
[2019.02.28-15.09.59:879][617]LogMetaData: Removing '/Game/MyContent/Bp_Cell2.Bp_Cell2:EventGraph.K2Node_Event_0' ref from Metadata '/Game/Bp_Cell2.PackageMetaData'
[2019.02.28-15.09.59:879][617]LogMetaData: Removing '/Game/MyContent/Bp_Cell2.Bp_Cell2:EventGraph.K2Node_Event_1' ref from Metadata '/Game/Bp_Cell2.PackageMetaData'
[2019.02.28-15.09.59:879][617]LogMetaData: Removing '/Game/MyContent/Bp_Cell2.Bp_Cell2:EventGraph.K2Node_Event_2' ref from Metadata '/Game/Bp_Cell2.PackageMetaData'
[2019.02.28-15.09.59:905][617]Cmd: OBJ SAVEPACKAGE PACKAGE="/Game/MyContent/Bp_Cell2" FILE="A:/Projects/Unreal Engine Projects/SoloUE4/CrazyTaxiProcGen/Content/MyContent/Bp_Cell2.uasset" SILENT=true
[2019.02.28-15.09.59:917][617]LogSavePackage: Moving 'A:/Projects/Unreal Engine Projects/SoloUE4/CrazyTaxiProcGen/Saved/Bp_Cell2B9FEA6D6444338C525F98B9ACEAB90D9.tmp' to 'A:/Projects/Unreal Engine Projects/SoloUE4/CrazyTaxiProcGen/Content/MyContent/Bp_Cell2.uasset'
[2019.02.28-15.10.03:370][997]LogMetaData: Removing '/Game/MyContent/Blueprints/Bp_Cell2.Bp_Cell2_C' ref from Metadata '/Game/MyContent/Bp_Cell2.PackageMetaData'
[2019.02.28-15.10.03:370][997]LogMetaData: Removing '/Game/MyContent/Blueprints/Bp_Cell2.SKEL_Bp_Cell2_C' ref from Metadata '/Game/MyContent/Bp_Cell2.PackageMetaData'
[2019.02.28-15.10.03:370][997]LogMetaData: Removing '/Game/MyContent/Blueprints/Bp_Cell2.Bp_Cell2:UserConstructionScript.K2Node_FunctionEntry_0' ref from Metadata '/Game/MyContent/Bp_Cell2.PackageMetaData'
[2019.02.28-15.10.03:370][997]LogMetaData: Removing '/Game/MyContent/Blueprints/Bp_Cell2.Bp_Cell2:EventGraph.K2Node_Event_0' ref from Metadata '/Game/MyContent/Bp_Cell2.PackageMetaData'
[2019.02.28-15.10.03:370][997]LogMetaData: Removing '/Game/MyContent/Blueprints/Bp_Cell2.Bp_Cell2:EventGraph.K2Node_Event_1' ref from Metadata '/Game/MyContent/Bp_Cell2.PackageMetaData'
[2019.02.28-15.10.03:370][997]LogMetaData: Removing '/Game/MyContent/Blueprints/Bp_Cell2.Bp_Cell2:EventGraph.K2Node_Event_2' ref from Metadata '/Game/MyContent/Bp_Cell2.PackageMetaData'
[2019.02.28-15.10.03:394][997]Cmd: OBJ SAVEPACKAGE PACKAGE="/Game/MyContent/Blueprints/Bp_Cell2" FILE="A:/Projects/Unreal Engine Projects/SoloUE4/CrazyTaxiProcGen/Content/MyContent/Blueprints/Bp_Cell2.uasset" SILENT=true
[2019.02.28-15.10.03:406][997]LogSavePackage: Moving 'A:/Projects/Unreal Engine Projects/SoloUE4/CrazyTaxiProcGen/Saved/Bp_Cell267D952EC4C236D9E315DEB879B9FC008.tmp' to 'A:/Projects/Unreal Engine Projects/SoloUE4/CrazyTaxiProcGen/Content/MyContent/Blueprints/Bp_Cell2.uasset'
[2019.02.28-15.10.17:926][662]LogSlate: FSceneViewport::OnFocusLost() reason 0
[2019.02.28-15.10.42:750][513]LogSlate: FSceneViewport::OnFocusLost() reason 0
[2019.02.28-15.10.52:924][647]LogSlate: FSceneViewport::OnFocusLost() reason 0
[2019.02.28-15.11.39:772][864]BlueprintLog: New page: Compile Bp_Cell2
[2019.02.28-15.11.40:433][917]Cmd: OBJ SAVEPACKAGE PACKAGE="/Game/MyContent/Blueprints/Bp_Cell2" FILE="A:/Projects/Unreal Engine Projects/SoloUE4/CrazyTaxiProcGen/Content/MyContent/Blueprints/Bp_Cell2.uasset" SILENT=true
[2019.02.28-15.11.40:454][917]LogSavePackage: Moving 'A:/Projects/Unreal Engine Projects/SoloUE4/CrazyTaxiProcGen/Saved/Bp_Cell2B68911804629E7E960079B9EBEA8F60E.tmp' to 'A:/Projects/Unreal Engine Projects/SoloUE4/CrazyTaxiProcGen/Content/MyContent/Blueprints/Bp_Cell2.uasset'
[2019.02.28-15.12.38:728][667]BlueprintLog: New page: Compile Bp_Cell2
[2019.02.28-15.12.39:662][755]Cmd: OBJ SAVEPACKAGE PACKAGE="/Game/MyContent/Blueprints/Bp_Cell2" FILE="A:/Projects/Unreal Engine Projects/SoloUE4/CrazyTaxiProcGen/Content/MyContent/Blueprints/Bp_Cell2.uasset" SILENT=true
[2019.02.28-15.12.39:680][755]LogSavePackage: Moving 'A:/Projects/Unreal Engine Projects/SoloUE4/CrazyTaxiProcGen/Saved/Bp_Cell262890DCD4DF6877F5BD93D910C62C6C3.tmp' to 'A:/Projects/Unreal Engine Projects/SoloUE4/CrazyTaxiProcGen/Content/MyContent/Blueprints/Bp_Cell2.uasset'
[2019.02.28-15.12.46:296][535]LogEditorActor: Deleted Actor: GroupActor
[2019.02.28-15.12.46:325][535]LogEditorActor: Deleted 1 Actors (0.034 secs)
[2019.02.28-15.12.48:520][792]LogEditorActor: Deleted Actor: GroupActor
[2019.02.28-15.12.48:547][792]LogEditorActor: Deleted 1 Actors (0.029 secs)
[2019.02.28-15.12.51:163][100]LogSlate: Prevented a slow task dialog from being summoned while a context menu was open
[2019.02.28-15.12.54:269][467]LogTemp: Repeating last play command: Selected Viewport
[2019.02.28-15.12.54:282][467]LogPlayLevel: PlayLevel: No blueprints needed recompiling
[2019.02.28-15.12.54:282][467]PIE: New page: PIE session: Main (28 Feb 2019 15:12:54)
[2019.02.28-15.12.54:282][467]LogPlayLevel: Creating play world package: /Game/MyContent/Maps/UEDPIE_0_Main
[2019.02.28-15.12.54:284][467]LogPlayLevel: PIE: StaticDuplicateObject took: (0.001897s)
[2019.02.28-15.12.54:285][467]LogAIModule: Creating AISystem for world Main
[2019.02.28-15.12.54:285][467]LogPlayLevel: PIE: World Init took: (0.000685s)
[2019.02.28-15.12.54:285][467]LogPlayLevel: PIE: Created PIE world by copying editor world from /Game/MyContent/Maps/Main.Main to /Game/MyContent/Maps/UEDPIE_0_Main.Main (0.002712s)
[2019.02.28-15.12.54:322][467]LogInit: XAudio2 using 'Headphones (High Definition Audio Device)' : 2 channels at 44.1 kHz using 16 bits per sample (channel mask 0x3)
[2019.02.28-15.12.54:336][467]LogInit: FAudioDevice initialized.
[2019.02.28-15.12.54:363][467]LogLoad: Game class is 'Bp_CrazyTaxiProcGenGameModeBase_C'
[2019.02.28-15.12.54:365][467]LogWorld: Bringing World /Game/MyContent/Maps/UEDPIE_0_Main.Main up for play (max tick rate 0) at 2019.02.28-15.12.54
[2019.02.28-15.12.54:365][467]LogWorld: Bringing up level for play took: 0.000550
[2019.02.28-15.12.54:526][467]PIE: Play in editor start time for /Game/MyContent/Maps/UEDPIE_0_Main -0.591
[2019.02.28-15.13.13:448][403]LogSlate: Updating window title bar state: overlay mode, drag disabled, window buttons hidden, title bar hidden
[2019.02.28-15.13.13:505][403]LogPlayLevel: Display: Shutting down PIE online subsystems
[2019.02.28-15.13.13:542][403]LogSlate: Updating window title bar state: overlay mode, drag disabled, window buttons hidden, title bar hidden
[2019.02.28-15.13.13:568][404]LogPlayLevel: Display: Destroying online subsystem :Context_13
[2019.02.28-15.13.15:036][577]LogSlate: FSceneViewport::OnFocusLost() reason 0
[2019.02.28-15.13.15:157][589]Cmd: OBJ SAVEPACKAGE PACKAGE="/Game/MyContent/Maps/Main" FILE="A:/Projects/Unreal Engine Projects/SoloUE4/CrazyTaxiProcGen/Content/MyContent/Maps/Main.umap" SILENT=true AUTOSAVING=false KEEPDIRTY=false
[2019.02.28-15.13.15:210][589]LogSavePackage: Moving 'A:/Projects/Unreal Engine Projects/SoloUE4/CrazyTaxiProcGen/Saved/Main5BA69578444AF50B2C8F7291F46C5DB4.tmp' to 'A:/Projects/Unreal Engine Projects/SoloUE4/CrazyTaxiProcGen/Content/MyContent/Maps/Main.umap'
