Log file open, 03/15/19 07:05:33
LogWindows: Failed to load 'aqProf.dll' (GetLastError=126)
LogWindows: File 'aqProf.dll' does not exist
LogWindows: Failed to load 'VtuneApi.dll' (GetLastError=126)
LogWindows: File 'VtuneApi.dll' does not exist
LogWindows: Failed to load 'VtuneApi32e.dll' (GetLastError=126)
LogWindows: File 'VtuneApi32e.dll' does not exist
LogInit: Display: Running engine for game: CrazyTaxiProcGen
LogPlatformFile: Not using cached read wrapper
LogTaskGraph: Started task graph with 5 named threads and 14 total threads with 3 sets of task threads.
LogStats: Stats thread started at 0.184598
LogD3D11RHI: Loaded GFSDK_Aftermath_Lib.x64.dll
LogICUInternationalization: Display: ICU TimeZone Detection - Raw Offset: +0:00, Platform Override: ''
LogPluginManager: Mounting plugin Paper2D
LogPluginManager: Mounting plugin AISupport
LogPluginManager: Mounting plugin LightPropagationVolume
LogPluginManager: Mounting plugin CLionSourceCodeAccess
LogPluginManager: Mounting plugin CodeLiteSourceCodeAccess
LogPluginManager: Mounting plugin GitSourceControl
LogPluginManager: Mounting plugin KDevelopSourceCodeAccess
LogPluginManager: Mounting plugin NullSourceCodeAccess
LogPluginManager: Mounting plugin PerforceSourceControl
LogPluginManager: Mounting plugin SubversionSourceControl
LogPluginManager: Mounting plugin UObjectPlugin
LogPluginManager: Mounting plugin VisualStudioCodeSourceCodeAccess
LogPluginManager: Mounting plugin VisualStudioSourceCodeAccess
LogPluginManager: Mounting plugin XCodeSourceCodeAccess
LogPluginManager: Mounting plugin AssetManagerEditor
LogPluginManager: Mounting plugin CryptoKeys
LogPluginManager: Mounting plugin DataValidation
LogPluginManager: Mounting plugin FacialAnimation
LogPluginManager: Mounting plugin GameplayTagsEditor
LogPluginManager: Mounting plugin MacGraphicsSwitching
LogPluginManager: Mounting plugin MeshEditor
LogPluginManager: Mounting plugin MobileLauncherProfileWizard
LogPluginManager: Mounting plugin PluginBrowser
LogPluginManager: Mounting plugin SpeedTreeImporter
LogPluginManager: Mounting plugin DatasmithContent
LogPluginManager: Mounting plugin AlembicImporter
LogPluginManager: Mounting plugin AppleImageUtils
LogPluginManager: Mounting plugin AppleVision
LogPluginManager: Mounting plugin BackChannel
LogPluginManager: Mounting plugin CharacterAI
LogPluginManager: Mounting plugin GeometryCache
LogPluginManager: Mounting plugin HTML5Networking
LogPluginManager: Mounting plugin ProxyLODPlugin
LogPluginManager: Mounting plugin MagicLeap
LogPluginManager: Mounting plugin MagicLeapEmulator
LogPluginManager: Mounting plugin MagicLeapMedia
LogPluginManager: Mounting plugin AndroidMedia
LogPluginManager: Mounting plugin AvfMedia
LogPluginManager: Mounting plugin ImgMedia
LogPluginManager: Mounting plugin LinearTimecode
LogPluginManager: Mounting plugin MediaCompositing
LogPluginManager: Mounting plugin MediaPlayerEditor
LogPluginManager: Mounting plugin WmfMedia
LogPluginManager: Mounting plugin TcpMessaging
LogPluginManager: Mounting plugin UdpMessaging
LogPluginManager: Mounting plugin ActorSequence
LogPluginManager: Mounting plugin LevelSequenceEditor
LogPluginManager: Mounting plugin MatineeToLevelSequence
LogPluginManager: Mounting plugin NetcodeUnitTest
LogPluginManager: Mounting plugin NUTUnrealEngine4
LogPluginManager: Mounting plugin OnlineSubsystemGooglePlay
LogPluginManager: Mounting plugin OnlineSubsystemIOS
LogPluginManager: Mounting plugin OnlineSubsystem
LogPluginManager: Mounting plugin OnlineSubsystemNull
LogPluginManager: Mounting plugin OnlineSubsystemUtils
LogPluginManager: Mounting plugin LauncherChunkInstaller
LogPluginManager: Mounting plugin AndroidDeviceProfileSelector
LogPluginManager: Mounting plugin AndroidMoviePlayer
LogPluginManager: Mounting plugin AndroidPermission
LogPluginManager: Mounting plugin AppleMoviePlayer
LogPluginManager: Mounting plugin ArchVisCharacter
LogPluginManager: Mounting plugin AudioCapture
LogPluginManager: Mounting plugin CableComponent
LogPluginManager: Mounting plugin CustomMeshComponent
LogPluginManager: Mounting plugin EditableMesh
LogPluginManager: Mounting plugin ExampleDeviceProfileSelector
LogPluginManager: Mounting plugin GoogleCloudMessaging
LogPluginManager: Mounting plugin ImmediatePhysics
LogPluginManager: Mounting plugin IOSDeviceProfileSelector
LogPluginManager: Mounting plugin LinuxDeviceProfileSelector
LogPluginManager: Mounting plugin LocationServicesBPLibrary
LogPluginManager: Mounting plugin MobilePatchingUtils
LogPluginManager: Mounting plugin OculusVR
LogPluginManager: Plugin shader directory ../../../Engine/Plugins/Runtime/Oculus/OculusVR/Shaders found
LogPluginManager: Mapping shader source directory ../../../Engine/Plugins/Runtime/Oculus/OculusVR/Shaders to virtual directory /Plugin/OculusVR
LogPluginManager: Mounting plugin PhysXVehicles
LogPluginManager: Mounting plugin ProceduralMeshComponent
LogPluginManager: Mounting plugin RuntimePhysXCooking
LogPluginManager: Mounting plugin SteamVR
LogPluginManager: Mounting plugin WindowsMoviePlayer
LogStreaming: Display: Took  0.117s to configure plugins.
LogInit: Using libcurl 7.55.1-DEV
LogInit:  - built for x86_64-pc-win32
LogInit:  - supports SSL with OpenSSL/1.0.2h
LogInit:  - supports HTTP deflate (compression) using libz 1.2.8
LogInit:  - other features:
LogInit:      CURL_VERSION_SSL
LogInit:      CURL_VERSION_LIBZ
LogInit:      CURL_VERSION_IPV6
LogInit:      CURL_VERSION_ASYNCHDNS
LogInit:      CURL_VERSION_LARGEFILE
LogInit:      CURL_VERSION_IDN
LogInit:  CurlRequestOptions (configurable via config and command line):
LogInit:  - bVerifyPeer = false  - Libcurl will NOT verify peer certificate
LogInit:  - bUseHttpProxy = false  - Libcurl will NOT use HTTP proxy
LogInit:  - bDontReuseConnections = false  - Libcurl will reuse connections
LogInit:  - CertBundlePath = nullptr  - Libcurl will use whatever was configured at build time.
LogInit:  - MaxHostConnections = 16  - Libcurl will limit the number of connections to a host
LogInit:  - LocalHostAddr = Default
LogInit:  - BufferSize = 65536
LogInit: WinSock: version 1.1 (2.2), MaxSocks=32767, MaxUdp=65467
LogInit: Build: ++UE4+Release-4.20-CL-4369336
LogInit: Engine Version: 4.20.3-4369336+++UE4+Release-4.20
LogInit: Compatible Engine Version: 4.20.0-4212847+++UE4+Release-4.20
LogInit: Net CL: 4212847
LogInit: OS: Windows 10 (), CPU: Intel(R) Core(TM) i5-6600 CPU @ 3.30GHz, GPU: NVIDIA GeForce GTX 970
LogInit: Compiled (64-bit): Sep 17 2018 12:26:19
LogInit: Compiled with Visual C++: 19.13.26129.00
LogInit: Build Configuration: Development
LogInit: Branch Name: ++UE4+Release-4.20
LogInit: Command Line:  
LogInit: Base Directory: C:/Program Files/Epic Games/UE_4.20/Engine/Binaries/Win64/
LogInit: Installed Engine Build: 1
LogDevObjectVersion: Number of dev versions registered: 20
LogDevObjectVersion:   Dev-Blueprints (B0D832E4-1F89-4F0D-ACCF-7EB736FD4AA2): 10
LogDevObjectVersion:   Dev-Build (E1C64328-A22C-4D53-A36C-8E866417BD8C): 0
LogDevObjectVersion:   Dev-Core (375EC13C-06E4-48FB-B500-84F0262A717E): 2
LogDevObjectVersion:   Dev-Editor (E4B068ED-F494-42E9-A231-DA0B2E46BB41): 24
LogDevObjectVersion:   Dev-Framework (CFFC743F-43B0-4480-9391-14DF171D2073): 34
LogDevObjectVersion:   Dev-Mobile (B02B49B5-BB20-44E9-A304-32B752E40360): 2
LogDevObjectVersion:   Dev-Networking (A4E4105C-59A1-49B5-A7C5-40C4547EDFEE): 0
LogDevObjectVersion:   Dev-Online (39C831C9-5AE6-47DC-9A44-9C173E1C8E7C): 0
LogDevObjectVersion:   Dev-Physics (78F01B33-EBEA-4F98-B9B4-84EACCB95AA2): 0
LogDevObjectVersion:   Dev-Platform (6631380F-2D4D-43E0-8009-CF276956A95A): 0
LogDevObjectVersion:   Dev-Rendering (12F88B9F-8875-4AFC-A67C-D90C383ABD29): 26
LogDevObjectVersion:   Dev-Sequencer (7B5AE74C-D270-4C10-A958-57980B212A5A): 9
LogDevObjectVersion:   Dev-VR (D7296918-1DD6-4BDD-9DE2-64A83CC13884): 2
LogDevObjectVersion:   Dev-LoadTimes (C2A15278-BFE7-4AFE-6C17-90FF531DF755): 1
LogDevObjectVersion:   Private-Geometry (6EACA3D4-40EC-4CC1-B786-8BED09428FC5): 3
LogDevObjectVersion:   Dev-AnimPhys (29E575DD-E0A3-4627-9D10-D276232CDCEA): 17
LogDevObjectVersion:   Dev-ReflectionCapture (6B266CEC-1EC7-4B8F-A30B-E4D90942FC07): 1
LogDevObjectVersion:   Dev-Automation (0DF73D61-A23F-47EA-B727-89E90C41499A): 1
LogDevObjectVersion:   FortniteMain (601D1886-AC64-4F84-AA16-D3DE0DEAC7D6): 12
LogDevObjectVersion:   Dev-Enterprise (9DFFBCD6-494F-0158-E221-12823C92A888): 1
LogStreaming: Display: Took  0.002s to delete old logs.
LogInit: Presizing for max 8388607 objects, including 0 objects not considered by GC, pre-allocating 0 bytes for permanent pool.
LogInit: Object subsystem initialized
[2019.03.15-07.05.33:843][  0]LogInit: Selected Device Profile: [Windows]
[2019.03.15-07.05.33:843][  0]LogInit: Applying CVar settings loaded from the selected device profile: [Windows]
[2019.03.15-07.05.33:853][  0]LogHAL: Display: Platform has ~ 16 GB [17116667904 / 17179869184 / 16], which maps to Larger [LargestMinGB=32, LargerMinGB=12, DefaultMinGB=8, SmallerMinGB=6, SmallestMinGB=0)
[2019.03.15-07.05.33:853][  0]LogInit: Setting Device Profile CVar: [[r.Vulkan.UseRealUBs:1]]
[2019.03.15-07.05.33:853][  0]LogInit: Going up to parent DeviceProfile []
[2019.03.15-07.05.33:853][  0]LogInit: Computer: DESKTOP-C6U4EA4
[2019.03.15-07.05.33:853][  0]LogInit: User: ThomasSimon
[2019.03.15-07.05.33:853][  0]LogInit: CPU Page size=4096, Cores=4
[2019.03.15-07.05.33:853][  0]LogInit: High frequency timer resolution =3.234377 MHz
[2019.03.15-07.05.33:853][  0]LogMemory: Memory total: Physical=15.9GB (16GB approx)
[2019.03.15-07.05.33:853][  0]LogMemory: Platform Memory Stats for Windows
[2019.03.15-07.05.33:853][  0]LogMemory: Process Physical Memory: 100.31 MB used, 100.31 MB peak
[2019.03.15-07.05.33:853][  0]LogMemory: Process Virtual Memory: 84.66 MB used, 84.66 MB peak
[2019.03.15-07.05.33:853][  0]LogMemory: Physical Memory: 6931.07 MB used,  9392.66 MB free, 16323.73 MB total
[2019.03.15-07.05.33:853][  0]LogMemory: Virtual Memory: 4625.71 MB used,  9392.66 MB free, 134217728.00 MB total
[2019.03.15-07.05.33:871][  0]LogInit: Using OS detected language (en-GB).
[2019.03.15-07.05.33:871][  0]LogInit: Using OS detected locale (en-GB).
[2019.03.15-07.05.33:871][  0]LogTextLocalizationManager: No specific localization for 'en-GB' exists, so the 'en' localization will be used.
[2019.03.15-07.05.34:227][  0]LogStreaming: Display: Took  0.356s to InitEngineTextLocalization.
[2019.03.15-07.05.34:227][  0]LogInit: Setting process to per monitor DPI aware
[2019.03.15-07.05.34:267][  0]LogSlate: New Slate User Created.  User Index 0, Is Virtual User: 0
[2019.03.15-07.05.34:267][  0]LogSlate: Slate User Registered.  User Index 0, Is Virtual User: 0
[2019.03.15-07.05.34:436][  0]LogHMD: Failed to initialize OpenVR with code 110
[2019.03.15-07.05.34:436][  0]LogD3D11RHI: D3D11 adapters:
[2019.03.15-07.05.34:508][  0]LogD3D11RHI:    0. 'NVIDIA GeForce GTX 970' (Feature Level 11_0)
[2019.03.15-07.05.34:508][  0]LogD3D11RHI:       4043/0/8161 MB DedicatedVideo/DedicatedSystem/SharedSystem, Outputs:3, VendorId:0x10de
[2019.03.15-07.05.34:510][  0]LogD3D11RHI:    1. 'Microsoft Basic Render Driver' (Feature Level 11_0)
[2019.03.15-07.05.34:510][  0]LogD3D11RHI:       0/0/8161 MB DedicatedVideo/DedicatedSystem/SharedSystem, Outputs:0, VendorId:0x1414
[2019.03.15-07.05.34:510][  0]LogD3D11RHI: Chosen D3D11 Adapter: 0
[2019.03.15-07.05.34:516][  0]LogD3D11RHI: Creating new Direct3DDevice
[2019.03.15-07.05.34:516][  0]LogD3D11RHI:     GPU DeviceId: 0x13c2 (for the marketing name, search the web for "GPU Device Id")
[2019.03.15-07.05.34:516][  0]LogWindows: EnumDisplayDevices:
[2019.03.15-07.05.34:516][  0]LogWindows:    0. 'NVIDIA GeForce GTX 970' (P:0 D:1)
[2019.03.15-07.05.34:517][  0]LogWindows:    1. 'NVIDIA GeForce GTX 970' (P:0 D:1)
[2019.03.15-07.05.34:517][  0]LogWindows:    2. 'NVIDIA GeForce GTX 970' (P:1 D:1)
[2019.03.15-07.05.34:517][  0]LogWindows:    3. 'NVIDIA GeForce GTX 970' (P:0 D:0)
[2019.03.15-07.05.34:517][  0]LogWindows: DebugString: FoundDriverCount:4 
[2019.03.15-07.05.34:517][  0]LogD3D11RHI:     Adapter Name: NVIDIA GeForce GTX 970
[2019.03.15-07.05.34:517][  0]LogD3D11RHI:   Driver Version: 398.11 (internal:24.21.13.9811, unified:398.11)
[2019.03.15-07.05.34:517][  0]LogD3D11RHI:      Driver Date: 6-1-2018
[2019.03.15-07.05.34:517][  0]LogRHI: Texture pool is 2830 MB (70% of 4043 MB)
[2019.03.15-07.05.34:549][  0]LogD3D11RHI: Async texture creation enabled
[2019.03.15-07.05.34:566][  0]LogD3D11RHI: GPU Timing Frequency: 1000.000000 (Debug: 2 2)
[2019.03.15-07.05.34:618][  0]LogShaderCompilers: Guid format shader working directory is -6 characters bigger than the processId version (A:/Projects/Unreal Engine Projects/SoloUE4/CrazyTaxiProcGen/Intermediate/Shaders/WorkingDirectory/4176/).
[2019.03.15-07.05.34:618][  0]LogShaderCompilers: Cleaned the shader compiler working directory 'C:/Users/Thomas Simon/AppData/Local/Temp/UnrealShaderWorkingDir/9CB7BE90410AF6ADF0E667BF707C7835/'.
[2019.03.15-07.05.34:874][  0]LogTemp: Display: Loaded TP AllDesktopTargetPlatform
[2019.03.15-07.05.34:886][  0]LogTemp: Display: Loaded TP MacClientTargetPlatform
[2019.03.15-07.05.34:898][  0]LogTemp: Display: Loaded TP MacNoEditorTargetPlatform
[2019.03.15-07.05.34:910][  0]LogTemp: Display: Loaded TP MacServerTargetPlatform
[2019.03.15-07.05.34:922][  0]LogTemp: Display: Loaded TP MacTargetPlatform
[2019.03.15-07.05.34:935][  0]LogTemp: Display: Loaded TP WindowsClientTargetPlatform
[2019.03.15-07.05.34:947][  0]LogTemp: Display: Loaded TP WindowsNoEditorTargetPlatform
[2019.03.15-07.05.34:960][  0]LogTemp: Display: Loaded TP WindowsServerTargetPlatform
[2019.03.15-07.05.34:966][  0]LogTemp: Display: Loaded TP WindowsTargetPlatform
[2019.03.15-07.05.35:041][  0]LogTemp: Display: Loaded TP AndroidTargetPlatform
[2019.03.15-07.05.35:041][  0]LogTemp: Display: Loaded TP AndroidTargetPlatform
[2019.03.15-07.05.35:041][  0]LogTemp: Display: Loaded TP AndroidTargetPlatform
[2019.03.15-07.05.35:041][  0]LogTemp: Display: Loaded TP AndroidTargetPlatform
[2019.03.15-07.05.35:041][  0]LogTemp: Display: Loaded TP AndroidTargetPlatform
[2019.03.15-07.05.35:041][  0]LogTemp: Display: Loaded TP AndroidTargetPlatform
[2019.03.15-07.05.35:041][  0]LogTemp: Display: Loaded TP AndroidTargetPlatform
[2019.03.15-07.05.35:041][  0]LogTemp: Display: Loaded TP AndroidTargetPlatform
[2019.03.15-07.05.35:041][  0]LogTemp: Display: Loaded TP AndroidTargetPlatform
[2019.03.15-07.05.35:041][  0]LogTemp: Display: Loaded TP AndroidTargetPlatform
[2019.03.15-07.05.35:041][  0]LogTemp: Display: Loaded TP AndroidTargetPlatform
[2019.03.15-07.05.35:041][  0]LogTemp: Display: Loaded TP AndroidTargetPlatform
[2019.03.15-07.05.35:041][  0]LogTemp: Display: Loaded TP AndroidTargetPlatform
[2019.03.15-07.05.35:041][  0]LogTemp: Display: Loaded TP AndroidTargetPlatform
[2019.03.15-07.05.35:041][  0]LogTemp: Display: Loaded TP AndroidTargetPlatform
[2019.03.15-07.05.35:041][  0]LogTemp: Display: Loaded TP AndroidTargetPlatform
[2019.03.15-07.05.35:041][  0]LogTemp: Display: Loaded TP AndroidTargetPlatform
[2019.03.15-07.05.35:041][  0]LogTemp: Display: Loaded TP AndroidTargetPlatform
[2019.03.15-07.05.35:042][  0]LogTemp: Display: Loaded TP HTML5TargetPlatform
[2019.03.15-07.05.35:100][  0]LogTemp: Display: Loaded TP IOSTargetPlatform
[2019.03.15-07.05.35:100][  0]LogTemp: Display: Loaded TP IOSTargetPlatform
[2019.03.15-07.05.35:122][  0]LogTemp: Display: Loaded TP TVOSTargetPlatform
[2019.03.15-07.05.35:122][  0]LogTemp: Display: Loaded TP TVOSTargetPlatform
[2019.03.15-07.05.35:134][  0]LogTemp: Display: Loaded TP LinuxClientTargetPlatform
[2019.03.15-07.05.35:146][  0]LogTemp: Display: Loaded TP LinuxNoEditorTargetPlatform
[2019.03.15-07.05.35:158][  0]LogTemp: Display: Loaded TP LinuxServerTargetPlatform
[2019.03.15-07.05.35:170][  0]LogTemp: Display: Loaded TP LinuxTargetPlatform
[2019.03.15-07.05.35:179][  0]LogTemp: Display: Loaded TP LuminTargetPlatform
[2019.03.15-07.05.35:179][  0]LogTargetPlatformManager: Display: Building Assets For Windows
[2019.03.15-07.05.35:235][  0]LogXGEController: Cannot use XGE Controller as Incredibuild is not installed on this machine.
[2019.03.15-07.05.35:235][  0]LogShaderCompilers: Cannot use XGE Shader Compiler as Incredibuild is not installed on this machine.
[2019.03.15-07.05.35:235][  0]LogShaderCompilers: Display: Using Local Shader Compiler.
[2019.03.15-07.05.35:954][  0]LogDerivedDataCache: Display: Max Cache Size: 512 MB
[2019.03.15-07.05.36:005][  0]LogDerivedDataCache: Loaded boot cache 0.05s 71MB C:/Users/Thomas Simon/AppData/Local/UnrealEngine/4.20/DerivedDataCache/Boot.ddc.
[2019.03.15-07.05.36:006][  0]LogDerivedDataCache: Display: Loaded Boot cache: C:/Users/Thomas Simon/AppData/Local/UnrealEngine/4.20/DerivedDataCache/Boot.ddc
[2019.03.15-07.05.36:006][  0]LogDerivedDataCache: FDerivedDataBackendGraph:  Pak pak cache file A:/Projects/Unreal Engine Projects/SoloUE4/CrazyTaxiProcGen/DerivedDataCache/DDC.ddp not found, will not use a pak cache.
[2019.03.15-07.05.36:006][  0]LogDerivedDataCache: Unable to find inner node Pak for hierarchical cache Hierarchy.
[2019.03.15-07.05.36:006][  0]LogDerivedDataCache: FDerivedDataBackendGraph:  CompressedPak pak cache file A:/Projects/Unreal Engine Projects/SoloUE4/CrazyTaxiProcGen/DerivedDataCache/Compressed.ddp not found, will not use a pak cache.
[2019.03.15-07.05.36:006][  0]LogDerivedDataCache: Unable to find inner node CompressedPak for hierarchical cache Hierarchy.
[2019.03.15-07.05.36:021][  0]LogDerivedDataCache: Display: Pak cache opened for reading ../../../Engine/DerivedDataCache/Compressed.ddp.
[2019.03.15-07.05.36:034][  0]LogDerivedDataCache: Using Local data cache path C:/Users/Thomas Simon/AppData/Local/UnrealEngine/Common/DerivedDataCache: Writable
[2019.03.15-07.05.36:034][  0]LogDerivedDataCache: Shared data cache path not found in *engine.ini, will not use an Shared cache.
[2019.03.15-07.05.36:034][  0]LogDerivedDataCache: Unable to find inner node Shared for hierarchical cache Hierarchy.
[2019.03.15-07.05.36:052][  0]LogMaterial: Verifying Global Shaders for PCD3D_SM5
[2019.03.15-07.05.36:054][  0]LogSlate: Using FreeType 2.6.0
[2019.03.15-07.05.36:054][  0]LogSlate: SlateFontServices - WITH_FREETYPE: 1, WITH_HARFBUZZ: 1
[2019.03.15-07.05.36:126][  0]LogAssetRegistry: FAssetRegistry took 0.0258 seconds to start up
[2019.03.15-07.05.36:415][  0]LogInit: Selected Device Profile: [Windows]
[2019.03.15-07.05.36:539][  0]LogSimplygon: Simplygon DLL not present - disabling.
[2019.03.15-07.05.36:542][  0]LogMeshReduction: Using SimplygonSwarm for distributed automatic mesh merging
[2019.03.15-07.05.36:542][  0]LogMeshReduction: Using ProxyLODMeshReduction for automatic mesh merging
[2019.03.15-07.05.36:542][  0]LogMeshReduction: Using QuadricMeshReduction for automatic static mesh reduction
[2019.03.15-07.05.36:542][  0]LogMeshReduction: No automatic skeletal mesh reduction module available
[2019.03.15-07.05.36:566][  0]LogNetVersion: CrazyTaxiProcGen 1.0.0, NetCL: 4212847, EngineNetVer: 5, GameNetVer: 0 (Checksum: 1195376751)
[2019.03.15-07.05.37:086][  0]LogPackageLocalizationCache: Processed 11 localized package path(s) for 2 prioritized culture(s) in 0.134529 seconds
[2019.03.15-07.05.37:092][  0]LogUObjectArray: 38425 objects as part of root set at end of initial load.
[2019.03.15-07.05.37:092][  0]LogUObjectAllocator: 6690872 out of 0 bytes used by permanent object pool.
[2019.03.15-07.05.37:092][  0]LogUObjectArray: CloseDisregardForGC: 0/0 objects in disregard for GC pool
[2019.03.15-07.05.37:889][  0]LogTcpMessaging: Initializing TcpMessaging bridge
[2019.03.15-07.05.37:903][  0]LogUdpMessaging: Initializing bridge on interface 0.0.0.0:0 to multicast group 230.0.0.1:6666.
[2019.03.15-07.05.38:042][  0]SourceControl: Source control is disabled
[2019.03.15-07.05.38:042][  0]SourceControl: Source control is disabled
[2019.03.15-07.05.38:043][  0]SourceControl: Source control is disabled
[2019.03.15-07.05.38:044][  0]SourceControl: Source control is disabled
[2019.03.15-07.05.38:202][  0]LogAndroidPermission: UAndroidPermissionCallbackProxy::GetInstance
[2019.03.15-07.05.38:245][  0]LogOcInput: OculusInput pre-init called
[2019.03.15-07.05.38:299][  0]LogEngine: Initializing Engine...
[2019.03.15-07.05.38:300][  0]LogHMD: Failed to initialize OpenVR with code 110
[2019.03.15-07.05.38:302][  0]LogStats: UGameplayTagsManager::ConstructGameplayTagTree: ImportINI prefixes -  0.000 s
[2019.03.15-07.05.38:302][  0]LogStats: UGameplayTagsManager::ConstructGameplayTagTree: Construct from data asset -  0.000 s
[2019.03.15-07.05.38:302][  0]LogStats: UGameplayTagsManager::ConstructGameplayTagTree: ImportINI -  0.000 s
[2019.03.15-07.05.38:302][  0]LogStats: UGameplayTagsManager::ConstructGameplayTagTree: GameplayTagTreeChangedEvent.Broadcast -  0.000 s
[2019.03.15-07.05.38:504][  0]LogInit: Initializing FReadOnlyCVARCache
[2019.03.15-07.05.38:516][  0]LogAIModule: Creating AISystem for world Untitled
[2019.03.15-07.05.38:551][  0]LogInit: XAudio2 using 'Headphones (High Definition Audio Device)' : 2 channels at 44.1 kHz using 16 bits per sample (channel mask 0x3)
[2019.03.15-07.05.38:564][  0]LogInit: FAudioDevice initialized.
[2019.03.15-07.05.38:564][  0]LogNetVersion: Set ProjectVersion to 1.0.0.0. Version Checksum will be recalculated on next use.
[2019.03.15-07.05.38:641][  0]LogDerivedDataCache: Saved boot cache 0.08s 71MB C:/Users/Thomas Simon/AppData/Local/UnrealEngine/4.20/DerivedDataCache/Boot.ddc.
[2019.03.15-07.05.38:646][  0]LogInit: Texture streaming: Enabled
[2019.03.15-07.05.38:662][  0]LogEngineSessionManager: EngineSessionManager initialized
[2019.03.15-07.05.38:675][  0]LogInit: Transaction tracking system initialized
[2019.03.15-07.05.38:698][  0]BlueprintLog: New page: Editor Load
[2019.03.15-07.05.38:772][  0]LocalizationService: Localization service is disabled
[2019.03.15-07.05.39:022][  0]LogCook: Display: Max memory allowance for cook 16384mb min free memory 0mb
[2019.03.15-07.05.39:022][  0]LogCook: Display: Mobile HDR setting 1
[2019.03.15-07.05.39:022][  0]LogGameplayTags: Display: UGameplayTagsManager::DoneAddingNativeTags. DelegateIsBound: 0
[2019.03.15-07.05.39:022][  0]LogStats: UGameplayTagsManager::ConstructGameplayTagTree: ImportINI prefixes -  0.000 s
[2019.03.15-07.05.39:022][  0]LogStats: UGameplayTagsManager::ConstructGameplayTagTree: Construct from data asset -  0.000 s
[2019.03.15-07.05.39:022][  0]LogStats: UGameplayTagsManager::ConstructGameplayTagTree: ImportINI -  0.000 s
[2019.03.15-07.05.39:022][  0]LogStats: UGameplayTagsManager::ConstructGameplayTagTree: GameplayTagTreeChangedEvent.Broadcast -  0.000 s
[2019.03.15-07.05.39:118][  0]LogFileCache: Scanning file cache for directory 'A:/Projects/Unreal Engine Projects/SoloUE4/CrazyTaxiProcGen/Content/' took 0.01s
[2019.03.15-07.05.39:118][  0]SourceControl: Source control is disabled
[2019.03.15-07.05.39:118][  0]Cmd: MAP LOAD FILE="A:/Projects/Unreal Engine Projects/SoloUE4/CrazyTaxiProcGen/Content/MyContent/Maps/Main.umap" TEMPLATE=0 SHOWPROGRESS=1 FEATURELEVEL=3
[2019.03.15-07.05.39:118][  0]LightingResults: New page: Lighting Build
[2019.03.15-07.05.39:120][  0]MapCheck: New page: Map Check
[2019.03.15-07.05.39:120][  0]LightingResults: New page: Lighting Build
[2019.03.15-07.05.39:319][  0]LogAIModule: Creating AISystem for world Main
[2019.03.15-07.05.39:324][  0]LogEditorServer: Finished looking for orphan Actors (0.000 secs)
[2019.03.15-07.05.39:347][  0]Cmd: MAP CHECKDEP NOCLEARLOG
[2019.03.15-07.05.39:439][  0]MapCheck: Map check complete: 0 Error(s), 0 Warning(s), took 91.914ms to complete.
[2019.03.15-07.05.39:439][  0]LogFileHelpers: Loading map 'Main' took 0.322
[2019.03.15-07.05.39:606][  0]LogSlate: Updating window title bar state: overlay mode, drag disabled, window buttons hidden, title bar hidden
[2019.03.15-07.05.39:613][  0]LogSlate: Updating window title bar state: overlay mode, drag disabled, window buttons hidden, title bar hidden
[2019.03.15-07.05.39:620][  0]LogSlate: Updating window title bar state: overlay mode, drag disabled, window buttons hidden, title bar hidden
[2019.03.15-07.05.39:627][  0]LogSlate: Updating window title bar state: overlay mode, drag disabled, window buttons hidden, title bar hidden
[2019.03.15-07.05.39:633][  0]LogCollectionManager: Loaded 0 collections in 0.001474 seconds
[2019.03.15-07.05.39:679][  0]LogFileCache: Scanning file cache for directory 'A:/Projects/Unreal Engine Projects/SoloUE4/CrazyTaxiProcGen/Saved/Collections/' took 0.01s
[2019.03.15-07.05.39:679][  0]LogFileCache: Scanning file cache for directory 'A:/Projects/Unreal Engine Projects/SoloUE4/CrazyTaxiProcGen/Content/Developers/ThomasSimon/Collections/' took 0.01s
[2019.03.15-07.05.39:679][  0]LogFileCache: Scanning file cache for directory 'A:/Projects/Unreal Engine Projects/SoloUE4/CrazyTaxiProcGen/Content/Collections/' took 0.01s
[2019.03.15-07.05.39:679][  0]LogCollectionManager: Rebuilt the GUID cache for 0 collections in 0.000000 seconds
[2019.03.15-07.05.39:687][  0]LogContentBrowser: Native class hierarchy populated in 0.0084 seconds. Added 2576 classes and 607 folders.
[2019.03.15-07.05.39:693][  0]LogContentBrowser: Native class hierarchy updated for 'WidgetCarousel' in 0.0003 seconds. Added 0 classes and 0 folders.
[2019.03.15-07.05.39:730][  0]LogContentBrowser: Native class hierarchy updated for 'AddContentDialog' in 0.0006 seconds. Added 0 classes and 0 folders.
[2019.03.15-07.05.40:716][  0]LogSlate: Only BGRA pngs, bmps or icos are supported in by External Image Picker
[2019.03.15-07.05.40:740][  0]LogSlate: Took 0.000219 seconds to synchronously load lazily loaded font '../../../Engine/Content/Slate/Fonts/Roboto-Regular.ttf' (155K)
[2019.03.15-07.05.40:743][  0]LogSlate: Took 0.000213 seconds to synchronously load lazily loaded font '../../../Engine/Content/Slate/Fonts/Roboto-Bold.ttf' (160K)
[2019.03.15-07.05.40:747][  0]LogSlate: Took 0.000237 seconds to synchronously load lazily loaded font '../../../Engine/Content/Editor/Slate/Fonts/FontAwesome.ttf' (139K)
[2019.03.15-07.05.40:818][  0]LogTemp: Executing iPhonePackager certificates Engine -bundlename com.YourCompany.CrazyTaxiProcGen
[2019.03.15-07.05.40:818][  0]LogTemp: CWD: C:\Program Files\Epic Games\UE_4.20\Engine\Binaries\DotNET\IOS
[2019.03.15-07.05.40:818][  0]LogTemp: Initial Dir: C:\Program Files\Epic Games\UE_4.20
[2019.03.15-07.05.40:818][  0]LogTemp: Env CWD: C:\Program Files\Epic Games\UE_4.20\Engine\Binaries\DotNET\IOS
[2019.03.15-07.05.40:818][  0]LogTemp: BranchPath = DESKTOP-C6U4EA4/C/Program Files/Epic Games/UE_4.20/Engine/Binaries --- GameBranchPath = DESKTOP-C6U4EA4/C/Program Files/Epic Games/UE_4.20/Engine/Binaries
[2019.03.15-07.05.40:818][  0]LogTemp: IPP ERROR: Could not find provision directory 'C:\Users\Thomas Simon\AppData\Local/Apple Computer/MobileDevice/Provisioning Profiles/'.
[2019.03.15-07.05.40:818][  0]LogRenderer: Reallocating scene render targets to support 1152x600 Format 10 NumSamples 1 (Frame:1).
[2019.03.15-07.05.40:920][  0]LogContentBrowser: Native class hierarchy updated for 'HierarchicalLODOutliner' in 0.0003 seconds. Added 0 classes and 0 folders.
[2019.03.15-07.05.40:920][  0]LogLoad: (Engine Initialization) Total time: 8.39 seconds
[2019.03.15-07.05.40:920][  0]LogLoad: (Engine Initialization) Total Blueprint compile time: 0.00 seconds
[2019.03.15-07.05.40:930][  0]LogWindowsTextInputMethodSystem: Display: IME system now deactivated.
[2019.03.15-07.05.40:956][  0]LogContentStreaming: Texture pool size now 1000 MB
[2019.03.15-07.05.40:985][  1]LogAssetRegistry: Asset discovery search completed in 4.8812 seconds
[2019.03.15-07.05.40:986][  1]LogCollectionManager: Rebuilt the object cache for 0 collections in 0.000001 seconds (found 0 objects)
[2019.03.15-07.05.40:986][  1]LogCollectionManager: Fixed up redirectors for 0 collections in 0.000060 seconds (updated 0 objects)
[2019.03.15-07.05.41:951][112]LogSlate: Took 0.000196 seconds to synchronously load lazily loaded font '../../../Engine/Content/Slate/Fonts/Roboto-Light.ttf' (167K)
[2019.03.15-07.05.44:841][457]LogSlate: FSceneViewport::OnFocusLost() reason 0
[2019.03.15-07.05.45:000][471]LogAssetEditorManager: Opening Asset editor for WidgetBlueprint /Game/MyContent/Widgets/WidgetButtons.WidgetButtons
[2019.03.15-07.05.45:409][471]LogContentBrowser: Native class hierarchy updated for 'BlueprintGraph' in 0.0006 seconds. Added 116 classes and 0 folders.
[2019.03.15-07.05.46:118][471]LogSlate: Took 0.002574 seconds to synchronously load lazily loaded font '../../../Engine/Content/Slate/Fonts/Roboto-BoldCondensed.ttf' (158K)
[2019.03.15-07.05.48:615][676]LogSlate: Took 0.000216 seconds to synchronously load lazily loaded font '../../../Engine/Content/Slate/Fonts/Roboto-Light.ttf' (167K)
[2019.03.15-07.05.52:971][182]LogLinker: Warning: Can't find file '/Game/MyContent/materials/M_Red'
[2019.03.15-07.05.52:971][182]LogLinker: Warning: Can't find file for asset '/Game/MyContent/materials/M_Red' while loading A:/Projects/Unreal Engine Projects/SoloUE4/CrazyTaxiProcGen/Content/MyContent/Car/Sedan_SkelMesh.uasset.
[2019.03.15-07.05.52:971][182]LoadErrors: Error: /Game/MyContent/Car/Sedan_SkelMesh : Can't find file for asset. /Game/MyContent/materials/M_Red
[2019.03.15-07.05.52:972][182]LogLinker: Warning: Can't find file '/Game/MyContent/materials/M_Yellow'
[2019.03.15-07.05.52:972][182]LogLinker: Warning: Can't find file for asset '/Game/MyContent/materials/M_Yellow' while loading A:/Projects/Unreal Engine Projects/SoloUE4/CrazyTaxiProcGen/Content/MyContent/Car/Sedan_SkelMesh.uasset.
[2019.03.15-07.05.52:972][182]LoadErrors: Error: /Game/MyContent/Car/Sedan_SkelMesh : Can't find file for asset. /Game/MyContent/materials/M_Yellow
[2019.03.15-07.05.52:973][182]LogLinker: Warning: Can't find file '/Game/MyContent/materials/M_Red'
[2019.03.15-07.05.52:973][182]LogLinker: Warning: Can't find file for asset '/Game/MyContent/materials/M_Red' while loading A:/Projects/Unreal Engine Projects/SoloUE4/CrazyTaxiProcGen/Content/MyContent/Car/Sedan_SkelMesh.uasset.
[2019.03.15-07.05.52:973][182]LogLinker: Warning: Can't find file '/Game/MyContent/materials/M_Yellow'
[2019.03.15-07.05.52:973][182]LogLinker: Warning: Can't find file for asset '/Game/MyContent/materials/M_Yellow' while loading A:/Projects/Unreal Engine Projects/SoloUE4/CrazyTaxiProcGen/Content/MyContent/Car/Sedan_SkelMesh.uasset.
[2019.03.15-07.05.52:973][182]LogLinker: Warning: Can't find file '/Game/MyContent/PA_Car'
[2019.03.15-07.05.52:973][182]LogLinker: Warning: Can't find file for asset '/Game/MyContent/PA_Car' while loading A:/Projects/Unreal Engine Projects/SoloUE4/CrazyTaxiProcGen/Content/MyContent/Car/Sedan_SkelMesh.uasset.
[2019.03.15-07.05.52:973][182]LoadErrors: Error: /Game/MyContent/Car/Sedan_SkelMesh : Can't find file for asset. /Game/MyContent/PA_Car
[2019.03.15-07.05.52:974][182]LogLinker: Warning: Can't find file '/Game/Other/Sedan/Sedan_SkelMesh_Skeleton'
[2019.03.15-07.05.52:974][182]LogLinker: Warning: Can't find file for asset '/Game/Other/Sedan/Sedan_SkelMesh_Skeleton' while loading A:/Projects/Unreal Engine Projects/SoloUE4/CrazyTaxiProcGen/Content/MyContent/Car/Sedan_SkelMesh.uasset.
[2019.03.15-07.05.52:974][182]LoadErrors: Error: /Game/MyContent/Car/Sedan_SkelMesh : Can't find file for asset. /Game/Other/Sedan/Sedan_SkelMesh_Skeleton
[2019.03.15-07.05.52:974][182]LogLinker: Warning: Can't find file '/Game/MyContent/PA_Car'
[2019.03.15-07.05.52:974][182]LogLinker: Warning: Can't find file for asset '/Game/MyContent/PA_Car' while loading A:/Projects/Unreal Engine Projects/SoloUE4/CrazyTaxiProcGen/Content/MyContent/Car/Sedan_SkelMesh.uasset.
[2019.03.15-07.05.52:974][182]LogLinker: Warning: Can't find file '/Game/Other/Sedan/Sedan_SkelMesh_Skeleton'
[2019.03.15-07.05.52:974][182]LogLinker: Warning: Can't find file for asset '/Game/Other/Sedan/Sedan_SkelMesh_Skeleton' while loading A:/Projects/Unreal Engine Projects/SoloUE4/CrazyTaxiProcGen/Content/MyContent/Car/Sedan_SkelMesh.uasset.
[2019.03.15-07.05.52:975][182]LogLinker: Warning: Can't find file '/Game/Other/Sedan/Sedan_SkelMesh_Skeleton'
[2019.03.15-07.05.52:975][182]LoadErrors: Failed to load /Game/Other/Sedan/Sedan_SkelMesh_Skeleton.Sedan_SkelMesh_Skeleton Referenced by Sedan_SkelMesh
[2019.03.15-07.05.52:975][182]LogLinker: Warning: Can't find file for asset '/Game/Other/Sedan/Sedan_SkelMesh_Skeleton' while loading NULL.
[2019.03.15-07.05.52:975][182]LogLinker: Warning: Can't find file '/Game/MyContent/PA_Car'
[2019.03.15-07.05.52:975][182]LoadErrors: Failed to load /Game/MyContent/PA_Car.PA_Car Referenced by Sedan_SkelMesh
[2019.03.15-07.05.52:975][182]LogLinker: Warning: Can't find file for asset '/Game/MyContent/PA_Car' while loading NULL.
[2019.03.15-07.05.52:976][182]LogLinker: Warning: Can't find file '/Game/MyContent/materials/M_Yellow'
[2019.03.15-07.05.52:976][182]LoadErrors: Failed to load /Game/MyContent/materials/M_Yellow.M_Yellow Referenced by Sedan_SkelMesh
[2019.03.15-07.05.52:976][182]LogLinker: Warning: Can't find file for asset '/Game/MyContent/materials/M_Yellow' while loading NULL.
[2019.03.15-07.05.52:976][182]LogLinker: Warning: Can't find file '/Game/MyContent/materials/M_Red'
[2019.03.15-07.05.52:976][182]LoadErrors: Failed to load /Game/MyContent/materials/M_Red.M_Red Referenced by Sedan_SkelMesh
[2019.03.15-07.05.52:976][182]LogLinker: Warning: Can't find file for asset '/Game/MyContent/materials/M_Red' while loading NULL.
[2019.03.15-07.05.53:028][182]LogAssetEditorManager: Opening Asset editor for SkeletalMesh /Game/MyContent/Car/Sedan_SkelMesh.Sedan_SkelMesh
[2019.03.15-07.06.00:325][182]LogSlate: Window 'Message' being destroyed
[2019.03.15-07.06.00:403][182]LogContentBrowser: Verbose: The majority of assets in the view are of type: Skeleton
[2019.03.15-07.06.06:758][182]LogSlate: Window 'Choose Skeleton' being destroyed
[2019.03.15-07.06.06:827][182]LogContentBrowser: Native class hierarchy updated for 'SkeletonEditor' in 0.0003 seconds. Added 1 classes and 2 folders.
[2019.03.15-07.06.07:103][182]LogMaterial: Warning: Material /Game/MyContent/Materials/M_Black.M_Black needed to have new flag set bUsedWithSkeletalMesh !
[2019.03.15-07.06.07:105][182]LogMaterial: Display: Missing cached shader map for material M_Black, compiling. 
[2019.03.15-07.06.07:174][182]LogShaderCompilers: Display: Shaders left to compile 60
[2019.03.15-07.06.07:174][182]LogShaderCompilers: Display: Shaders left to compile 50
[2019.03.15-07.06.07:174][182]LogShaderCompilers: Display: Shaders left to compile 40
[2019.03.15-07.06.07:174][182]LogMaterial: Warning: Material /Game/MyContent/Materials/M_Grey.M_Grey needed to have new flag set bUsedWithSkeletalMesh !
[2019.03.15-07.06.07:177][182]LogMaterial: Display: Missing cached shader map for material M_Grey, compiling. 
[2019.03.15-07.06.07:209][182]LogMaterial: Warning: Material /Game/MyContent/Materials/M_White.M_White needed to have new flag set bUsedWithSkeletalMesh !
[2019.03.15-07.06.07:211][182]LogMaterial: Display: Missing cached shader map for material M_White, compiling. 
[2019.03.15-07.06.07:247][182]LogActorComponent: RegisterComponentWithWorld: (/Engine/Transient.World_3:PersistentLevel.AnimationEditorPreviewActor_0.DebugSkelMeshComponent_0) Already registered. Aborting.
[2019.03.15-07.06.07:254][182]LogContentBrowser: Native class hierarchy updated for 'PinnedCommandList' in 0.0003 seconds. Added 1 classes and 0 folders.
[2019.03.15-07.06.07:684][182]LogContentBrowser: Native class hierarchy updated for 'ClothingSystemEditorInterface' in 0.0003 seconds. Added 1 classes and 0 folders.
[2019.03.15-07.06.10:760][501]LogRenderer: Reallocating scene render targets to support 1152x888 Format 10 NumSamples 1 (Frame:325).
[2019.03.15-07.06.11:190][549]LogSlate: Window 'Sedan_SkelMesh*' being destroyed
[2019.03.15-07.06.12:134][651]LogShaderCompilers: Display: Shaders left to compile 150
[2019.03.15-07.06.12:718][717]LogShaderCompilers: Display: Shaders left to compile 140
[2019.03.15-07.06.14:907][933]LogShaderCompilers: Display: Shaders left to compile 130
[2019.03.15-07.06.17:890][237]LogShaderCompilers: Display: Shaders left to compile 120
[2019.03.15-07.06.18:569][314]LogShaderCompilers: Display: Shaders left to compile 110
[2019.03.15-07.06.20:025][481]LogShaderCompilers: Display: Shaders left to compile 100
[2019.03.15-07.06.20:218][484]LogShaderCompilers: Display: Shaders left to compile 90
[2019.03.15-07.06.21:664][484]LogShaderCompilers: Display: Shaders left to compile 80
[2019.03.15-07.06.21:772][484]LogShaderCompilers: Display: Shaders left to compile 70
[2019.03.15-07.06.22:557][484]LogShaderCompilers: Display: Shaders left to compile 60
[2019.03.15-07.06.23:279][484]LogShaderCompilers: Display: Shaders left to compile 50
[2019.03.15-07.06.23:898][484]LogShaderCompilers: Display: Shaders left to compile 40
[2019.03.15-07.06.23:912][484]LogShaderCompilers: Display: Shaders left to compile 30
[2019.03.15-07.06.25:688][487]LogShaderCompilers: Display: Shaders left to compile 20
[2019.03.15-07.06.25:751][487]LogShaderCompilers: Display: Shaders left to compile 10
[2019.03.15-07.07.19:975][471]LogAssetEditorManager: Opening Asset editor for Material /Game/MyContent/materials/M_Yellow.M_Yellow
[2019.03.15-07.07.19:980][471]LogMaterial: Display: Missing cached shader map for material M_Yellow, compiling. 
[2019.03.15-07.07.20:069][471]LogMaterial: Display: Missing cached shader map for material M_Yellow, compiling. 
[2019.03.15-07.07.20:084][471]LogShaderCompilers: Display: Shaders left to compile 21
[2019.03.15-07.07.20:084][471]LogShaderCompilers: Display: Shaders left to compile 20
[2019.03.15-07.07.20:084][471]LogShaderCompilers: Display: Shaders left to compile 19
[2019.03.15-07.07.20:084][471]LogMaterial: Display: Missing cached shader map for material M_Yellow, compiling. 
[2019.03.15-07.07.20:740][532]LogShaderCompilers: Display: Shaders left to compile 21
[2019.03.15-07.07.20:740][532]LogShaderCompilers: Display: Shaders left to compile 20
[2019.03.15-07.07.20:774][536]LogShaderCompilers: Display: Shaders left to compile 19
[2019.03.15-07.07.21:022][564]LogShaderCompilers: Display: Shaders left to compile 18
[2019.03.15-07.07.21:030][565]LogShaderCompilers: Display: Shaders left to compile 17
[2019.03.15-07.07.21:030][565]LogShaderCompilers: Display: Shaders left to compile 16
[2019.03.15-07.07.21:244][589]LogShaderCompilers: Display: Shaders left to compile 15
[2019.03.15-07.07.21:261][591]LogShaderCompilers: Display: Shaders left to compile 14
[2019.03.15-07.07.21:304][596]LogShaderCompilers: Display: Shaders left to compile 13
[2019.03.15-07.07.21:471][615]LogShaderCompilers: Display: Shaders left to compile 12
[2019.03.15-07.07.21:522][621]LogShaderCompilers: Display: Shaders left to compile 11
[2019.03.15-07.07.21:530][622]LogShaderCompilers: Display: Shaders left to compile 10
[2019.03.15-07.07.21:885][663]LogShaderCompilers: Display: Shaders left to compile 9
[2019.03.15-07.07.21:952][668]LogShaderCompilers: Display: Shaders left to compile 8
[2019.03.15-07.07.22:054][681]LogShaderCompilers: Display: Shaders left to compile 7
[2019.03.15-07.07.22:299][709]LogShaderCompilers: Display: Shaders left to compile 6
[2019.03.15-07.07.22:307][710]LogShaderCompilers: Display: Shaders left to compile 5
[2019.03.15-07.07.22:373][714]LogShaderCompilers: Display: Shaders left to compile 4
[2019.03.15-07.07.22:603][740]LogShaderCompilers: Display: Shaders left to compile 3
[2019.03.15-07.07.22:743][756]LogShaderCompilers: Display: Shaders left to compile 2
[2019.03.15-07.07.22:821][765]LogShaderCompilers: Display: Shaders left to compile 1
[2019.03.15-07.07.28:554][448]LogMaterial: Display: Missing cached shader map for material M_Yellow, compiling. 
[2019.03.15-07.07.28:568][448]LogMaterial: Display: Missing cached shader map for material FMatExpressionPreview MaterialExpressionConstant3Vector_0, compiling. 
[2019.03.15-07.07.28:571][448]LogShaderCompilers: Display: Shaders left to compile 21
[2019.03.15-07.07.28:571][448]LogShaderCompilers: Display: Shaders left to compile 20
[2019.03.15-07.07.28:571][448]LogShaderCompilers: Display: Shaders left to compile 19
[2019.03.15-07.07.28:574][448]LogMaterial: Display: Missing cached shader map for material M_Yellow, compiling. 
[2019.03.15-07.07.28:617][448]LogMaterial: Display: Missing cached shader map for material FMatExpressionPreview MaterialExpressionConstant3Vector_0, compiling. 
[2019.03.15-07.07.28:827][468]LogShaderCompilers: Display: Shaders left to compile 23
[2019.03.15-07.07.28:870][473]LogShaderCompilers: Display: Shaders left to compile 22
[2019.03.15-07.07.28:879][474]LogShaderCompilers: Display: Shaders left to compile 21
[2019.03.15-07.07.29:117][501]LogShaderCompilers: Display: Shaders left to compile 20
[2019.03.15-07.07.29:161][506]LogShaderCompilers: Display: Shaders left to compile 19
[2019.03.15-07.07.29:161][506]LogShaderCompilers: Display: Shaders left to compile 18
[2019.03.15-07.07.29:360][529]LogShaderCompilers: Display: Shaders left to compile 17
[2019.03.15-07.07.29:369][530]LogShaderCompilers: Display: Shaders left to compile 16
[2019.03.15-07.07.29:396][533]LogShaderCompilers: Display: Shaders left to compile 15
[2019.03.15-07.07.29:511][546]LogShaderCompilers: Display: Shaders left to compile 14
[2019.03.15-07.07.29:542][550]LogShaderCompilers: Display: Shaders left to compile 13
[2019.03.15-07.07.29:584][555]LogShaderCompilers: Display: Shaders left to compile 12
[2019.03.15-07.07.29:815][581]LogShaderCompilers: Display: Shaders left to compile 11
[2019.03.15-07.07.29:923][593]LogShaderCompilers: Display: Shaders left to compile 10
[2019.03.15-07.07.29:977][599]LogShaderCompilers: Display: Shaders left to compile 9
[2019.03.15-07.07.30:264][632]LogShaderCompilers: Display: Shaders left to compile 8
[2019.03.15-07.07.30:272][633]LogShaderCompilers: Display: Shaders left to compile 7
[2019.03.15-07.07.30:393][647]LogShaderCompilers: Display: Shaders left to compile 6
[2019.03.15-07.07.30:675][679]LogShaderCompilers: Display: Shaders left to compile 5
[2019.03.15-07.07.30:825][693]LogShaderCompilers: Display: Shaders left to compile 4
[2019.03.15-07.07.30:835][694]LogShaderCompilers: Display: Shaders left to compile 3
[2019.03.15-07.07.31:184][734]LogShaderCompilers: Display: Shaders left to compile 2
[2019.03.15-07.07.31:260][743]LogShaderCompilers: Display: Shaders left to compile 1
[2019.03.15-07.07.31:344][752]MaterialEditorStats: Base pass shader: 99 instructions
[2019.03.15-07.07.31:344][752]MaterialEditorStats: Base pass shader with Volumetric Lightmap: 172 instructions
[2019.03.15-07.07.31:344][752]MaterialEditorStats: Base pass vertex shader: 32 instructions
[2019.03.15-07.07.31:344][752]MaterialEditorStats: Texture samplers: 3/16
[2019.03.15-07.07.33:385][995]LogMaterial: Display: Missing cached shader map for material M_Yellow, compiling. 
[2019.03.15-07.07.33:402][995]LogMaterial: Display: Missing cached shader map for material FMatExpressionPreview MaterialExpressionConstant3Vector_0, compiling. 
[2019.03.15-07.07.33:417][995]LogShaderCompilers: Display: Shaders left to compile 23
[2019.03.15-07.07.33:417][995]LogShaderCompilers: Display: Shaders left to compile 22
[2019.03.15-07.07.33:417][995]LogShaderCompilers: Display: Shaders left to compile 21
[2019.03.15-07.07.33:717][ 29]LogShaderCompilers: Display: Shaders left to compile 20
[2019.03.15-07.07.33:725][ 30]LogShaderCompilers: Display: Shaders left to compile 19
[2019.03.15-07.07.33:742][ 32]LogShaderCompilers: Display: Shaders left to compile 18
[2019.03.15-07.07.33:941][ 55]LogShaderCompilers: Display: Shaders left to compile 17
[2019.03.15-07.07.33:950][ 56]LogShaderCompilers: Display: Shaders left to compile 16
[2019.03.15-07.07.33:959][ 57]LogShaderCompilers: Display: Shaders left to compile 15
[2019.03.15-07.07.34:114][ 75]LogShaderCompilers: Display: Shaders left to compile 14
[2019.03.15-07.07.34:122][ 76]LogShaderCompilers: Display: Shaders left to compile 13
[2019.03.15-07.07.34:166][ 81]LogShaderCompilers: Display: Shaders left to compile 12
[2019.03.15-07.07.34:412][109]LogShaderCompilers: Display: Shaders left to compile 11
[2019.03.15-07.07.34:552][125]LogShaderCompilers: Display: Shaders left to compile 10
[2019.03.15-07.07.34:559][125]LogMaterial: Display: Missing cached shader map for material M_Yellow, compiling. 
[2019.03.15-07.07.34:571][125]LogShaderCompilers: Display: Shaders left to compile 2
[2019.03.15-07.07.34:576][125]LogMaterial: Display: Missing cached shader map for material FMatExpressionPreview MaterialExpressionConstant3Vector_0, compiling. 
[2019.03.15-07.07.34:869][156]LogShaderCompilers: Display: Shaders left to compile 23
[2019.03.15-07.07.35:023][174]LogShaderCompilers: Display: Shaders left to compile 22
[2019.03.15-07.07.35:102][183]LogShaderCompilers: Display: Shaders left to compile 21
[2019.03.15-07.07.35:152][189]LogShaderCompilers: Display: Shaders left to compile 20
[2019.03.15-07.07.35:303][206]LogShaderCompilers: Display: Shaders left to compile 19
[2019.03.15-07.07.35:391][216]LogShaderCompilers: Display: Shaders left to compile 18
[2019.03.15-07.07.35:391][216]LogShaderCompilers: Display: Shaders left to compile 17
[2019.03.15-07.07.35:543][233]LogShaderCompilers: Display: Shaders left to compile 16
[2019.03.15-07.07.35:545][233]LogMaterial: Display: Missing cached shader map for material M_Yellow, compiling. 
[2019.03.15-07.07.35:565][233]LogMaterial: Display: Missing cached shader map for material FMatExpressionPreview MaterialExpressionConstant3Vector_0, compiling. 
[2019.03.15-07.07.35:580][233]LogShaderCompilers: Display: Shaders left to compile 21
[2019.03.15-07.07.35:591][233]LogShaderCompilers: Display: Shaders left to compile 22
[2019.03.15-07.07.35:591][233]LogSlate: Window 'Color Picker' being destroyed
[2019.03.15-07.07.35:709][247]LogShaderCompilers: Display: Shaders left to compile 21
[2019.03.15-07.07.35:847][263]LogShaderCompilers: Display: Shaders left to compile 20
[2019.03.15-07.07.35:883][267]LogShaderCompilers: Display: Shaders left to compile 19
[2019.03.15-07.07.35:961][276]LogShaderCompilers: Display: Shaders left to compile 18
[2019.03.15-07.07.36:067][288]LogShaderCompilers: Display: Shaders left to compile 17
[2019.03.15-07.07.36:126][295]LogShaderCompilers: Display: Shaders left to compile 16
[2019.03.15-07.07.36:227][307]LogShaderCompilers: Display: Shaders left to compile 15
[2019.03.15-07.07.36:298][315]LogShaderCompilers: Display: Shaders left to compile 14
[2019.03.15-07.07.36:307][316]LogShaderCompilers: Display: Shaders left to compile 13
[2019.03.15-07.07.36:453][333]LogShaderCompilers: Display: Shaders left to compile 12
[2019.03.15-07.07.36:755][367]LogShaderCompilers: Display: Shaders left to compile 11
[2019.03.15-07.07.36:860][379]LogShaderCompilers: Display: Shaders left to compile 10
[2019.03.15-07.07.36:869][380]LogShaderCompilers: Display: Shaders left to compile 9
[2019.03.15-07.07.37:155][413]LogShaderCompilers: Display: Shaders left to compile 8
[2019.03.15-07.07.37:221][420]LogMaterialEditor: Saving and Compiling material M_Yellow
[2019.03.15-07.07.37:764][420]LogShaderCompilers: Display: Shaders left to compile 7
[2019.03.15-07.07.37:764][420]LogShaderCompilers: Display: Shaders left to compile 6
[2019.03.15-07.07.37:764][420]LogShaderCompilers: Display: Shaders left to compile 5
[2019.03.15-07.07.37:764][420]LogShaderCompilers: Display: Shaders left to compile 4
[2019.03.15-07.07.37:764][420]LogShaderCompilers: Display: Shaders left to compile 3
[2019.03.15-07.07.37:779][420]LogMaterial: Display: Missing cached shader map for material M_Yellow, compiling. 
[2019.03.15-07.07.37:847][420]LogMaterial: Display: Missing cached shader map for material M_Yellow, compiling. 
[2019.03.15-07.07.37:862][420]LogMaterial: Display: Missing cached shader map for material M_Yellow, compiling. 
[2019.03.15-07.07.37:915][420]LogMaterial: Display: Missing cached shader map for material FDebugViewModeMaterialProxy M_Yellow, compiling. 
[2019.03.15-07.07.39:629][420]LogShaderCompilers: Display: Shaders left to compile 46
[2019.03.15-07.07.39:629][420]LogShaderCompilers: Display: Shaders left to compile 45
[2019.03.15-07.07.39:629][420]LogShaderCompilers: Display: Shaders left to compile 44
[2019.03.15-07.07.39:629][420]LogShaderCompilers: Display: Shaders left to compile 43
[2019.03.15-07.07.39:629][420]LogShaderCompilers: Display: Shaders left to compile 42
[2019.03.15-07.07.39:629][420]LogShaderCompilers: Display: Shaders left to compile 41
[2019.03.15-07.07.39:629][420]LogShaderCompilers: Display: Shaders left to compile 40
[2019.03.15-07.07.39:629][420]LogShaderCompilers: Display: Shaders left to compile 39
[2019.03.15-07.07.39:629][420]LogShaderCompilers: Display: Shaders left to compile 38
[2019.03.15-07.07.39:629][420]LogShaderCompilers: Display: Shaders left to compile 37
[2019.03.15-07.07.39:629][420]LogShaderCompilers: Display: Shaders left to compile 36
[2019.03.15-07.07.39:629][420]LogShaderCompilers: Display: Shaders left to compile 35
[2019.03.15-07.07.39:629][420]LogShaderCompilers: Display: Shaders left to compile 34
[2019.03.15-07.07.39:629][420]LogShaderCompilers: Display: Shaders left to compile 33
[2019.03.15-07.07.39:629][420]LogShaderCompilers: Display: Shaders left to compile 32
[2019.03.15-07.07.39:629][420]LogShaderCompilers: Display: Shaders left to compile 31
[2019.03.15-07.07.39:629][420]LogShaderCompilers: Display: Shaders left to compile 30
[2019.03.15-07.07.39:629][420]LogShaderCompilers: Display: Shaders left to compile 29
[2019.03.15-07.07.39:629][420]LogShaderCompilers: Display: Shaders left to compile 28
[2019.03.15-07.07.39:629][420]LogShaderCompilers: Display: Shaders left to compile 27
[2019.03.15-07.07.39:629][420]LogShaderCompilers: Display: Shaders left to compile 26
[2019.03.15-07.07.39:629][420]LogShaderCompilers: Display: Shaders left to compile 25
[2019.03.15-07.07.39:629][420]LogShaderCompilers: Display: Shaders left to compile 24
[2019.03.15-07.07.39:629][420]LogShaderCompilers: Display: Shaders left to compile 23
[2019.03.15-07.07.39:629][420]LogShaderCompilers: Display: Shaders left to compile 22
[2019.03.15-07.07.39:629][420]LogShaderCompilers: Display: Shaders left to compile 12
[2019.03.15-07.07.39:631][420]TextureStreamingBuild: Display: Compiling optional shaders took 1.723 seconds.
[2019.03.15-07.07.39:658][420]LogShaderCompilers: Display: Shaders left to compile 2
[2019.03.15-07.07.41:858][420]Cmd: OBJ SAVEPACKAGE PACKAGE="/Game/MyContent/materials/M_Yellow" FILE="A:/Projects/Unreal Engine Projects/SoloUE4/CrazyTaxiProcGen/Content/MyContent/materials/M_Yellow.uasset" SILENT=true
[2019.03.15-07.07.41:871][420]LogSavePackage: Moving 'A:/Projects/Unreal Engine Projects/SoloUE4/CrazyTaxiProcGen/Saved/M_Yellow13B018964C6519076E793A88E50DE00B.tmp' to 'A:/Projects/Unreal Engine Projects/SoloUE4/CrazyTaxiProcGen/Content/MyContent/materials/M_Yellow.uasset'
[2019.03.15-07.07.41:884][420]MaterialEditorStats: Base pass shader: 100 instructions
[2019.03.15-07.07.41:884][420]MaterialEditorStats: Base pass shader with Volumetric Lightmap: 173 instructions
[2019.03.15-07.07.41:884][420]MaterialEditorStats: Base pass vertex shader: 32 instructions
[2019.03.15-07.07.41:884][420]MaterialEditorStats: Texture samplers: 3/16
[2019.03.15-07.07.49:836][301]LogSkeletalMesh: Building Skeletal Mesh Sedan_SkelMesh...
[2019.03.15-07.07.49:857][301]LogSkeletalMesh: Built Skeletal Mesh [0.02s] /Game/MyContent/Car/Sedan_SkelMesh.Sedan_SkelMesh
[2019.03.15-07.07.49:857][301]LogMaterial: Warning: Material /Game/MyContent/materials/M_Yellow.M_Yellow needed to have new flag set bUsedWithSkeletalMesh !
[2019.03.15-07.07.49:860][301]LogMaterial: Warning: Material /Engine/Transient.M_Yellow needed to have new flag set bUsedWithSkeletalMesh !
[2019.03.15-07.07.49:864][301]LogMaterial: Display: Missing cached shader map for material M_Yellow, compiling. 
[2019.03.15-07.07.49:897][301]LogMaterial: Display: Missing cached shader map for material M_Yellow, compiling. 
[2019.03.15-07.07.49:925][301]LogShaderCompilers: Display: Shaders left to compile 59
[2019.03.15-07.07.49:925][301]LogShaderCompilers: Display: Shaders left to compile 58
[2019.03.15-07.07.49:925][301]LogShaderCompilers: Display: Shaders left to compile 57
[2019.03.15-07.07.50:343][339]LogShaderCompilers: Display: Shaders left to compile 116
[2019.03.15-07.07.50:411][347]LogShaderCompilers: Display: Shaders left to compile 115
[2019.03.15-07.07.50:419][348]LogShaderCompilers: Display: Shaders left to compile 114
[2019.03.15-07.07.50:751][386]LogShaderCompilers: Display: Shaders left to compile 113
[2019.03.15-07.07.50:797][388]LogShaderCompilers: Display: Shaders left to compile 112
[2019.03.15-07.07.50:797][388]LogShaderCompilers: Display: Shaders left to compile 111
[2019.03.15-07.07.51:020][406]LogShaderCompilers: Display: Shaders left to compile 110
[2019.03.15-07.07.51:053][410]LogShaderCompilers: Display: Shaders left to compile 109
[2019.03.15-07.07.51:061][411]LogShaderCompilers: Display: Shaders left to compile 108
[2019.03.15-07.07.51:559][468]LogShaderCompilers: Display: Shaders left to compile 107
[2019.03.15-07.07.51:696][484]LogShaderCompilers: Display: Shaders left to compile 106
[2019.03.15-07.07.51:791][495]LogShaderCompilers: Display: Shaders left to compile 105
[2019.03.15-07.07.52:130][534]LogShaderCompilers: Display: Shaders left to compile 104
[2019.03.15-07.07.52:158][537]LogShaderCompilers: Display: Shaders left to compile 103
[2019.03.15-07.07.52:316][555]LogShaderCompilers: Display: Shaders left to compile 102
[2019.03.15-07.07.52:646][593]LogShaderCompilers: Display: Shaders left to compile 101
[2019.03.15-07.07.52:707][600]LogShaderCompilers: Display: Shaders left to compile 100
[2019.03.15-07.07.52:785][609]LogShaderCompilers: Display: Shaders left to compile 99
[2019.03.15-07.07.53:089][639]LogShaderCompilers: Display: Shaders left to compile 98
[2019.03.15-07.07.53:178][649]LogShaderCompilers: Display: Shaders left to compile 97
[2019.03.15-07.07.53:275][660]LogShaderCompilers: Display: Shaders left to compile 96
[2019.03.15-07.07.53:423][677]LogShaderCompilers: Display: Shaders left to compile 95
[2019.03.15-07.07.53:467][682]LogShaderCompilers: Display: Shaders left to compile 94
[2019.03.15-07.07.53:580][695]LogShaderCompilers: Display: Shaders left to compile 93
[2019.03.15-07.07.53:719][711]LogShaderCompilers: Display: Shaders left to compile 92
[2019.03.15-07.07.53:720][711]LogShaderCompilers: Display: Shaders left to compile 91
[2019.03.15-07.07.53:859][727]LogShaderCompilers: Display: Shaders left to compile 90
[2019.03.15-07.07.53:963][739]LogShaderCompilers: Display: Shaders left to compile 89
[2019.03.15-07.07.54:244][771]LogShaderCompilers: Display: Shaders left to compile 88
[2019.03.15-07.07.54:373][786]LogShaderCompilers: Display: Shaders left to compile 87
[2019.03.15-07.07.54:433][793]LogShaderCompilers: Display: Shaders left to compile 86
[2019.03.15-07.07.54:770][832]LogShaderCompilers: Display: Shaders left to compile 85
[2019.03.15-07.07.54:779][833]LogShaderCompilers: Display: Shaders left to compile 84
[2019.03.15-07.07.54:966][855]LogShaderCompilers: Display: Shaders left to compile 83
[2019.03.15-07.07.55:301][893]LogShaderCompilers: Display: Shaders left to compile 82
[2019.03.15-07.07.55:335][897]LogShaderCompilers: Display: Shaders left to compile 81
[2019.03.15-07.07.55:343][898]LogShaderCompilers: Display: Shaders left to compile 80
[2019.03.15-07.07.55:686][938]LogShaderCompilers: Display: Shaders left to compile 79
[2019.03.15-07.07.55:781][949]LogShaderCompilers: Display: Shaders left to compile 78
[2019.03.15-07.07.55:841][956]LogShaderCompilers: Display: Shaders left to compile 77
[2019.03.15-07.07.56:030][978]LogShaderCompilers: Display: Shaders left to compile 76
[2019.03.15-07.07.56:055][981]LogShaderCompilers: Display: Shaders left to compile 75
[2019.03.15-07.07.56:140][991]LogShaderCompilers: Display: Shaders left to compile 74
[2019.03.15-07.07.56:278][  7]LogShaderCompilers: Display: Shaders left to compile 73
[2019.03.15-07.07.56:304][ 10]LogShaderCompilers: Display: Shaders left to compile 72
[2019.03.15-07.07.56:439][ 26]LogShaderCompilers: Display: Shaders left to compile 71
[2019.03.15-07.07.56:547][ 39]LogShaderCompilers: Display: Shaders left to compile 70
[2019.03.15-07.07.56:906][ 80]LogSkeletalMesh: Building Skeletal Mesh Sedan_SkelMesh...
[2019.03.15-07.07.56:926][ 80]LogSkeletalMesh: Built Skeletal Mesh [0.02s] /Game/MyContent/Car/Sedan_SkelMesh.Sedan_SkelMesh
[2019.03.15-07.07.57:027][ 81]LogShaderCompilers: Display: Shaders left to compile 69
[2019.03.15-07.07.57:051][ 84]LogShaderCompilers: Display: Shaders left to compile 68
[2019.03.15-07.07.57:302][113]LogShaderCompilers: Display: Shaders left to compile 67
[2019.03.15-07.07.57:748][163]LogShaderCompilers: Display: Shaders left to compile 66
[2019.03.15-07.07.57:836][173]LogShaderCompilers: Display: Shaders left to compile 65
[2019.03.15-07.07.57:852][175]LogShaderCompilers: Display: Shaders left to compile 64
[2019.03.15-07.07.58:176][212]LogShaderCompilers: Display: Shaders left to compile 63
[2019.03.15-07.07.58:333][230]LogShaderCompilers: Display: Shaders left to compile 62
[2019.03.15-07.07.58:429][238]LogShaderCompilers: Display: Shaders left to compile 61
[2019.03.15-07.07.58:667][260]LogShaderCompilers: Display: Shaders left to compile 60
[2019.03.15-07.07.58:720][266]LogShaderCompilers: Display: Shaders left to compile 50
[2019.03.15-07.07.58:794][273]LogShaderCompilers: Display: Shaders left to compile 40
[2019.03.15-07.08.01:135][543]LogShaderCompilers: Display: Shaders left to compile 30
[2019.03.15-07.08.01:804][621]LogShaderCompilers: Display: Shaders left to compile 20
[2019.03.15-07.08.03:015][762]LogShaderCompilers: Display: Shaders left to compile 10
[2019.03.15-07.08.06:813][202]MaterialEditorStats: Base pass shader: 100 instructions
[2019.03.15-07.08.06:813][202]MaterialEditorStats: Base pass shader with Volumetric Lightmap: 173 instructions
[2019.03.15-07.08.06:813][202]MaterialEditorStats: Base pass vertex shader: 32 instructions
[2019.03.15-07.08.06:813][202]MaterialEditorStats: Base pass vertex shader: 87 instructions
[2019.03.15-07.08.06:813][202]MaterialEditorStats: Texture samplers: 3/16
[2019.03.15-07.08.11:419][747]Cmd: OBJ SAVEPACKAGE PACKAGE="/Game/MyContent/Car/Sedan_SkelMesh" FILE="A:/Projects/Unreal Engine Projects/SoloUE4/CrazyTaxiProcGen/Content/MyContent/Car/Sedan_SkelMesh.uasset" SILENT=true
[2019.03.15-07.08.11:489][747]LogSavePackage: Moving 'A:/Projects/Unreal Engine Projects/SoloUE4/CrazyTaxiProcGen/Saved/Sedan_SkelMesh28896A2342C86D77F9FF8CB0EED07996.tmp' to 'A:/Projects/Unreal Engine Projects/SoloUE4/CrazyTaxiProcGen/Content/MyContent/Car/Sedan_SkelMesh.uasset'
[2019.03.15-07.08.13:673][  8]LogMaterialEditor: Saving and Compiling material M_Yellow
[2019.03.15-07.08.13:696][  8]Cmd: OBJ SAVEPACKAGE PACKAGE="/Game/MyContent/materials/M_Yellow" FILE="A:/Projects/Unreal Engine Projects/SoloUE4/CrazyTaxiProcGen/Content/MyContent/materials/M_Yellow.uasset" SILENT=true
[2019.03.15-07.08.13:704][  8]LogSavePackage: Moving 'A:/Projects/Unreal Engine Projects/SoloUE4/CrazyTaxiProcGen/Saved/M_Yellow3D90930B497F67A8487800B065EF709A.tmp' to 'A:/Projects/Unreal Engine Projects/SoloUE4/CrazyTaxiProcGen/Content/MyContent/materials/M_Yellow.uasset'
[2019.03.15-07.08.18:944][623]LogAssetEditorManager: Opening Asset editor for Material /Game/MyContent/Materials/M_Grey.M_Grey
[2019.03.15-07.08.18:947][623]LogMaterial: Display: Missing cached shader map for material M_Grey, compiling. 
[2019.03.15-07.08.19:026][623]LogMaterial: Display: Missing cached shader map for material M_Grey, compiling. 
[2019.03.15-07.08.19:059][623]LogMaterial: Display: Missing cached shader map for material M_Grey, compiling. 
[2019.03.15-07.08.19:094][623]LogShaderCompilers: Display: Shaders left to compile 59
[2019.03.15-07.08.19:094][623]LogShaderCompilers: Display: Shaders left to compile 58
[2019.03.15-07.08.19:094][623]LogShaderCompilers: Display: Shaders left to compile 57
[2019.03.15-07.08.19:118][623]LogMaterial: Display: Missing cached shader map for material FMatExpressionPreview MaterialExpressionConstant3Vector_0, compiling. 
[2019.03.15-07.08.19:440][649]LogShaderCompilers: Display: Shaders left to compile 58
[2019.03.15-07.08.19:473][653]LogShaderCompilers: Display: Shaders left to compile 57
[2019.03.15-07.08.19:526][659]LogShaderCompilers: Display: Shaders left to compile 56
[2019.03.15-07.08.19:659][674]LogShaderCompilers: Display: Shaders left to compile 55
[2019.03.15-07.08.19:684][677]LogShaderCompilers: Display: Shaders left to compile 54
[2019.03.15-07.08.19:752][685]LogShaderCompilers: Display: Shaders left to compile 53
[2019.03.15-07.08.19:857][697]LogShaderCompilers: Display: Shaders left to compile 52
[2019.03.15-07.08.19:910][703]LogShaderCompilers: Display: Shaders left to compile 51
[2019.03.15-07.08.19:951][708]LogShaderCompilers: Display: Shaders left to compile 50
[2019.03.15-07.08.20:353][754]LogShaderCompilers: Display: Shaders left to compile 49
[2019.03.15-07.08.20:475][768]LogShaderCompilers: Display: Shaders left to compile 48
[2019.03.15-07.08.20:497][770]LogMaterialEditor: Saving and Compiling material M_Grey
[2019.03.15-07.08.20:528][770]Cmd: OBJ SAVEPACKAGE PACKAGE="/Game/MyContent/Materials/M_Grey" FILE="A:/Projects/Unreal Engine Projects/SoloUE4/CrazyTaxiProcGen/Content/MyContent/Materials/M_Grey.uasset" SILENT=true
[2019.03.15-07.08.20:545][770]LogSavePackage: Moving 'A:/Projects/Unreal Engine Projects/SoloUE4/CrazyTaxiProcGen/Saved/M_Grey1992DC1D4DC70A0BE39F3386370D4DDA.tmp' to 'A:/Projects/Unreal Engine Projects/SoloUE4/CrazyTaxiProcGen/Content/MyContent/Materials/M_Grey.uasset'
[2019.03.15-07.08.20:586][775]LogShaderCompilers: Display: Shaders left to compile 47
[2019.03.15-07.08.20:895][811]LogShaderCompilers: Display: Shaders left to compile 46
[2019.03.15-07.08.20:903][812]LogShaderCompilers: Display: Shaders left to compile 45
[2019.03.15-07.08.21:036][827]LogShaderCompilers: Display: Shaders left to compile 44
[2019.03.15-07.08.21:526][883]LogShaderCompilers: Display: Shaders left to compile 43
[2019.03.15-07.08.21:543][885]LogShaderCompilers: Display: Shaders left to compile 42
[2019.03.15-07.08.21:717][905]LogShaderCompilers: Display: Shaders left to compile 41
[2019.03.15-07.08.21:925][920]LogShaderCompilers: Display: Shaders left to compile 38
[2019.03.15-07.08.21:993][928]LogShaderCompilers: Display: Shaders left to compile 37
[2019.03.15-07.08.21:993][928]LogShaderCompilers: Display: Shaders left to compile 36
[2019.03.15-07.08.22:288][962]LogShaderCompilers: Display: Shaders left to compile 35
[2019.03.15-07.08.22:297][963]LogShaderCompilers: Display: Shaders left to compile 34
[2019.03.15-07.08.22:331][967]LogShaderCompilers: Display: Shaders left to compile 33
[2019.03.15-07.08.22:636][  2]LogShaderCompilers: Display: Shaders left to compile 32
[2019.03.15-07.08.22:644][  3]LogShaderCompilers: Display: Shaders left to compile 31
[2019.03.15-07.08.22:661][  5]LogShaderCompilers: Display: Shaders left to compile 30
[2019.03.15-07.08.22:937][ 37]LogShaderCompilers: Display: Shaders left to compile 29
[2019.03.15-07.08.23:417][ 92]LogShaderCompilers: Display: Shaders left to compile 28
[2019.03.15-07.08.23:451][ 96]LogShaderCompilers: Display: Shaders left to compile 27
[2019.03.15-07.08.23:561][109]LogShaderCompilers: Display: Shaders left to compile 26
[2019.03.15-07.08.23:820][136]LogAssetEditorManager: Opening Asset editor for Material /Game/MyContent/Materials/M_White.M_White
[2019.03.15-07.08.23:823][136]LogMaterial: Display: Missing cached shader map for material M_White, compiling. 
[2019.03.15-07.08.23:905][136]LogMaterial: Display: Missing cached shader map for material M_White, compiling. 
[2019.03.15-07.08.23:939][136]LogMaterial: Display: Missing cached shader map for material M_White, compiling. 
[2019.03.15-07.08.23:995][136]LogShaderCompilers: Display: Shaders left to compile 84
[2019.03.15-07.08.23:995][136]LogMaterial: Display: Missing cached shader map for material FMatExpressionPreview MaterialExpressionConstant3Vector_0, compiling. 
[2019.03.15-07.08.24:091][137]LogShaderCompilers: Display: Shaders left to compile 85
[2019.03.15-07.08.24:149][143]LogShaderCompilers: Display: Shaders left to compile 84
[2019.03.15-07.08.24:675][204]LogShaderCompilers: Display: Shaders left to compile 83
[2019.03.15-07.08.24:701][207]LogShaderCompilers: Display: Shaders left to compile 82
[2019.03.15-07.08.24:848][224]LogShaderCompilers: Display: Shaders left to compile 81
[2019.03.15-07.08.25:284][273]LogMaterialEditor: Saving and Compiling material M_White
[2019.03.15-07.08.25:324][273]Cmd: OBJ SAVEPACKAGE PACKAGE="/Game/MyContent/Materials/M_White" FILE="A:/Projects/Unreal Engine Projects/SoloUE4/CrazyTaxiProcGen/Content/MyContent/Materials/M_White.uasset" SILENT=true
[2019.03.15-07.08.25:340][273]LogSavePackage: Moving 'A:/Projects/Unreal Engine Projects/SoloUE4/CrazyTaxiProcGen/Saved/M_White7147E2EB4963A6E0C2BDFBAAAD12852C.tmp' to 'A:/Projects/Unreal Engine Projects/SoloUE4/CrazyTaxiProcGen/Content/MyContent/Materials/M_White.uasset'
[2019.03.15-07.08.25:411][277]LogShaderCompilers: Display: Shaders left to compile 80
[2019.03.15-07.08.25:489][286]LogShaderCompilers: Display: Shaders left to compile 79
[2019.03.15-07.08.25:540][293]LogShaderCompilers: Display: Shaders left to compile 78
[2019.03.15-07.08.25:791][322]LogShaderCompilers: Display: Shaders left to compile 77
[2019.03.15-07.08.25:816][325]LogShaderCompilers: Display: Shaders left to compile 76
[2019.03.15-07.08.25:894][334]LogShaderCompilers: Display: Shaders left to compile 75
[2019.03.15-07.08.26:035][350]LogShaderCompilers: Display: Shaders left to compile 74
[2019.03.15-07.08.26:076][355]LogShaderCompilers: Display: Shaders left to compile 73
[2019.03.15-07.08.26:144][363]LogShaderCompilers: Display: Shaders left to compile 72
[2019.03.15-07.08.26:377][390]LogShaderCompilers: Display: Shaders left to compile 71
[2019.03.15-07.08.26:682][424]LogShaderCompilers: Display: Shaders left to compile 70
[2019.03.15-07.08.26:708][427]LogShaderCompilers: Display: Shaders left to compile 69
[2019.03.15-07.08.26:758][433]LogShaderCompilers: Display: Shaders left to compile 68
[2019.03.15-07.08.27:118][465]LogShaderCompilers: Display: Shaders left to compile 65
[2019.03.15-07.08.27:201][475]LogShaderCompilers: Display: Shaders left to compile 64
[2019.03.15-07.08.27:345][492]LogShaderCompilers: Display: Shaders left to compile 63
[2019.03.15-07.08.27:706][534]LogShaderCompilers: Display: Shaders left to compile 62
[2019.03.15-07.08.27:790][544]LogShaderCompilers: Display: Shaders left to compile 61
[2019.03.15-07.08.27:886][555]LogShaderCompilers: Display: Shaders left to compile 60
[2019.03.15-07.08.28:233][595]LogShaderCompilers: Display: Shaders left to compile 59
[2019.03.15-07.08.28:267][599]LogShaderCompilers: Display: Shaders left to compile 58
[2019.03.15-07.08.28:363][610]LogShaderCompilers: Display: Shaders left to compile 57
[2019.03.15-07.08.28:570][633]LogShaderCompilers: Display: Shaders left to compile 56
[2019.03.15-07.08.28:664][644]LogShaderCompilers: Display: Shaders left to compile 55
[2019.03.15-07.08.28:829][663]LogShaderCompilers: Display: Shaders left to compile 54
[2019.03.15-07.08.28:885][669]LogShaderCompilers: Display: Shaders left to compile 53
[2019.03.15-07.08.28:927][674]LogShaderCompilers: Display: Shaders left to compile 52
[2019.03.15-07.08.29:009][681]LogAssetEditorManager: Opening Asset editor for Material /Game/MyContent/Materials/M_Black.M_Black
[2019.03.15-07.08.29:011][681]LogMaterial: Display: Missing cached shader map for material M_Black, compiling. 
[2019.03.15-07.08.29:092][681]LogMaterial: Display: Missing cached shader map for material M_Black, compiling. 
[2019.03.15-07.08.29:126][681]LogMaterial: Display: Missing cached shader map for material M_Black, compiling. 
[2019.03.15-07.08.29:187][681]LogMaterial: Display: Missing cached shader map for material FMatExpressionPreview MaterialExpressionConstant3Vector_0, compiling. 
[2019.03.15-07.08.29:231][681]LogShaderCompilers: Display: Shaders left to compile 112
[2019.03.15-07.08.29:285][681]LogShaderCompilers: Display: Shaders left to compile 111
[2019.03.15-07.08.29:285][681]LogShaderCompilers: Display: Shaders left to compile 110
[2019.03.15-07.08.29:475][703]LogShaderCompilers: Display: Shaders left to compile 109
[2019.03.15-07.08.29:800][740]LogShaderCompilers: Display: Shaders left to compile 108
[2019.03.15-07.08.29:826][743]LogShaderCompilers: Display: Shaders left to compile 107
[2019.03.15-07.08.29:843][745]LogShaderCompilers: Display: Shaders left to compile 106
[2019.03.15-07.08.30:170][783]LogShaderCompilers: Display: Shaders left to compile 105
[2019.03.15-07.08.30:448][815]LogShaderCompilers: Display: Shaders left to compile 104
[2019.03.15-07.08.30:483][819]LogShaderCompilers: Display: Shaders left to compile 103
[2019.03.15-07.08.30:514][822]LogMaterialEditor: Saving and Compiling material M_Black
[2019.03.15-07.08.30:545][822]Cmd: OBJ SAVEPACKAGE PACKAGE="/Game/MyContent/Materials/M_Black" FILE="A:/Projects/Unreal Engine Projects/SoloUE4/CrazyTaxiProcGen/Content/MyContent/Materials/M_Black.uasset" SILENT=true
[2019.03.15-07.08.30:562][822]LogSavePackage: Moving 'A:/Projects/Unreal Engine Projects/SoloUE4/CrazyTaxiProcGen/Saved/M_Black727B4CF0445B6FEEAF384492CD396AED.tmp' to 'A:/Projects/Unreal Engine Projects/SoloUE4/CrazyTaxiProcGen/Content/MyContent/Materials/M_Black.uasset'
[2019.03.15-07.08.30:814][851]LogShaderCompilers: Display: Shaders left to compile 102
[2019.03.15-07.08.30:884][859]LogShaderCompilers: Display: Shaders left to compile 101
[2019.03.15-07.08.31:274][904]LogShaderCompilers: Display: Shaders left to compile 100
[2019.03.15-07.08.31:618][944]LogShaderCompilers: Display: Shaders left to compile 99
[2019.03.15-07.08.31:778][963]LogShaderCompilers: Display: Shaders left to compile 98
[2019.03.15-07.08.31:808][964]LogShaderCompilers: Display: Shaders left to compile 97
[2019.03.15-07.08.31:895][967]LogShaderCompilers: Display: Shaders left to compile 94
[2019.03.15-07.08.32:023][982]LogShaderCompilers: Display: Shaders left to compile 93
[2019.03.15-07.08.32:084][989]LogShaderCompilers: Display: Shaders left to compile 92
[2019.03.15-07.08.32:177][  0]LogShaderCompilers: Display: Shaders left to compile 91
[2019.03.15-07.08.32:307][ 15]LogShaderCompilers: Display: Shaders left to compile 90
[2019.03.15-07.08.32:398][ 23]LogShaderCompilers: Display: Shaders left to compile 89
[2019.03.15-07.08.32:436][ 26]LogShaderCompilers: Display: Shaders left to compile 88
[2019.03.15-07.08.32:897][ 77]LogShaderCompilers: Display: Shaders left to compile 87
[2019.03.15-07.08.32:905][ 78]LogShaderCompilers: Display: Shaders left to compile 86
[2019.03.15-07.08.33:035][ 93]LogShaderCompilers: Display: Shaders left to compile 85
[2019.03.15-07.08.33:455][142]LogShaderCompilers: Display: Shaders left to compile 84
[2019.03.15-07.08.33:488][146]LogShaderCompilers: Display: Shaders left to compile 83
[2019.03.15-07.08.33:539][152]LogShaderCompilers: Display: Shaders left to compile 82
[2019.03.15-07.08.33:889][193]LogShaderCompilers: Display: Shaders left to compile 81
[2019.03.15-07.08.34:035][210]LogShaderCompilers: Display: Shaders left to compile 80
[2019.03.15-07.08.34:077][215]LogShaderCompilers: Display: Shaders left to compile 79
[2019.03.15-07.08.34:312][242]LogShaderCompilers: Display: Shaders left to compile 78
[2019.03.15-07.08.34:347][246]LogShaderCompilers: Display: Shaders left to compile 77
[2019.03.15-07.08.34:435][256]LogShaderCompilers: Display: Shaders left to compile 76
[2019.03.15-07.08.34:558][270]LogShaderCompilers: Display: Shaders left to compile 75
[2019.03.15-07.08.34:583][273]LogShaderCompilers: Display: Shaders left to compile 74
[2019.03.15-07.08.34:739][290]LogShaderCompilers: Display: Shaders left to compile 73
[2019.03.15-07.08.34:839][303]LogShaderCompilers: Display: Shaders left to compile 72
[2019.03.15-07.08.34:875][307]LogShaderCompilers: Display: Shaders left to compile 71
[2019.03.15-07.08.35:005][322]LogShaderCompilers: Display: Shaders left to compile 70
[2019.03.15-07.08.35:076][330]LogShaderCompilers: Display: Shaders left to compile 69
[2019.03.15-07.08.35:615][392]LogShaderCompilers: Display: Shaders left to compile 68
[2019.03.15-07.08.35:701][402]LogShaderCompilers: Display: Shaders left to compile 67
[2019.03.15-07.08.35:921][427]LogShaderCompilers: Display: Shaders left to compile 66
[2019.03.15-07.08.36:428][485]LogShaderCompilers: Display: Shaders left to compile 65
[2019.03.15-07.08.36:498][493]LogShaderCompilers: Display: Shaders left to compile 64
[2019.03.15-07.08.36:637][509]LogShaderCompilers: Display: Shaders left to compile 63
[2019.03.15-07.08.37:197][573]LogShaderCompilers: Display: Shaders left to compile 62
[2019.03.15-07.08.37:477][605]LogShaderCompilers: Display: Shaders left to compile 61
[2019.03.15-07.08.37:545][613]LogShaderCompilers: Display: Shaders left to compile 60
[2019.03.15-07.08.37:970][662]LogShaderCompilers: Display: Shaders left to compile 59
[2019.03.15-07.08.37:988][664]LogShaderCompilers: Display: Shaders left to compile 58
[2019.03.15-07.08.38:177][685]LogShaderCompilers: Display: Shaders left to compile 57
[2019.03.15-07.08.38:387][708]LogShaderCompilers: Display: Shaders left to compile 56
[2019.03.15-07.08.38:470][719]LogShaderCompilers: Display: Shaders left to compile 55
[2019.03.15-07.08.38:720][748]LogShaderCompilers: Display: Shaders left to compile 54
[2019.03.15-07.08.38:736][750]LogShaderCompilers: Display: Shaders left to compile 53
[2019.03.15-07.08.38:771][754]LogShaderCompilers: Display: Shaders left to compile 52
[2019.03.15-07.08.39:012][782]LogShaderCompilers: Display: Shaders left to compile 51
[2019.03.15-07.08.39:012][782]LogShaderCompilers: Display: Shaders left to compile 50
[2019.03.15-07.08.39:031][783]LogShaderCompilers: Display: Shaders left to compile 49
[2019.03.15-07.08.39:287][814]LogShaderCompilers: Display: Shaders left to compile 48
[2019.03.15-07.08.39:713][863]LogShaderCompilers: Display: Shaders left to compile 47
[2019.03.15-07.08.39:751][867]LogShaderCompilers: Display: Shaders left to compile 46
[2019.03.15-07.08.39:790][872]LogShaderCompilers: Display: Shaders left to compile 45
[2019.03.15-07.08.40:237][924]LogShaderCompilers: Display: Shaders left to compile 44
[2019.03.15-07.08.40:443][948]LogShaderCompilers: Display: Shaders left to compile 43
[2019.03.15-07.08.40:485][953]LogShaderCompilers: Display: Shaders left to compile 42
[2019.03.15-07.08.40:877][999]LogShaderCompilers: Display: Shaders left to compile 41
[2019.03.15-07.08.40:886][  0]LogShaderCompilers: Display: Shaders left to compile 40
[2019.03.15-07.08.41:158][ 31]LogShaderCompilers: Display: Shaders left to compile 39
[2019.03.15-07.08.41:425][ 59]LogShaderCompilers: Display: Shaders left to compile 38
[2019.03.15-07.08.41:466][ 62]LogShaderCompilers: Display: Shaders left to compile 37
[2019.03.15-07.08.41:470][ 63]LogShaderCompilers: Display: Shaders left to compile 36
[2019.03.15-07.08.41:728][ 86]LogShaderCompilers: Display: Shaders left to compile 35
[2019.03.15-07.08.41:787][ 93]LogShaderCompilers: Display: Shaders left to compile 34
[2019.03.15-07.08.41:864][102]LogShaderCompilers: Display: Shaders left to compile 33
[2019.03.15-07.08.42:306][153]LogShaderCompilers: Display: Shaders left to compile 32
[2019.03.15-07.08.42:338][157]LogShaderCompilers: Display: Shaders left to compile 31
[2019.03.15-07.08.42:365][160]LogShaderCompilers: Display: Shaders left to compile 30
[2019.03.15-07.08.42:637][190]LogSlate: Took 0.002284 seconds to synchronously load lazily loaded font '../../../Engine/Content/Slate/Fonts/Roboto-Italic.ttf' (157K)
[2019.03.15-07.08.42:792][209]LogShaderCompilers: Display: Shaders left to compile 29
[2019.03.15-07.08.43:202][256]LogShaderCompilers: Display: Shaders left to compile 28
[2019.03.15-07.08.43:325][270]LogShaderCompilers: Display: Shaders left to compile 27
[2019.03.15-07.08.43:419][281]LogShaderCompilers: Display: Shaders left to compile 26
[2019.03.15-07.08.44:006][348]LogShaderCompilers: Display: Shaders left to compile 25
[2019.03.15-07.08.44:110][360]LogShaderCompilers: Display: Shaders left to compile 24
[2019.03.15-07.08.44:266][378]LogShaderCompilers: Display: Shaders left to compile 23
[2019.03.15-07.08.44:864][447]LogShaderCompilers: Display: Shaders left to compile 22
[2019.03.15-07.08.44:924][454]LogShaderCompilers: Display: Shaders left to compile 21
[2019.03.15-07.08.45:038][467]LogShaderCompilers: Display: Shaders left to compile 20
[2019.03.15-07.08.45:648][537]LogShaderCompilers: Display: Shaders left to compile 19
[2019.03.15-07.08.45:658][538]LogShaderCompilers: Display: Shaders left to compile 18
[2019.03.15-07.08.45:786][553]LogShaderCompilers: Display: Shaders left to compile 17
[2019.03.15-07.08.46:116][591]LogShaderCompilers: Display: Shaders left to compile 16
[2019.03.15-07.08.46:133][593]LogShaderCompilers: Display: Shaders left to compile 15
[2019.03.15-07.08.46:453][630]LogShaderCompilers: Display: Shaders left to compile 14
[2019.03.15-07.08.46:940][687]LogShaderCompilers: Display: Shaders left to compile 13
[2019.03.15-07.08.47:048][700]LogShaderCompilers: Display: Shaders left to compile 12
[2019.03.15-07.08.47:091][705]LogShaderCompilers: Display: Shaders left to compile 11
[2019.03.15-07.08.47:227][721]LogShaderCompilers: Display: Shaders left to compile 10
[2019.03.15-07.08.47:541][758]LogShaderCompilers: Display: Shaders left to compile 9
[2019.03.15-07.08.47:575][762]LogShaderCompilers: Display: Shaders left to compile 8
[2019.03.15-07.08.47:660][772]LogShaderCompilers: Display: Shaders left to compile 7
[2019.03.15-07.08.47:978][809]LogShaderCompilers: Display: Shaders left to compile 6
[2019.03.15-07.08.48:082][821]LogShaderCompilers: Display: Shaders left to compile 5
[2019.03.15-07.08.48:152][829]LogShaderCompilers: Display: Shaders left to compile 4
[2019.03.15-07.08.48:523][872]LogShaderCompilers: Display: Shaders left to compile 3
[2019.03.15-07.08.48:653][887]LogShaderCompilers: Display: Shaders left to compile 2
[2019.03.15-07.08.48:752][899]LogShaderCompilers: Display: Shaders left to compile 1
[2019.03.15-07.08.48:916][915]LogAssetEditorManager: Opening Asset editor for Skeleton /Game/MyContent/Car/Sedan_SkelMesh_Skeleton.Sedan_SkelMesh_Skeleton
[2019.03.15-07.08.48:923][915]LogActorComponent: RegisterComponentWithWorld: (/Engine/Transient.World_9:PersistentLevel.AnimationEditorPreviewActor_0.DebugSkelMeshComponent_0) Already registered. Aborting.
