Log file open, 05/09/19 08:11:42
LogWindows: Failed to load 'aqProf.dll' (GetLastError=126)
LogWindows: File 'aqProf.dll' does not exist
LogWindows: Failed to load 'VtuneApi.dll' (GetLastError=126)
LogWindows: File 'VtuneApi.dll' does not exist
LogWindows: Failed to load 'VtuneApi32e.dll' (GetLastError=126)
LogWindows: File 'VtuneApi32e.dll' does not exist
LogInit: Display: Running engine for game: CrazyTaxiProcGen
LogPlatformFile: Not using cached read wrapper
LogTaskGraph: Started task graph with 5 named threads and 14 total threads with 3 sets of task threads.
LogStats: Stats thread started at 0.212054
LogD3D11RHI: Loaded GFSDK_Aftermath_Lib.x64.dll
LogICUInternationalization: Display: ICU TimeZone Detection - Raw Offset: +0:00, Platform Override: ''
LogPluginManager: Mounting plugin Paper2D
LogPluginManager: Mounting plugin AISupport
LogPluginManager: Mounting plugin LightPropagationVolume
LogPluginManager: Mounting plugin CLionSourceCodeAccess
LogPluginManager: Mounting plugin CodeLiteSourceCodeAccess
LogPluginManager: Mounting plugin GitSourceControl
LogPluginManager: Mounting plugin KDevelopSourceCodeAccess
LogPluginManager: Mounting plugin NullSourceCodeAccess
LogPluginManager: Mounting plugin PerforceSourceControl
LogPluginManager: Mounting plugin SubversionSourceControl
LogPluginManager: Mounting plugin UObjectPlugin
LogPluginManager: Mounting plugin VisualStudioCodeSourceCodeAccess
LogPluginManager: Mounting plugin VisualStudioSourceCodeAccess
LogPluginManager: Mounting plugin XCodeSourceCodeAccess
LogPluginManager: Mounting plugin AssetManagerEditor
LogPluginManager: Mounting plugin CryptoKeys
LogPluginManager: Mounting plugin DataValidation
LogPluginManager: Mounting plugin FacialAnimation
LogPluginManager: Mounting plugin GameplayTagsEditor
LogPluginManager: Mounting plugin MacGraphicsSwitching
LogPluginManager: Mounting plugin MeshEditor
LogPluginManager: Mounting plugin MobileLauncherProfileWizard
LogPluginManager: Mounting plugin PluginBrowser
LogPluginManager: Mounting plugin SpeedTreeImporter
LogPluginManager: Mounting plugin DatasmithContent
LogPluginManager: Mounting plugin AlembicImporter
LogPluginManager: Mounting plugin AppleImageUtils
LogPluginManager: Mounting plugin AppleVision
LogPluginManager: Mounting plugin BackChannel
LogPluginManager: Mounting plugin CharacterAI
LogPluginManager: Mounting plugin GeometryCache
LogPluginManager: Mounting plugin HTML5Networking
LogPluginManager: Mounting plugin ProxyLODPlugin
LogPluginManager: Mounting plugin MagicLeap
LogPluginManager: Mounting plugin MagicLeapEmulator
LogPluginManager: Mounting plugin MagicLeapMedia
LogPluginManager: Mounting plugin AndroidMedia
LogPluginManager: Mounting plugin AvfMedia
LogPluginManager: Mounting plugin ImgMedia
LogPluginManager: Mounting plugin LinearTimecode
LogPluginManager: Mounting plugin MediaCompositing
LogPluginManager: Mounting plugin MediaPlayerEditor
LogPluginManager: Mounting plugin WmfMedia
LogPluginManager: Mounting plugin TcpMessaging
LogPluginManager: Mounting plugin UdpMessaging
LogPluginManager: Mounting plugin ActorSequence
LogPluginManager: Mounting plugin LevelSequenceEditor
LogPluginManager: Mounting plugin MatineeToLevelSequence
LogPluginManager: Mounting plugin NetcodeUnitTest
LogPluginManager: Mounting plugin NUTUnrealEngine4
LogPluginManager: Mounting plugin OnlineSubsystemGooglePlay
LogPluginManager: Mounting plugin OnlineSubsystemIOS
LogPluginManager: Mounting plugin OnlineSubsystem
LogPluginManager: Mounting plugin OnlineSubsystemNull
LogPluginManager: Mounting plugin OnlineSubsystemUtils
LogPluginManager: Mounting plugin LauncherChunkInstaller
LogPluginManager: Mounting plugin AndroidDeviceProfileSelector
LogPluginManager: Mounting plugin AndroidMoviePlayer
LogPluginManager: Mounting plugin AndroidPermission
LogPluginManager: Mounting plugin AppleMoviePlayer
LogPluginManager: Mounting plugin ArchVisCharacter
LogPluginManager: Mounting plugin AudioCapture
LogPluginManager: Mounting plugin CableComponent
LogPluginManager: Mounting plugin CustomMeshComponent
LogPluginManager: Mounting plugin EditableMesh
LogPluginManager: Mounting plugin ExampleDeviceProfileSelector
LogPluginManager: Mounting plugin GoogleCloudMessaging
LogPluginManager: Mounting plugin ImmediatePhysics
LogPluginManager: Mounting plugin IOSDeviceProfileSelector
LogPluginManager: Mounting plugin LinuxDeviceProfileSelector
LogPluginManager: Mounting plugin LocationServicesBPLibrary
LogPluginManager: Mounting plugin MobilePatchingUtils
LogPluginManager: Mounting plugin OculusVR
LogPluginManager: Plugin shader directory ../../../Engine/Plugins/Runtime/Oculus/OculusVR/Shaders found
LogPluginManager: Mapping shader source directory ../../../Engine/Plugins/Runtime/Oculus/OculusVR/Shaders to virtual directory /Plugin/OculusVR
LogPluginManager: Mounting plugin PhysXVehicles
LogPluginManager: Mounting plugin ProceduralMeshComponent
LogPluginManager: Mounting plugin RuntimePhysXCooking
LogPluginManager: Mounting plugin SteamVR
LogPluginManager: Mounting plugin WindowsMoviePlayer
LogStreaming: Display: Took  0.140s to configure plugins.
LogInit: Using libcurl 7.55.1-DEV
LogInit:  - built for x86_64-pc-win32
LogInit:  - supports SSL with OpenSSL/1.0.2h
LogInit:  - supports HTTP deflate (compression) using libz 1.2.8
LogInit:  - other features:
LogInit:      CURL_VERSION_SSL
LogInit:      CURL_VERSION_LIBZ
LogInit:      CURL_VERSION_IPV6
LogInit:      CURL_VERSION_ASYNCHDNS
LogInit:      CURL_VERSION_LARGEFILE
LogInit:      CURL_VERSION_IDN
LogInit:  CurlRequestOptions (configurable via config and command line):
LogInit:  - bVerifyPeer = false  - Libcurl will NOT verify peer certificate
LogInit:  - bUseHttpProxy = false  - Libcurl will NOT use HTTP proxy
LogInit:  - bDontReuseConnections = false  - Libcurl will reuse connections
LogInit:  - CertBundlePath = nullptr  - Libcurl will use whatever was configured at build time.
LogInit:  - MaxHostConnections = 16  - Libcurl will limit the number of connections to a host
LogInit:  - LocalHostAddr = Default
LogInit:  - BufferSize = 65536
LogInit: WinSock: version 1.1 (2.2), MaxSocks=32767, MaxUdp=65467
LogInit: Build: ++UE4+Release-4.20-CL-4369336
LogInit: Engine Version: 4.20.3-4369336+++UE4+Release-4.20
LogInit: Compatible Engine Version: 4.20.0-4212847+++UE4+Release-4.20
LogInit: Net CL: 4212847
LogInit: OS: Windows 10 (), CPU: Intel(R) Core(TM) i5-6600 CPU @ 3.30GHz, GPU: NVIDIA GeForce GTX 970
LogInit: Compiled (64-bit): Sep 17 2018 12:26:19
LogInit: Compiled with Visual C++: 19.13.26129.00
LogInit: Build Configuration: Development
LogInit: Branch Name: ++UE4+Release-4.20
LogInit: Command Line: 
LogInit: Base Directory: C:/Program Files/Epic Games/UE_4.20/Engine/Binaries/Win64/
LogInit: Installed Engine Build: 1
LogDevObjectVersion: Number of dev versions registered: 20
LogDevObjectVersion:   Dev-Blueprints (B0D832E4-1F89-4F0D-ACCF-7EB736FD4AA2): 10
LogDevObjectVersion:   Dev-Build (E1C64328-A22C-4D53-A36C-8E866417BD8C): 0
LogDevObjectVersion:   Dev-Core (375EC13C-06E4-48FB-B500-84F0262A717E): 2
LogDevObjectVersion:   Dev-Editor (E4B068ED-F494-42E9-A231-DA0B2E46BB41): 24
LogDevObjectVersion:   Dev-Framework (CFFC743F-43B0-4480-9391-14DF171D2073): 34
LogDevObjectVersion:   Dev-Mobile (B02B49B5-BB20-44E9-A304-32B752E40360): 2
LogDevObjectVersion:   Dev-Networking (A4E4105C-59A1-49B5-A7C5-40C4547EDFEE): 0
LogDevObjectVersion:   Dev-Online (39C831C9-5AE6-47DC-9A44-9C173E1C8E7C): 0
LogDevObjectVersion:   Dev-Physics (78F01B33-EBEA-4F98-B9B4-84EACCB95AA2): 0
LogDevObjectVersion:   Dev-Platform (6631380F-2D4D-43E0-8009-CF276956A95A): 0
LogDevObjectVersion:   Dev-Rendering (12F88B9F-8875-4AFC-A67C-D90C383ABD29): 26
LogDevObjectVersion:   Dev-Sequencer (7B5AE74C-D270-4C10-A958-57980B212A5A): 9
LogDevObjectVersion:   Dev-VR (D7296918-1DD6-4BDD-9DE2-64A83CC13884): 2
LogDevObjectVersion:   Dev-LoadTimes (C2A15278-BFE7-4AFE-6C17-90FF531DF755): 1
LogDevObjectVersion:   Private-Geometry (6EACA3D4-40EC-4CC1-B786-8BED09428FC5): 3
LogDevObjectVersion:   Dev-AnimPhys (29E575DD-E0A3-4627-9D10-D276232CDCEA): 17
LogDevObjectVersion:   Dev-ReflectionCapture (6B266CEC-1EC7-4B8F-A30B-E4D90942FC07): 1
LogDevObjectVersion:   Dev-Automation (0DF73D61-A23F-47EA-B727-89E90C41499A): 1
LogDevObjectVersion:   FortniteMain (601D1886-AC64-4F84-AA16-D3DE0DEAC7D6): 12
LogDevObjectVersion:   Dev-Enterprise (9DFFBCD6-494F-0158-E221-12823C92A888): 1
LogStreaming: Display: Took  0.001s to delete old logs.
LogInit: Presizing for max 8388607 objects, including 0 objects not considered by GC, pre-allocating 0 bytes for permanent pool.
LogInit: Object subsystem initialized
[2019.05.09-07.11.42:367][  0]LogInit: Selected Device Profile: [Windows]
[2019.05.09-07.11.42:367][  0]LogInit: Applying CVar settings loaded from the selected device profile: [Windows]
[2019.05.09-07.11.42:381][  0]LogHAL: Display: Platform has ~ 16 GB [17116667904 / 17179869184 / 16], which maps to Larger [LargestMinGB=32, LargerMinGB=12, DefaultMinGB=8, SmallerMinGB=6, SmallestMinGB=0)
[2019.05.09-07.11.42:381][  0]LogInit: Setting Device Profile CVar: [[r.Vulkan.UseRealUBs:1]]
[2019.05.09-07.11.42:382][  0]LogInit: Going up to parent DeviceProfile []
[2019.05.09-07.11.42:382][  0]LogInit: Computer: DESKTOP-C6U4EA4
[2019.05.09-07.11.42:382][  0]LogInit: User: ThomasSimon
[2019.05.09-07.11.42:382][  0]LogInit: CPU Page size=4096, Cores=4
[2019.05.09-07.11.42:382][  0]LogInit: High frequency timer resolution =3.234375 MHz
[2019.05.09-07.11.42:382][  0]LogMemory: Memory total: Physical=15.9GB (16GB approx)
[2019.05.09-07.11.42:382][  0]LogMemory: Platform Memory Stats for Windows
[2019.05.09-07.11.42:382][  0]LogMemory: Process Physical Memory: 100.32 MB used, 100.32 MB peak
[2019.05.09-07.11.42:382][  0]LogMemory: Process Virtual Memory: 84.43 MB used, 84.43 MB peak
[2019.05.09-07.11.42:382][  0]LogMemory: Physical Memory: 6946.68 MB used,  9377.04 MB free, 16323.73 MB total
[2019.05.09-07.11.42:382][  0]LogMemory: Virtual Memory: 4625.70 MB used,  9377.04 MB free, 134217728.00 MB total
[2019.05.09-07.11.42:405][  0]LogInit: Using OS detected language (en-GB).
[2019.05.09-07.11.42:405][  0]LogInit: Using OS detected locale (en-GB).
[2019.05.09-07.11.42:406][  0]LogTextLocalizationManager: No specific localization for 'en-GB' exists, so the 'en' localization will be used.
[2019.05.09-07.11.42:749][  0]LogStreaming: Display: Took  0.344s to InitEngineTextLocalization.
[2019.05.09-07.11.42:750][  0]LogInit: Setting process to per monitor DPI aware
[2019.05.09-07.11.42:787][  0]LogSlate: New Slate User Created.  User Index 0, Is Virtual User: 0
[2019.05.09-07.11.42:787][  0]LogSlate: Slate User Registered.  User Index 0, Is Virtual User: 0
[2019.05.09-07.11.42:989][  0]LogHMD: Failed to initialize OpenVR with code 110
[2019.05.09-07.11.42:989][  0]LogD3D11RHI: D3D11 adapters:
[2019.05.09-07.11.43:068][  0]LogD3D11RHI:    0. 'NVIDIA GeForce GTX 970' (Feature Level 11_0)
[2019.05.09-07.11.43:069][  0]LogD3D11RHI:       4043/0/8161 MB DedicatedVideo/DedicatedSystem/SharedSystem, Outputs:3, VendorId:0x10de
[2019.05.09-07.11.43:071][  0]LogD3D11RHI:    1. 'Microsoft Basic Render Driver' (Feature Level 11_0)
[2019.05.09-07.11.43:071][  0]LogD3D11RHI:       0/0/8161 MB DedicatedVideo/DedicatedSystem/SharedSystem, Outputs:0, VendorId:0x1414
[2019.05.09-07.11.43:071][  0]LogD3D11RHI: Chosen D3D11 Adapter: 0
[2019.05.09-07.11.43:078][  0]LogD3D11RHI: Creating new Direct3DDevice
[2019.05.09-07.11.43:078][  0]LogD3D11RHI:     GPU DeviceId: 0x13c2 (for the marketing name, search the web for "GPU Device Id")
[2019.05.09-07.11.43:078][  0]LogWindows: EnumDisplayDevices:
[2019.05.09-07.11.43:078][  0]LogWindows:    0. 'NVIDIA GeForce GTX 970' (P:0 D:1)
[2019.05.09-07.11.43:078][  0]LogWindows:    1. 'NVIDIA GeForce GTX 970' (P:0 D:1)
[2019.05.09-07.11.43:078][  0]LogWindows:    2. 'NVIDIA GeForce GTX 970' (P:1 D:1)
[2019.05.09-07.11.43:079][  0]LogWindows:    3. 'NVIDIA GeForce GTX 970' (P:0 D:0)
[2019.05.09-07.11.43:079][  0]LogWindows: DebugString: FoundDriverCount:4 
[2019.05.09-07.11.43:079][  0]LogD3D11RHI:     Adapter Name: NVIDIA GeForce GTX 970
[2019.05.09-07.11.43:079][  0]LogD3D11RHI:   Driver Version: 398.11 (internal:24.21.13.9811, unified:398.11)
[2019.05.09-07.11.43:079][  0]LogD3D11RHI:      Driver Date: 6-1-2018
[2019.05.09-07.11.43:079][  0]LogRHI: Texture pool is 2830 MB (70% of 4043 MB)
[2019.05.09-07.11.43:109][  0]LogD3D11RHI: Async texture creation enabled
[2019.05.09-07.11.43:125][  0]LogD3D11RHI: GPU Timing Frequency: 1000.000000 (Debug: 2 2)
[2019.05.09-07.11.43:177][  0]LogShaderCompilers: Guid format shader working directory is -7 characters bigger than the processId version (A:/Projects/Unreal Engine Projects/SoloUE4/CrazyTaxiProcGen/Intermediate/Shaders/WorkingDirectory/19980/).
[2019.05.09-07.11.43:177][  0]LogShaderCompilers: Cleaned the shader compiler working directory 'C:/Users/Thomas Simon/AppData/Local/Temp/UnrealShaderWorkingDir/74DAB79B41CA276B702D53B12DF428DA/'.
[2019.05.09-07.11.43:449][  0]LogTemp: Display: Loaded TP AllDesktopTargetPlatform
[2019.05.09-07.11.43:461][  0]LogTemp: Display: Loaded TP MacClientTargetPlatform
[2019.05.09-07.11.43:474][  0]LogTemp: Display: Loaded TP MacNoEditorTargetPlatform
[2019.05.09-07.11.43:486][  0]LogTemp: Display: Loaded TP MacServerTargetPlatform
[2019.05.09-07.11.43:500][  0]LogTemp: Display: Loaded TP MacTargetPlatform
[2019.05.09-07.11.43:514][  0]LogTemp: Display: Loaded TP WindowsClientTargetPlatform
[2019.05.09-07.11.43:528][  0]LogTemp: Display: Loaded TP WindowsNoEditorTargetPlatform
[2019.05.09-07.11.43:542][  0]LogTemp: Display: Loaded TP WindowsServerTargetPlatform
[2019.05.09-07.11.43:548][  0]LogTemp: Display: Loaded TP WindowsTargetPlatform
[2019.05.09-07.11.43:627][  0]LogTemp: Display: Loaded TP AndroidTargetPlatform
[2019.05.09-07.11.43:627][  0]LogTemp: Display: Loaded TP AndroidTargetPlatform
[2019.05.09-07.11.43:627][  0]LogTemp: Display: Loaded TP AndroidTargetPlatform
[2019.05.09-07.11.43:627][  0]LogTemp: Display: Loaded TP AndroidTargetPlatform
[2019.05.09-07.11.43:627][  0]LogTemp: Display: Loaded TP AndroidTargetPlatform
[2019.05.09-07.11.43:627][  0]LogTemp: Display: Loaded TP AndroidTargetPlatform
[2019.05.09-07.11.43:627][  0]LogTemp: Display: Loaded TP AndroidTargetPlatform
[2019.05.09-07.11.43:627][  0]LogTemp: Display: Loaded TP AndroidTargetPlatform
[2019.05.09-07.11.43:627][  0]LogTemp: Display: Loaded TP AndroidTargetPlatform
[2019.05.09-07.11.43:627][  0]LogTemp: Display: Loaded TP AndroidTargetPlatform
[2019.05.09-07.11.43:627][  0]LogTemp: Display: Loaded TP AndroidTargetPlatform
[2019.05.09-07.11.43:627][  0]LogTemp: Display: Loaded TP AndroidTargetPlatform
[2019.05.09-07.11.43:627][  0]LogTemp: Display: Loaded TP AndroidTargetPlatform
[2019.05.09-07.11.43:627][  0]LogTemp: Display: Loaded TP AndroidTargetPlatform
[2019.05.09-07.11.43:627][  0]LogTemp: Display: Loaded TP AndroidTargetPlatform
[2019.05.09-07.11.43:627][  0]LogTemp: Display: Loaded TP AndroidTargetPlatform
[2019.05.09-07.11.43:627][  0]LogTemp: Display: Loaded TP AndroidTargetPlatform
[2019.05.09-07.11.43:627][  0]LogTemp: Display: Loaded TP AndroidTargetPlatform
[2019.05.09-07.11.43:629][  0]LogTemp: Display: Loaded TP HTML5TargetPlatform
[2019.05.09-07.11.43:689][  0]LogTemp: Display: Loaded TP IOSTargetPlatform
[2019.05.09-07.11.43:689][  0]LogTemp: Display: Loaded TP IOSTargetPlatform
[2019.05.09-07.11.43:713][  0]LogTemp: Display: Loaded TP TVOSTargetPlatform
[2019.05.09-07.11.43:713][  0]LogTemp: Display: Loaded TP TVOSTargetPlatform
[2019.05.09-07.11.43:725][  0]LogTemp: Display: Loaded TP LinuxClientTargetPlatform
[2019.05.09-07.11.43:736][  0]LogTemp: Display: Loaded TP LinuxNoEditorTargetPlatform
[2019.05.09-07.11.43:750][  0]LogTemp: Display: Loaded TP LinuxServerTargetPlatform
[2019.05.09-07.11.43:762][  0]LogTemp: Display: Loaded TP LinuxTargetPlatform
[2019.05.09-07.11.43:771][  0]LogTemp: Display: Loaded TP LuminTargetPlatform
[2019.05.09-07.11.43:771][  0]LogTargetPlatformManager: Display: Building Assets For Windows
[2019.05.09-07.11.43:830][  0]LogXGEController: Cleaning working directory: C:/Users/Thomas Simon/AppData/Local/Temp/UnrealXGEWorkingDir/
[2019.05.09-07.11.43:830][  0]LogXGEController: Cannot use XGE Controller as Incredibuild is not installed on this machine.
[2019.05.09-07.11.43:831][  0]LogShaderCompilers: Cannot use XGE Shader Compiler as Incredibuild is not installed on this machine.
[2019.05.09-07.11.43:831][  0]LogShaderCompilers: Display: Using Local Shader Compiler.
[2019.05.09-07.11.44:585][  0]LogDerivedDataCache: Display: Max Cache Size: 512 MB
[2019.05.09-07.11.44:641][  0]LogDerivedDataCache: Loaded boot cache 0.05s 71MB C:/Users/Thomas Simon/AppData/Local/UnrealEngine/4.20/DerivedDataCache/Boot.ddc.
[2019.05.09-07.11.44:641][  0]LogDerivedDataCache: Display: Loaded Boot cache: C:/Users/Thomas Simon/AppData/Local/UnrealEngine/4.20/DerivedDataCache/Boot.ddc
[2019.05.09-07.11.44:641][  0]LogDerivedDataCache: FDerivedDataBackendGraph:  Pak pak cache file A:/Projects/Unreal Engine Projects/SoloUE4/CrazyTaxiProcGen/DerivedDataCache/DDC.ddp not found, will not use a pak cache.
[2019.05.09-07.11.44:641][  0]LogDerivedDataCache: Unable to find inner node Pak for hierarchical cache Hierarchy.
[2019.05.09-07.11.44:641][  0]LogDerivedDataCache: FDerivedDataBackendGraph:  CompressedPak pak cache file A:/Projects/Unreal Engine Projects/SoloUE4/CrazyTaxiProcGen/DerivedDataCache/Compressed.ddp not found, will not use a pak cache.
[2019.05.09-07.11.44:641][  0]LogDerivedDataCache: Unable to find inner node CompressedPak for hierarchical cache Hierarchy.
[2019.05.09-07.11.44:656][  0]LogDerivedDataCache: Display: Pak cache opened for reading ../../../Engine/DerivedDataCache/Compressed.ddp.
[2019.05.09-07.11.44:669][  0]LogDerivedDataCache: Using Local data cache path C:/Users/Thomas Simon/AppData/Local/UnrealEngine/Common/DerivedDataCache: Writable
[2019.05.09-07.11.44:669][  0]LogDerivedDataCache: Shared data cache path not found in *engine.ini, will not use an Shared cache.
[2019.05.09-07.11.44:669][  0]LogDerivedDataCache: Unable to find inner node Shared for hierarchical cache Hierarchy.
[2019.05.09-07.11.44:688][  0]LogMaterial: Verifying Global Shaders for PCD3D_SM5
[2019.05.09-07.11.44:690][  0]LogSlate: Using FreeType 2.6.0
[2019.05.09-07.11.44:690][  0]LogSlate: SlateFontServices - WITH_FREETYPE: 1, WITH_HARFBUZZ: 1
[2019.05.09-07.11.44:766][  0]LogAssetRegistry: FAssetRegistry took 0.0272 seconds to start up
[2019.05.09-07.11.45:082][  0]LogInit: Selected Device Profile: [Windows]
[2019.05.09-07.11.45:215][  0]LogSimplygon: Simplygon DLL not present - disabling.
[2019.05.09-07.11.45:218][  0]LogMeshReduction: Using SimplygonSwarm for distributed automatic mesh merging
[2019.05.09-07.11.45:218][  0]LogMeshReduction: Using ProxyLODMeshReduction for automatic mesh merging
[2019.05.09-07.11.45:218][  0]LogMeshReduction: Using QuadricMeshReduction for automatic static mesh reduction
[2019.05.09-07.11.45:218][  0]LogMeshReduction: No automatic skeletal mesh reduction module available
[2019.05.09-07.11.45:244][  0]LogNetVersion: CrazyTaxiProcGen 1.0.0, NetCL: 4212847, EngineNetVer: 5, GameNetVer: 0 (Checksum: 1195376751)
[2019.05.09-07.11.45:785][  0]LogPackageLocalizationCache: Processed 11 localized package path(s) for 2 prioritized culture(s) in 0.162819 seconds
[2019.05.09-07.11.45:792][  0]LogUObjectArray: 38425 objects as part of root set at end of initial load.
[2019.05.09-07.11.45:792][  0]LogUObjectAllocator: 6690872 out of 0 bytes used by permanent object pool.
[2019.05.09-07.11.45:792][  0]LogUObjectArray: CloseDisregardForGC: 0/0 objects in disregard for GC pool
[2019.05.09-07.11.46:653][  0]LogTcpMessaging: Initializing TcpMessaging bridge
[2019.05.09-07.11.46:666][  0]LogUdpMessaging: Initializing bridge on interface 0.0.0.0:0 to multicast group 230.0.0.1:6666.
[2019.05.09-07.11.46:824][  0]SourceControl: Source control is disabled
[2019.05.09-07.11.46:824][  0]SourceControl: Source control is disabled
[2019.05.09-07.11.46:826][  0]SourceControl: Source control is disabled
[2019.05.09-07.11.46:827][  0]SourceControl: Source control is disabled
[2019.05.09-07.11.46:998][  0]LogAndroidPermission: UAndroidPermissionCallbackProxy::GetInstance
[2019.05.09-07.11.47:049][  0]LogOcInput: OculusInput pre-init called
[2019.05.09-07.11.47:104][  0]LogEngine: Initializing Engine...
[2019.05.09-07.11.47:105][  0]LogHMD: Failed to initialize OpenVR with code 110
[2019.05.09-07.11.47:107][  0]LogStats: UGameplayTagsManager::ConstructGameplayTagTree: ImportINI prefixes -  0.000 s
[2019.05.09-07.11.47:107][  0]LogStats: UGameplayTagsManager::ConstructGameplayTagTree: Construct from data asset -  0.000 s
[2019.05.09-07.11.47:107][  0]LogStats: UGameplayTagsManager::ConstructGameplayTagTree: ImportINI -  0.000 s
[2019.05.09-07.11.47:107][  0]LogStats: UGameplayTagsManager::ConstructGameplayTagTree: GameplayTagTreeChangedEvent.Broadcast -  0.000 s
[2019.05.09-07.11.47:301][  0]LogInit: Initializing FReadOnlyCVARCache
[2019.05.09-07.11.47:314][  0]LogAIModule: Creating AISystem for world Untitled
[2019.05.09-07.11.47:332][  0]LogInit: XAudio2 using 'Headphones (High Definition Audio Device)' : 2 channels at 44.1 kHz using 16 bits per sample (channel mask 0x3)
[2019.05.09-07.11.47:350][  0]LogInit: FAudioDevice initialized.
[2019.05.09-07.11.47:351][  0]LogNetVersion: Set ProjectVersion to 1.0.0.0. Version Checksum will be recalculated on next use.
[2019.05.09-07.11.47:420][  0]LogDerivedDataCache: Saved boot cache 0.07s 71MB C:/Users/Thomas Simon/AppData/Local/UnrealEngine/4.20/DerivedDataCache/Boot.ddc.
[2019.05.09-07.11.47:431][  0]LogInit: Texture streaming: Enabled
[2019.05.09-07.11.47:451][  0]LogEngineSessionManager: EngineSessionManager initialized
[2019.05.09-07.11.47:451][  0]LogEngineSessionManager: EngineSessionManager sent abnormal shutdown report. Type=Crashed, SessionId={6389E6A6-48B4-C86E-0FC1-63AC421519E3}
[2019.05.09-07.11.47:469][  0]LogInit: Transaction tracking system initialized
[2019.05.09-07.11.47:495][  0]BlueprintLog: New page: Editor Load
[2019.05.09-07.11.47:570][  0]LocalizationService: Localization service is disabled
[2019.05.09-07.11.47:818][  0]LogCook: Display: Max memory allowance for cook 16384mb min free memory 0mb
[2019.05.09-07.11.47:818][  0]LogCook: Display: Mobile HDR setting 1
[2019.05.09-07.11.47:818][  0]LogGameplayTags: Display: UGameplayTagsManager::DoneAddingNativeTags. DelegateIsBound: 0
[2019.05.09-07.11.47:818][  0]LogStats: UGameplayTagsManager::ConstructGameplayTagTree: ImportINI prefixes -  0.000 s
[2019.05.09-07.11.47:818][  0]LogStats: UGameplayTagsManager::ConstructGameplayTagTree: Construct from data asset -  0.000 s
[2019.05.09-07.11.47:818][  0]LogStats: UGameplayTagsManager::ConstructGameplayTagTree: ImportINI -  0.000 s
[2019.05.09-07.11.47:818][  0]LogStats: UGameplayTagsManager::ConstructGameplayTagTree: GameplayTagTreeChangedEvent.Broadcast -  0.000 s
[2019.05.09-07.11.47:930][  0]LogFileCache: Scanning file cache for directory 'A:/Projects/Unreal Engine Projects/SoloUE4/CrazyTaxiProcGen/Content/' took 0.01s
[2019.05.09-07.11.47:930][  0]SourceControl: Source control is disabled
[2019.05.09-07.11.47:930][  0]Cmd: MAP LOAD FILE="A:/Projects/Unreal Engine Projects/SoloUE4/CrazyTaxiProcGen/Content/MyContent/Maps/TestMaze.umap" TEMPLATE=0 SHOWPROGRESS=1 FEATURELEVEL=3
[2019.05.09-07.11.47:931][  0]LightingResults: New page: Lighting Build
[2019.05.09-07.11.47:933][  0]MapCheck: New page: Map Check
[2019.05.09-07.11.47:933][  0]LightingResults: New page: Lighting Build
[2019.05.09-07.11.48:257][  0]LogAIModule: Creating AISystem for world TestMaze
[2019.05.09-07.11.48:263][  0]LogEditorServer: Finished looking for orphan Actors (0.000 secs)
[2019.05.09-07.11.48:288][  0]Cmd: MAP CHECKDEP NOCLEARLOG
[2019.05.09-07.11.48:363][  0]MapCheck: Map check complete: 0 Error(s), 0 Warning(s), took 73.975ms to complete.
[2019.05.09-07.11.48:363][  0]LogFileHelpers: Loading map 'TestMaze' took 0.433
[2019.05.09-07.11.49:542][  0]LogSlate: Only BGRA pngs, bmps or icos are supported in by External Image Picker
[2019.05.09-07.11.49:595][  0]LogSlate: Updating window title bar state: overlay mode, drag disabled, window buttons hidden, title bar hidden
[2019.05.09-07.11.49:603][  0]LogSlate: Updating window title bar state: overlay mode, drag disabled, window buttons hidden, title bar hidden
[2019.05.09-07.11.49:611][  0]LogSlate: Updating window title bar state: overlay mode, drag disabled, window buttons hidden, title bar hidden
[2019.05.09-07.11.49:619][  0]LogSlate: Updating window title bar state: overlay mode, drag disabled, window buttons hidden, title bar hidden
[2019.05.09-07.11.49:625][  0]LogCollectionManager: Loaded 0 collections in 0.001834 seconds
[2019.05.09-07.11.49:688][  0]LogTemp: Executing iPhonePackager certificates Engine -bundlename com.YourCompany.CrazyTaxiProcGen
[2019.05.09-07.11.49:688][  0]LogTemp: CWD: C:\Program Files\Epic Games\UE_4.20\Engine\Binaries\DotNET\IOS
[2019.05.09-07.11.49:688][  0]LogTemp: Initial Dir: C:\Program Files\Epic Games\UE_4.20
[2019.05.09-07.11.49:688][  0]LogTemp: Env CWD: C:\Program Files\Epic Games\UE_4.20\Engine\Binaries\DotNET\IOS
[2019.05.09-07.11.49:688][  0]LogFileCache: Scanning file cache for directory 'A:/Projects/Unreal Engine Projects/SoloUE4/CrazyTaxiProcGen/Saved/Collections/' took 0.01s
[2019.05.09-07.11.49:688][  0]LogTemp: BranchPath = DESKTOP-C6U4EA4/C/Program Files/Epic Games/UE_4.20/Engine/Binaries --- GameBranchPath = DESKTOP-C6U4EA4/C/Program Files/Epic Games/UE_4.20/Engine/Binaries
[2019.05.09-07.11.49:688][  0]LogFileCache: Scanning file cache for directory 'A:/Projects/Unreal Engine Projects/SoloUE4/CrazyTaxiProcGen/Content/Developers/ThomasSimon/Collections/' took 0.02s
[2019.05.09-07.11.49:688][  0]LogTemp: IPP ERROR: Could not find provision directory 'C:\Users\Thomas Simon\AppData\Local/Apple Computer/MobileDevice/Provisioning Profiles/'.
[2019.05.09-07.11.49:688][  0]LogFileCache: Scanning file cache for directory 'A:/Projects/Unreal Engine Projects/SoloUE4/CrazyTaxiProcGen/Content/Collections/' took 0.01s
[2019.05.09-07.11.49:688][  0]LogCollectionManager: Rebuilt the GUID cache for 0 collections in 0.000000 seconds
[2019.05.09-07.11.49:697][  0]LogContentBrowser: Native class hierarchy populated in 0.0092 seconds. Added 2578 classes and 607 folders.
[2019.05.09-07.11.49:706][  0]LogContentBrowser: Native class hierarchy updated for 'WidgetCarousel' in 0.0004 seconds. Added 0 classes and 0 folders.
[2019.05.09-07.11.49:759][  0]LogContentBrowser: Native class hierarchy updated for 'AddContentDialog' in 0.0003 seconds. Added 0 classes and 0 folders.
[2019.05.09-07.11.49:818][  0]LogSlate: Took 0.000228 seconds to synchronously load lazily loaded font '../../../Engine/Content/Slate/Fonts/Roboto-Regular.ttf' (155K)
[2019.05.09-07.11.49:822][  0]LogSlate: Took 0.000242 seconds to synchronously load lazily loaded font '../../../Engine/Content/Slate/Fonts/Roboto-Bold.ttf' (160K)
[2019.05.09-07.11.49:825][  0]LogSlate: Took 0.000342 seconds to synchronously load lazily loaded font '../../../Engine/Content/Editor/Slate/Fonts/FontAwesome.ttf' (139K)
[2019.05.09-07.11.49:899][  0]LogRenderer: Reallocating scene render targets to support 1152x600 Format 10 NumSamples 1 (Frame:1).
[2019.05.09-07.11.49:956][  0]LogSlate: Took 0.000339 seconds to synchronously load lazily loaded font '../../../Engine/Content/Slate/Fonts/Roboto-Light.ttf' (167K)
[2019.05.09-07.11.50:029][  0]LogContentBrowser: Native class hierarchy updated for 'HierarchicalLODOutliner' in 0.0003 seconds. Added 0 classes and 0 folders.
[2019.05.09-07.11.50:029][  0]LogLoad: (Engine Initialization) Total time: 9.17 seconds
[2019.05.09-07.11.50:029][  0]LogLoad: (Engine Initialization) Total Blueprint compile time: 0.00 seconds
[2019.05.09-07.11.50:086][  0]LogContentStreaming: Texture pool size now 1000 MB
[2019.05.09-07.11.50:131][  1]LogAssetRegistry: Asset discovery search completed in 5.3876 seconds
[2019.05.09-07.11.50:133][  1]LogCollectionManager: Rebuilt the object cache for 0 collections in 0.000001 seconds (found 0 objects)
[2019.05.09-07.11.50:133][  1]LogCollectionManager: Fixed up redirectors for 0 collections in 0.000063 seconds (updated 0 objects)
[2019.05.09-07.11.51:459][  5]LogSlate: Took 0.000272 seconds to synchronously load lazily loaded font '../../../Engine/Content/Slate/Fonts/Roboto-Light.ttf' (167K)
[2019.05.09-07.11.59:302][586]LogEditorViewport: Clicking on Actor (LMB): Bp_MazeGenerator_C (Bp_MazeGenerator)
[2019.05.09-07.12.01:191][804]LogSlate: FSceneViewport::OnFocusLost() reason 0
[2019.05.09-07.12.22:994][862]LogSavePackage: Moving 'A:/Projects/Unreal Engine Projects/SoloUE4/CrazyTaxiProcGen/Saved/TestMazeC2A0853642D7D6E3B42807B9ACCC2277.tmp' to 'A:/Projects/Unreal Engine Projects/SoloUE4/CrazyTaxiProcGen/Content/MyContent/Maps/TestMaze.umap'
[2019.05.09-07.12.23:037][862]Cmd: OBJ SAVEPACKAGE PACKAGE="/Game/MyContent/Maps/TestMaze_BuiltData" FILE="A:/Projects/Unreal Engine Projects/SoloUE4/CrazyTaxiProcGen/Content/MyContent/Maps/TestMaze_BuiltData.uasset" SILENT=true
[2019.05.09-07.12.23:066][862]LogSavePackage: Moving 'A:/Projects/Unreal Engine Projects/SoloUE4/CrazyTaxiProcGen/Saved/TestMaze_BuiltDataA1D183D94DA47E53C87348BAD0277987.tmp' to 'A:/Projects/Unreal Engine Projects/SoloUE4/CrazyTaxiProcGen/Content/MyContent/Maps/TestMaze_BuiltData.uasset'
[2019.05.09-07.12.24:531][ 31]Candidate modules for hot reload:
[2019.05.09-07.12.24:531][ 31]  CrazyTaxiProcGen
[2019.05.09-07.12.24:531][ 31]Launching UnrealBuildTool... [C:/Program Files/Epic Games/UE_4.20/Engine/Binaries/DotNET/UnrealBuildTool.exe  -ModuleWithSuffix=CrazyTaxiProcGen,3509 Win64 Development -TargetType=Editor -Project="A:/Projects/Unreal Engine Projects/SoloUE4/CrazyTaxiProcGen/CrazyTaxiProcGen.uproject" -canskiplink "A:/Projects/Unreal Engine Projects/SoloUE4/CrazyTaxiProcGen/CrazyTaxiProcGen.uproject" ]
[2019.05.09-07.12.24:542][ 31]Warning: Starting HotReload took  0.0s.
[2019.05.09-07.12.27:879][410]LogAssetEditorManager: Opening Asset editor for Blueprint /Game/MyContent/Blueprints/Bp_MazeCube.Bp_MazeCube
[2019.05.09-07.12.28:356][410]LogContentBrowser: Native class hierarchy updated for 'BlueprintGraph' in 0.0007 seconds. Added 116 classes and 0 folders.
[2019.05.09-07.12.29:135][410]LogSlate: Took 0.000222 seconds to synchronously load lazily loaded font '../../../Engine/Content/Slate/Fonts/Roboto-BoldCondensed.ttf' (158K)
[2019.05.09-07.12.31:306][624]LogSlate: Window 'Bp_MazeCube' being destroyed
[2019.05.09-07.12.37:697][354]CompilerResultsLog: New page: Compilation - 9 May 2019 09:12:37
[2019.05.09-07.12.37:697][354]CompilerResultsLog: Using 'git status' to determine working set for adaptive non-unity build.
[2019.05.09-07.12.37:697][354]CompilerResultsLog: Creating makefile for hot reloading CrazyTaxiProcGenEditor (ini files are newer than UBTMakefile)
[2019.05.09-07.12.37:697][354]CompilerResultsLog: Compiling game modules for hot reload
[2019.05.09-07.12.37:697][354]CompilerResultsLog: Using Visual Studio 2017 14.15.26726 toolchain (C:\Program Files (x86)\Microsoft Visual Studio\2017\Community\VC\Tools\MSVC\14.15.26726) and Windows 10.0.17134.0 SDK (C:\Program Files (x86)\Windows Kits\10).
[2019.05.09-07.12.37:697][354]CompilerResultsLog: Building 3 actions with 4 processes...
[2019.05.09-07.12.37:697][354]CompilerResultsLog:   [1/3] MazeGenerator.cpp
[2019.05.09-07.12.37:697][354]CompilerResultsLog:   [2/3] UE4Editor-CrazyTaxiProcGen-3509.lib
[2019.05.09-07.12.37:698][354]CompilerResultsLog:      Creating library A:\Projects\Unreal Engine Projects\SoloUE4\CrazyTaxiProcGen\Intermediate\Build\Win64\UE4Editor\Development\CrazyTaxiProcGen\UE4Editor-CrazyTaxiProcGen-3509.lib and object A:\Projects\Unreal Engine Projects\SoloUE4\CrazyTaxiProcGen\Intermediate\Build\Win64\UE4Editor\Development\CrazyTaxiProcGen\UE4Editor-CrazyTaxiProcGen-3509.exp
[2019.05.09-07.12.37:698][354]CompilerResultsLog:   [3/3] UE4Editor-CrazyTaxiProcGen-3509.dll
[2019.05.09-07.12.37:698][354]CompilerResultsLog:      Creating library A:\Projects\Unreal Engine Projects\SoloUE4\CrazyTaxiProcGen\Intermediate\Build\Win64\UE4Editor\Development\CrazyTaxiProcGen\UE4Editor-CrazyTaxiProcGen-3509.suppressed.lib and object A:\Projects\Unreal Engine Projects\SoloUE4\CrazyTaxiProcGen\Intermediate\Build\Win64\UE4Editor\Development\CrazyTaxiProcGen\UE4Editor-CrazyTaxiProcGen-3509.suppressed.exp
[2019.05.09-07.12.37:698][354]CompilerResultsLog: Total build time: 12.75 seconds (Parallel executor: 4.70 seconds)
[2019.05.09-07.12.37:698][354]LogMainFrame: MainFrame: Module compiling took 13.180 seconds
[2019.05.09-07.12.37:771][354]LogContentBrowser: Native class hierarchy updated for 'CrazyTaxiProcGen' in 0.0004 seconds. Added 5 classes and 2 folders.
[2019.05.09-07.12.37:775][354]Display: HotReload successful (3 functions remapped  0 scriptstructs remapped)
[2019.05.09-07.12.38:132][354]LogContentBrowser: Native class hierarchy populated in 0.0085 seconds. Added 2578 classes and 607 folders.
[2019.05.09-07.12.38:132][354]Display: HotReload took 13.6s.
[2019.05.09-07.13.07:737][ 64]Candidate modules for hot reload:
[2019.05.09-07.13.07:737][ 64]  CrazyTaxiProcGen
[2019.05.09-07.13.07:737][ 64]Launching UnrealBuildTool... [C:/Program Files/Epic Games/UE_4.20/Engine/Binaries/DotNET/UnrealBuildTool.exe  -ModuleWithSuffix=CrazyTaxiProcGen,9609 Win64 Development -TargetType=Editor -Project="A:/Projects/Unreal Engine Projects/SoloUE4/CrazyTaxiProcGen/CrazyTaxiProcGen.uproject" -canskiplink "A:/Projects/Unreal Engine Projects/SoloUE4/CrazyTaxiProcGen/CrazyTaxiProcGen.uproject" ]
[2019.05.09-07.13.07:746][ 64]Warning: Starting HotReload took  0.0s.
[2019.05.09-07.13.15:949][957]CompilerResultsLog: New page: Compilation - 9 May 2019 09:13:15
[2019.05.09-07.13.15:949][957]CompilerResultsLog: Using 'git status' to determine working set for adaptive non-unity build.
[2019.05.09-07.13.15:949][957]CompilerResultsLog: Compiling game modules for hot reload
[2019.05.09-07.13.15:949][957]CompilerResultsLog: Building 3 actions with 4 processes...
[2019.05.09-07.13.15:949][957]CompilerResultsLog:   [1/3] MazeGenerator.cpp
[2019.05.09-07.13.15:949][957]CompilerResultsLog:   [2/3] UE4Editor-CrazyTaxiProcGen-9609.lib
[2019.05.09-07.13.15:949][957]CompilerResultsLog:      Creating library A:\Projects\Unreal Engine Projects\SoloUE4\CrazyTaxiProcGen\Intermediate\Build\Win64\UE4Editor\Development\CrazyTaxiProcGen\UE4Editor-CrazyTaxiProcGen-9609.lib and object A:\Projects\Unreal Engine Projects\SoloUE4\CrazyTaxiProcGen\Intermediate\Build\Win64\UE4Editor\Development\CrazyTaxiProcGen\UE4Editor-CrazyTaxiProcGen-9609.exp
[2019.05.09-07.13.15:949][957]CompilerResultsLog:   [3/3] UE4Editor-CrazyTaxiProcGen-9609.dll
[2019.05.09-07.13.15:949][957]CompilerResultsLog:      Creating library A:\Projects\Unreal Engine Projects\SoloUE4\CrazyTaxiProcGen\Intermediate\Build\Win64\UE4Editor\Development\CrazyTaxiProcGen\UE4Editor-CrazyTaxiProcGen-9609.suppressed.lib and object A:\Projects\Unreal Engine Projects\SoloUE4\CrazyTaxiProcGen\Intermediate\Build\Win64\UE4Editor\Development\CrazyTaxiProcGen\UE4Editor-CrazyTaxiProcGen-9609.suppressed.exp
[2019.05.09-07.13.15:950][957]CompilerResultsLog: Total build time: 7.82 seconds (Parallel executor: 5.09 seconds)
[2019.05.09-07.13.15:950][957]LogMainFrame: MainFrame: Module compiling took 8.224 seconds
[2019.05.09-07.13.16:036][957]LogContentBrowser: Native class hierarchy updated for 'CrazyTaxiProcGen' in 0.0004 seconds. Added 5 classes and 2 folders.
[2019.05.09-07.13.16:040][957]Display: HotReload successful (3 functions remapped  0 scriptstructs remapped)
[2019.05.09-07.13.16:366][957]LogContentBrowser: Native class hierarchy populated in 0.0087 seconds. Added 2578 classes and 607 folders.
[2019.05.09-07.13.16:366][957]Display: HotReload took  8.6s.
[2019.05.09-07.13.19:135][283]LogWindows: Windows GetLastError: The operation completed successfully. (0)
[2019.05.09-07.13.20:674][283]LogWindows: Error: === Critical error: ===
[2019.05.09-07.13.20:674][283]LogWindows: Error: 
[2019.05.09-07.13.20:674][283]LogWindows: Error: Fatal error: [File:D:\Build\++UE4\Sync\Engine\Source\Runtime\CoreUObject\Private\UObject\UObjectGlobals.cpp] [Line: 3178] 
[2019.05.09-07.13.20:674][283]LogWindows: Error: FObjectInitializer::Get() can only be used inside of UObject-derived class constructor.
[2019.05.09-07.13.20:674][283]LogWindows: Error: 
[2019.05.09-07.13.20:674][283]LogWindows: Error: 
[2019.05.09-07.13.20:674][283]LogWindows: Error: [Callstack] 0x00007ffb5e3ca388 KERNELBASE.dll!UnknownFunction []
[2019.05.09-07.13.20:674][283]LogWindows: Error: [Callstack] 0x00007ffb4ad36850 UE4Editor-ApplicationCore.dll!UnknownFunction []
[2019.05.09-07.13.20:674][283]LogWindows: Error: [Callstack] 0x00007ffb22c162fc UE4Editor-Core.dll!UnknownFunction []
[2019.05.09-07.13.20:674][283]LogWindows: Error: [Callstack] 0x00007ffb22ba51db UE4Editor-Core.dll!UnknownFunction []
[2019.05.09-07.13.20:674][283]LogWindows: Error: [Callstack] 0x00007ffb5456493d UE4Editor-CoreUObject.dll!UnknownFunction []
[2019.05.09-07.13.20:674][283]LogWindows: Error: [Callstack] 0x00007ffb09a36be2 UE4Editor-CrazyTaxiProcGen-9609.dll!AMazeGenerator::PickNearbyTile() [a:\projects\unreal engine projects\soloue4\crazytaxiprocgen\source\crazytaxiprocgen\mazegenerator.cpp:107]
[2019.05.09-07.13.20:674][283]LogWindows: Error: [Callstack] 0x00007ffb09a36a18 UE4Editor-CrazyTaxiProcGen-9609.dll!AMazeGenerator::Construction() [a:\projects\unreal engine projects\soloue4\crazytaxiprocgen\source\crazytaxiprocgen\mazegenerator.cpp:30]
[2019.05.09-07.13.20:674][283]LogWindows: Error: [Callstack] 0x00007ffb542d6467 UE4Editor-CoreUObject.dll!UnknownFunction []
[2019.05.09-07.13.20:674][283]LogWindows: Error: [Callstack] 0x00007ffb544e16ae UE4Editor-CoreUObject.dll!UnknownFunction []
[2019.05.09-07.13.20:674][283]LogWindows: Error: [Callstack] 0x00007ffb54501b96 UE4Editor-CoreUObject.dll!UnknownFunction []
[2019.05.09-07.13.20:674][283]LogWindows: Error: [Callstack] 0x00007ffb542d6467 UE4Editor-CoreUObject.dll!UnknownFunction []
[2019.05.09-07.13.20:674][283]LogWindows: Error: [Callstack] 0x00007ffb54501133 UE4Editor-CoreUObject.dll!UnknownFunction []
[2019.05.09-07.13.20:674][283]LogWindows: Error: [Callstack] 0x00007ffb1ff38033 UE4Editor-Engine.dll!UnknownFunction []
[2019.05.09-07.13.20:674][283]LogWindows: Error: [Callstack] 0x00007ffb1ff38133 UE4Editor-Engine.dll!UnknownFunction []
[2019.05.09-07.13.20:674][283]LogWindows: Error: [Callstack] 0x00007ffb1ff1476f UE4Editor-Engine.dll!UnknownFunction []
[2019.05.09-07.13.20:674][283]LogWindows: Error: [Callstack] 0x00007ffb1ff471f1 UE4Editor-Engine.dll!UnknownFunction []
[2019.05.09-07.13.20:674][283]LogWindows: Error: [Callstack] 0x00007ffb1ff34e8e UE4Editor-Engine.dll!UnknownFunction []
[2019.05.09-07.13.20:674][283]LogWindows: Error: [Callstack] 0x00007ffb5449cf73 UE4Editor-CoreUObject.dll!UnknownFunction []
[2019.05.09-07.13.20:674][283]LogWindows: Error: [Callstack] 0x00007ffb1bd869a6 UE4Editor-PropertyEditor.dll!UnknownFunction []
[2019.05.09-07.13.20:674][283]LogWindows: Error: [Callstack] 0x00007ffb1bd7a699 UE4Editor-PropertyEditor.dll!UnknownFunction []
[2019.05.09-07.13.20:674][283]LogWindows: Error: [Callstack] 0x00007ffb1bd7ac2d UE4Editor-PropertyEditor.dll!UnknownFunction []
[2019.05.09-07.13.20:674][283]LogWindows: Error: [Callstack] 0x00007ffb1bd7a8ce UE4Editor-PropertyEditor.dll!UnknownFunction []
[2019.05.09-07.13.20:674][283]LogWindows: Error: [Callstack] 0x00007ffb1bdc4dd7 UE4Editor-PropertyEditor.dll!UnknownFunction []
[2019.05.09-07.13.20:674][283]LogWindows: Error: [Callstack] 0x00007ffb1bcbbeb5 UE4Editor-PropertyEditor.dll!UnknownFunction []
[2019.05.09-07.13.20:674][283]LogWindows: Error: [Callstack] 0x00007ffb1bc40379 UE4Editor-PropertyEditor.dll!UnknownFunction []
[2019.05.09-07.13.20:674][283]LogWindows: Error: [Callstack] 0x00007ffb1bbc5ab6 UE4Editor-PropertyEditor.dll!UnknownFunction []
[2019.05.09-07.13.20:674][283]LogWindows: Error: [Callstack] 0x00007ffb1bcb171d UE4Editor-PropertyEditor.dll!UnknownFunction []
[2019.05.09-07.13.20:674][283]LogWindows: Error: [Callstack] 0x00007ffb1f839c67 UE4Editor-Slate.dll!UnknownFunction []
[2019.05.09-07.13.20:674][283]LogWindows: Error: [Callstack] 0x00007ffb1f8d10c6 UE4Editor-Slate.dll!UnknownFunction []
[2019.05.09-07.13.20:674][283]LogWindows: Error: [Callstack] 0x00007ffb1f8b8538 UE4Editor-Slate.dll!UnknownFunction []
[2019.05.09-07.13.20:674][283]LogWindows: Error: [Callstack] 0x00007ffb1f8abfdc UE4Editor-Slate.dll!UnknownFunction []
[2019.05.09-07.13.20:674][283]LogWindows: Error: [Callstack] 0x00007ffb4ad2cd78 UE4Editor-ApplicationCore.dll!UnknownFunction []
[2019.05.09-07.13.20:674][283]LogWindows: Error: [Callstack] 0x00007ffb4ad20270 UE4Editor-ApplicationCore.dll!UnknownFunction []
[2019.05.09-07.13.20:674][283]LogWindows: Error: [Callstack] 0x00007ffb4ad2edb7 UE4Editor-ApplicationCore.dll!UnknownFunction []
[2019.05.09-07.13.20:674][283]LogWindows: Error: [Callstack] 0x00007ffb4ad1c209 UE4Editor-ApplicationCore.dll!UnknownFunction []
[2019.05.09-07.13.20:674][283]LogWindows: Error: [Callstack] 0x00007ffb5f436d41 USER32.dll!UnknownFunction []
[2019.05.09-07.13.20:674][283]LogWindows: Error: [Callstack] 0x00007ffb5f436713 USER32.dll!UnknownFunction []
[2019.05.09-07.13.20:675][283]LogWindows: Error: [Callstack] 0x00007ffb4ad30646 UE4Editor-ApplicationCore.dll!UnknownFunction []
[2019.05.09-07.13.20:675][283]LogWindows: Error: [Callstack] 0x00007ff632d154e5 UE4Editor.exe!UnknownFunction []
[2019.05.09-07.13.20:675][283]LogWindows: Error: [Callstack] 0x00007ff632d25b3c UE4Editor.exe!UnknownFunction []
[2019.05.09-07.13.20:675][283]LogWindows: Error: [Callstack] 0x00007ff632d25bba UE4Editor.exe!UnknownFunction []
[2019.05.09-07.13.20:675][283]LogWindows: Error: [Callstack] 0x00007ff632d33dac UE4Editor.exe!UnknownFunction []
[2019.05.09-07.13.20:675][283]LogWindows: Error: [Callstack] 0x00007ff632d35aaa UE4Editor.exe!UnknownFunction []
[2019.05.09-07.13.20:675][283]LogWindows: Error: [Callstack] 0x00007ffb5efe4034 KERNEL32.DLL!UnknownFunction []
[2019.05.09-07.13.20:675][283]LogWindows: Error: [Callstack] 0x00007ffb612a3691 ntdll.dll!UnknownFunction []
[2019.05.09-07.13.20:675][283]LogWindows: Error: 
[2019.05.09-07.13.20:687][283]LogExit: Executing StaticShutdownAfterError
[2019.05.09-07.13.20:690][283]LogWindows: FPlatformMisc::RequestExit(1)
[2019.05.09-07.13.20:700][283]Log file closed, 05/09/19 08:13:20
