Log file open, 05/08/19 22:27:59
LogWindows: Failed to load 'aqProf.dll' (GetLastError=126)
LogWindows: File 'aqProf.dll' does not exist
LogWindows: Failed to load 'VtuneApi.dll' (GetLastError=126)
LogWindows: File 'VtuneApi.dll' does not exist
LogWindows: Failed to load 'VtuneApi32e.dll' (GetLastError=126)
LogWindows: File 'VtuneApi32e.dll' does not exist
LogInit: Display: Running engine for game: CrazyTaxiProcGen
LogPlatformFile: Not using cached read wrapper
LogTaskGraph: Started task graph with 5 named threads and 14 total threads with 3 sets of task threads.
LogStats: Stats thread started at 0.261260
LogD3D11RHI: Loaded GFSDK_Aftermath_Lib.x64.dll
LogICUInternationalization: Display: ICU TimeZone Detection - Raw Offset: +0:00, Platform Override: ''
LogPluginManager: Mounting plugin Paper2D
LogPluginManager: Mounting plugin AISupport
LogPluginManager: Mounting plugin LightPropagationVolume
LogPluginManager: Mounting plugin CLionSourceCodeAccess
LogPluginManager: Mounting plugin CodeLiteSourceCodeAccess
LogPluginManager: Mounting plugin GitSourceControl
LogPluginManager: Mounting plugin KDevelopSourceCodeAccess
LogPluginManager: Mounting plugin NullSourceCodeAccess
LogPluginManager: Mounting plugin PerforceSourceControl
LogPluginManager: Mounting plugin SubversionSourceControl
LogPluginManager: Mounting plugin UObjectPlugin
LogPluginManager: Mounting plugin VisualStudioCodeSourceCodeAccess
LogPluginManager: Mounting plugin VisualStudioSourceCodeAccess
LogPluginManager: Mounting plugin XCodeSourceCodeAccess
LogPluginManager: Mounting plugin AssetManagerEditor
LogPluginManager: Mounting plugin CryptoKeys
LogPluginManager: Mounting plugin DataValidation
LogPluginManager: Mounting plugin FacialAnimation
LogPluginManager: Mounting plugin GameplayTagsEditor
LogPluginManager: Mounting plugin MacGraphicsSwitching
LogPluginManager: Mounting plugin MeshEditor
LogPluginManager: Mounting plugin MobileLauncherProfileWizard
LogPluginManager: Mounting plugin PluginBrowser
LogPluginManager: Mounting plugin SpeedTreeImporter
LogPluginManager: Mounting plugin DatasmithContent
LogPluginManager: Mounting plugin AlembicImporter
LogPluginManager: Mounting plugin AppleImageUtils
LogPluginManager: Mounting plugin AppleVision
LogPluginManager: Mounting plugin BackChannel
LogPluginManager: Mounting plugin CharacterAI
LogPluginManager: Mounting plugin GeometryCache
LogPluginManager: Mounting plugin HTML5Networking
LogPluginManager: Mounting plugin ProxyLODPlugin
LogPluginManager: Mounting plugin MagicLeap
LogPluginManager: Mounting plugin MagicLeapEmulator
LogPluginManager: Mounting plugin MagicLeapMedia
LogPluginManager: Mounting plugin AndroidMedia
LogPluginManager: Mounting plugin AvfMedia
LogPluginManager: Mounting plugin ImgMedia
LogPluginManager: Mounting plugin LinearTimecode
LogPluginManager: Mounting plugin MediaCompositing
LogPluginManager: Mounting plugin MediaPlayerEditor
LogPluginManager: Mounting plugin WmfMedia
LogPluginManager: Mounting plugin TcpMessaging
LogPluginManager: Mounting plugin UdpMessaging
LogPluginManager: Mounting plugin ActorSequence
LogPluginManager: Mounting plugin LevelSequenceEditor
LogPluginManager: Mounting plugin MatineeToLevelSequence
LogPluginManager: Mounting plugin NetcodeUnitTest
LogPluginManager: Mounting plugin NUTUnrealEngine4
LogPluginManager: Mounting plugin OnlineSubsystemGooglePlay
LogPluginManager: Mounting plugin OnlineSubsystemIOS
LogPluginManager: Mounting plugin OnlineSubsystem
LogPluginManager: Mounting plugin OnlineSubsystemNull
LogPluginManager: Mounting plugin OnlineSubsystemUtils
LogPluginManager: Mounting plugin LauncherChunkInstaller
LogPluginManager: Mounting plugin AndroidDeviceProfileSelector
LogPluginManager: Mounting plugin AndroidMoviePlayer
LogPluginManager: Mounting plugin AndroidPermission
LogPluginManager: Mounting plugin AppleMoviePlayer
LogPluginManager: Mounting plugin ArchVisCharacter
LogPluginManager: Mounting plugin AudioCapture
LogPluginManager: Mounting plugin CableComponent
LogPluginManager: Mounting plugin CustomMeshComponent
LogPluginManager: Mounting plugin EditableMesh
LogPluginManager: Mounting plugin ExampleDeviceProfileSelector
LogPluginManager: Mounting plugin GoogleCloudMessaging
LogPluginManager: Mounting plugin ImmediatePhysics
LogPluginManager: Mounting plugin IOSDeviceProfileSelector
LogPluginManager: Mounting plugin LinuxDeviceProfileSelector
LogPluginManager: Mounting plugin LocationServicesBPLibrary
LogPluginManager: Mounting plugin MobilePatchingUtils
LogPluginManager: Mounting plugin OculusVR
LogPluginManager: Plugin shader directory ../../../Engine/Plugins/Runtime/Oculus/OculusVR/Shaders found
LogPluginManager: Mapping shader source directory ../../../Engine/Plugins/Runtime/Oculus/OculusVR/Shaders to virtual directory /Plugin/OculusVR
LogPluginManager: Mounting plugin PhysXVehicles
LogPluginManager: Mounting plugin ProceduralMeshComponent
LogPluginManager: Mounting plugin RuntimePhysXCooking
LogPluginManager: Mounting plugin SteamVR
LogPluginManager: Mounting plugin WindowsMoviePlayer
LogStreaming: Display: Took  0.125s to configure plugins.
LogInit: Using libcurl 7.55.1-DEV
LogInit:  - built for x86_64-pc-win32
LogInit:  - supports SSL with OpenSSL/1.0.2h
LogInit:  - supports HTTP deflate (compression) using libz 1.2.8
LogInit:  - other features:
LogInit:      CURL_VERSION_SSL
LogInit:      CURL_VERSION_LIBZ
LogInit:      CURL_VERSION_IPV6
LogInit:      CURL_VERSION_ASYNCHDNS
LogInit:      CURL_VERSION_LARGEFILE
LogInit:      CURL_VERSION_IDN
LogInit:  CurlRequestOptions (configurable via config and command line):
LogInit:  - bVerifyPeer = false  - Libcurl will NOT verify peer certificate
LogInit:  - bUseHttpProxy = false  - Libcurl will NOT use HTTP proxy
LogInit:  - bDontReuseConnections = false  - Libcurl will reuse connections
LogInit:  - CertBundlePath = nullptr  - Libcurl will use whatever was configured at build time.
LogInit:  - MaxHostConnections = 16  - Libcurl will limit the number of connections to a host
LogInit:  - LocalHostAddr = Default
LogInit:  - BufferSize = 65536
LogInit: WinSock: version 1.1 (2.2), MaxSocks=32767, MaxUdp=65467
LogInit: Build: ++UE4+Release-4.20-CL-4369336
LogInit: Engine Version: 4.20.3-4369336+++UE4+Release-4.20
LogInit: Compatible Engine Version: 4.20.0-4212847+++UE4+Release-4.20
LogInit: Net CL: 4212847
LogInit: OS: Windows 10 (), CPU: Intel(R) Core(TM) i5-6600 CPU @ 3.30GHz, GPU: NVIDIA GeForce GTX 970
LogInit: Compiled (64-bit): Sep 17 2018 12:26:19
LogInit: Compiled with Visual C++: 19.13.26129.00
LogInit: Build Configuration: Development
LogInit: Branch Name: ++UE4+Release-4.20
LogInit: Command Line:  -skipcompile
LogInit: Base Directory: C:/Program Files/Epic Games/UE_4.20/Engine/Binaries/Win64/
LogInit: Installed Engine Build: 1
LogDevObjectVersion: Number of dev versions registered: 20
LogDevObjectVersion:   Dev-Blueprints (B0D832E4-1F89-4F0D-ACCF-7EB736FD4AA2): 10
LogDevObjectVersion:   Dev-Build (E1C64328-A22C-4D53-A36C-8E866417BD8C): 0
LogDevObjectVersion:   Dev-Core (375EC13C-06E4-48FB-B500-84F0262A717E): 2
LogDevObjectVersion:   Dev-Editor (E4B068ED-F494-42E9-A231-DA0B2E46BB41): 24
LogDevObjectVersion:   Dev-Framework (CFFC743F-43B0-4480-9391-14DF171D2073): 34
LogDevObjectVersion:   Dev-Mobile (B02B49B5-BB20-44E9-A304-32B752E40360): 2
LogDevObjectVersion:   Dev-Networking (A4E4105C-59A1-49B5-A7C5-40C4547EDFEE): 0
LogDevObjectVersion:   Dev-Online (39C831C9-5AE6-47DC-9A44-9C173E1C8E7C): 0
LogDevObjectVersion:   Dev-Physics (78F01B33-EBEA-4F98-B9B4-84EACCB95AA2): 0
LogDevObjectVersion:   Dev-Platform (6631380F-2D4D-43E0-8009-CF276956A95A): 0
LogDevObjectVersion:   Dev-Rendering (12F88B9F-8875-4AFC-A67C-D90C383ABD29): 26
LogDevObjectVersion:   Dev-Sequencer (7B5AE74C-D270-4C10-A958-57980B212A5A): 9
LogDevObjectVersion:   Dev-VR (D7296918-1DD6-4BDD-9DE2-64A83CC13884): 2
LogDevObjectVersion:   Dev-LoadTimes (C2A15278-BFE7-4AFE-6C17-90FF531DF755): 1
LogDevObjectVersion:   Private-Geometry (6EACA3D4-40EC-4CC1-B786-8BED09428FC5): 3
LogDevObjectVersion:   Dev-AnimPhys (29E575DD-E0A3-4627-9D10-D276232CDCEA): 17
LogDevObjectVersion:   Dev-ReflectionCapture (6B266CEC-1EC7-4B8F-A30B-E4D90942FC07): 1
LogDevObjectVersion:   Dev-Automation (0DF73D61-A23F-47EA-B727-89E90C41499A): 1
LogDevObjectVersion:   FortniteMain (601D1886-AC64-4F84-AA16-D3DE0DEAC7D6): 12
LogDevObjectVersion:   Dev-Enterprise (9DFFBCD6-494F-0158-E221-12823C92A888): 1
LogStreaming: Display: Took  0.002s to delete old logs.
LogInit: Presizing for max 8388607 objects, including 0 objects not considered by GC, pre-allocating 0 bytes for permanent pool.
LogInit: Object subsystem initialized
[2019.05.08-21.28.00:142][  0]LogInit: Selected Device Profile: [Windows]
[2019.05.08-21.28.00:142][  0]LogInit: Applying CVar settings loaded from the selected device profile: [Windows]
[2019.05.08-21.28.00:156][  0]LogHAL: Display: Platform has ~ 16 GB [17116667904 / 17179869184 / 16], which maps to Larger [LargestMinGB=32, LargerMinGB=12, DefaultMinGB=8, SmallerMinGB=6, SmallestMinGB=0)
[2019.05.08-21.28.00:156][  0]LogInit: Setting Device Profile CVar: [[r.Vulkan.UseRealUBs:1]]
[2019.05.08-21.28.00:157][  0]LogInit: Going up to parent DeviceProfile []
[2019.05.08-21.28.00:157][  0]LogInit: Computer: DESKTOP-C6U4EA4
[2019.05.08-21.28.00:157][  0]LogInit: User: ThomasSimon
[2019.05.08-21.28.00:157][  0]LogInit: CPU Page size=4096, Cores=4
[2019.05.08-21.28.00:157][  0]LogInit: High frequency timer resolution =3.234375 MHz
[2019.05.08-21.28.00:157][  0]LogMemory: Memory total: Physical=15.9GB (16GB approx)
[2019.05.08-21.28.00:158][  0]LogMemory: Platform Memory Stats for Windows
[2019.05.08-21.28.00:158][  0]LogMemory: Process Physical Memory: 101.13 MB used, 101.13 MB peak
[2019.05.08-21.28.00:158][  0]LogMemory: Process Virtual Memory: 84.50 MB used, 84.50 MB peak
[2019.05.08-21.28.00:158][  0]LogMemory: Physical Memory: 7111.86 MB used,  9211.87 MB free, 16323.73 MB total
[2019.05.08-21.28.00:158][  0]LogMemory: Virtual Memory: 4625.70 MB used,  9211.87 MB free, 134217728.00 MB total
[2019.05.08-21.28.00:271][  0]LogInit: Using OS detected language (en-GB).
[2019.05.08-21.28.00:271][  0]LogInit: Using OS detected locale (en-GB).
[2019.05.08-21.28.00:271][  0]LogTextLocalizationManager: No specific localization for 'en-GB' exists, so the 'en' localization will be used.
[2019.05.08-21.28.00:625][  0]LogStreaming: Display: Took  0.355s to InitEngineTextLocalization.
[2019.05.08-21.28.00:625][  0]LogInit: Setting process to per monitor DPI aware
[2019.05.08-21.28.00:686][  0]LogSlate: New Slate User Created.  User Index 0, Is Virtual User: 0
[2019.05.08-21.28.00:686][  0]LogSlate: Slate User Registered.  User Index 0, Is Virtual User: 0
[2019.05.08-21.28.00:887][  0]LogHMD: Failed to initialize OpenVR with code 110
[2019.05.08-21.28.00:887][  0]LogD3D11RHI: D3D11 adapters:
[2019.05.08-21.28.00:949][  0]LogD3D11RHI:    0. 'NVIDIA GeForce GTX 970' (Feature Level 11_0)
[2019.05.08-21.28.00:949][  0]LogD3D11RHI:       4043/0/8161 MB DedicatedVideo/DedicatedSystem/SharedSystem, Outputs:3, VendorId:0x10de
[2019.05.08-21.28.00:954][  0]LogD3D11RHI:    1. 'Microsoft Basic Render Driver' (Feature Level 11_0)
[2019.05.08-21.28.00:954][  0]LogD3D11RHI:       0/0/8161 MB DedicatedVideo/DedicatedSystem/SharedSystem, Outputs:0, VendorId:0x1414
[2019.05.08-21.28.00:954][  0]LogD3D11RHI: Chosen D3D11 Adapter: 0
[2019.05.08-21.28.00:960][  0]LogD3D11RHI: Creating new Direct3DDevice
[2019.05.08-21.28.00:960][  0]LogD3D11RHI:     GPU DeviceId: 0x13c2 (for the marketing name, search the web for "GPU Device Id")
[2019.05.08-21.28.00:961][  0]LogWindows: EnumDisplayDevices:
[2019.05.08-21.28.00:961][  0]LogWindows:    0. 'NVIDIA GeForce GTX 970' (P:0 D:1)
[2019.05.08-21.28.00:961][  0]LogWindows:    1. 'NVIDIA GeForce GTX 970' (P:0 D:1)
[2019.05.08-21.28.00:961][  0]LogWindows:    2. 'NVIDIA GeForce GTX 970' (P:1 D:1)
[2019.05.08-21.28.00:962][  0]LogWindows:    3. 'NVIDIA GeForce GTX 970' (P:0 D:0)
[2019.05.08-21.28.00:962][  0]LogWindows: DebugString: FoundDriverCount:4 
[2019.05.08-21.28.00:962][  0]LogD3D11RHI:     Adapter Name: NVIDIA GeForce GTX 970
[2019.05.08-21.28.00:962][  0]LogD3D11RHI:   Driver Version: 398.11 (internal:24.21.13.9811, unified:398.11)
[2019.05.08-21.28.00:962][  0]LogD3D11RHI:      Driver Date: 6-1-2018
[2019.05.08-21.28.00:962][  0]LogRHI: Texture pool is 2830 MB (70% of 4043 MB)
[2019.05.08-21.28.00:996][  0]LogD3D11RHI: Async texture creation enabled
[2019.05.08-21.28.01:012][  0]LogD3D11RHI: GPU Timing Frequency: 1000.000000 (Debug: 2 2)
[2019.05.08-21.28.01:064][  0]LogShaderCompilers: Guid format shader working directory is -6 characters bigger than the processId version (A:/Projects/Unreal Engine Projects/SoloUE4/CrazyTaxiProcGen/Intermediate/Shaders/WorkingDirectory/3288/).
[2019.05.08-21.28.01:065][  0]LogShaderCompilers: Cleaned the shader compiler working directory 'C:/Users/Thomas Simon/AppData/Local/Temp/UnrealShaderWorkingDir/AD15DE3741FBF4D3572B11A592451189/'.
[2019.05.08-21.28.01:344][  0]LogTemp: Display: Loaded TP AllDesktopTargetPlatform
[2019.05.08-21.28.01:360][  0]LogTemp: Display: Loaded TP MacClientTargetPlatform
[2019.05.08-21.28.01:376][  0]LogTemp: Display: Loaded TP MacNoEditorTargetPlatform
[2019.05.08-21.28.01:393][  0]LogTemp: Display: Loaded TP MacServerTargetPlatform
[2019.05.08-21.28.01:410][  0]LogTemp: Display: Loaded TP MacTargetPlatform
[2019.05.08-21.28.01:426][  0]LogTemp: Display: Loaded TP WindowsClientTargetPlatform
[2019.05.08-21.28.01:443][  0]LogTemp: Display: Loaded TP WindowsNoEditorTargetPlatform
[2019.05.08-21.28.01:461][  0]LogTemp: Display: Loaded TP WindowsServerTargetPlatform
[2019.05.08-21.28.01:472][  0]LogTemp: Display: Loaded TP WindowsTargetPlatform
[2019.05.08-21.28.01:549][  0]LogTemp: Display: Loaded TP AndroidTargetPlatform
[2019.05.08-21.28.01:549][  0]LogTemp: Display: Loaded TP AndroidTargetPlatform
[2019.05.08-21.28.01:549][  0]LogTemp: Display: Loaded TP AndroidTargetPlatform
[2019.05.08-21.28.01:550][  0]LogTemp: Display: Loaded TP AndroidTargetPlatform
[2019.05.08-21.28.01:550][  0]LogTemp: Display: Loaded TP AndroidTargetPlatform
[2019.05.08-21.28.01:550][  0]LogTemp: Display: Loaded TP AndroidTargetPlatform
[2019.05.08-21.28.01:550][  0]LogTemp: Display: Loaded TP AndroidTargetPlatform
[2019.05.08-21.28.01:550][  0]LogTemp: Display: Loaded TP AndroidTargetPlatform
[2019.05.08-21.28.01:550][  0]LogTemp: Display: Loaded TP AndroidTargetPlatform
[2019.05.08-21.28.01:550][  0]LogTemp: Display: Loaded TP AndroidTargetPlatform
[2019.05.08-21.28.01:550][  0]LogTemp: Display: Loaded TP AndroidTargetPlatform
[2019.05.08-21.28.01:550][  0]LogTemp: Display: Loaded TP AndroidTargetPlatform
[2019.05.08-21.28.01:550][  0]LogTemp: Display: Loaded TP AndroidTargetPlatform
[2019.05.08-21.28.01:550][  0]LogTemp: Display: Loaded TP AndroidTargetPlatform
[2019.05.08-21.28.01:550][  0]LogTemp: Display: Loaded TP AndroidTargetPlatform
[2019.05.08-21.28.01:550][  0]LogTemp: Display: Loaded TP AndroidTargetPlatform
[2019.05.08-21.28.01:550][  0]LogTemp: Display: Loaded TP AndroidTargetPlatform
[2019.05.08-21.28.01:550][  0]LogTemp: Display: Loaded TP AndroidTargetPlatform
[2019.05.08-21.28.01:553][  0]LogTemp: Display: Loaded TP HTML5TargetPlatform
[2019.05.08-21.28.01:620][  0]LogTemp: Display: Loaded TP IOSTargetPlatform
[2019.05.08-21.28.01:620][  0]LogTemp: Display: Loaded TP IOSTargetPlatform
[2019.05.08-21.28.01:645][  0]LogTemp: Display: Loaded TP TVOSTargetPlatform
[2019.05.08-21.28.01:647][  0]LogTemp: Display: Loaded TP TVOSTargetPlatform
[2019.05.08-21.28.01:661][  0]LogTemp: Display: Loaded TP LinuxClientTargetPlatform
[2019.05.08-21.28.01:678][  0]LogTemp: Display: Loaded TP LinuxNoEditorTargetPlatform
[2019.05.08-21.28.01:693][  0]LogTemp: Display: Loaded TP LinuxServerTargetPlatform
[2019.05.08-21.28.01:708][  0]LogTemp: Display: Loaded TP LinuxTargetPlatform
[2019.05.08-21.28.01:719][  0]LogTemp: Display: Loaded TP LuminTargetPlatform
[2019.05.08-21.28.01:719][  0]LogTargetPlatformManager: Display: Building Assets For Windows
[2019.05.08-21.28.01:831][  0]LogXGEController: Cannot use XGE Controller as Incredibuild is not installed on this machine.
[2019.05.08-21.28.01:831][  0]LogShaderCompilers: Cannot use XGE Shader Compiler as Incredibuild is not installed on this machine.
[2019.05.08-21.28.01:831][  0]LogShaderCompilers: Display: Using Local Shader Compiler.
[2019.05.08-21.28.02:583][  0]LogDerivedDataCache: Display: Max Cache Size: 512 MB
[2019.05.08-21.28.02:641][  0]LogDerivedDataCache: Loaded boot cache 0.06s 71MB C:/Users/Thomas Simon/AppData/Local/UnrealEngine/4.20/DerivedDataCache/Boot.ddc.
[2019.05.08-21.28.02:641][  0]LogDerivedDataCache: Display: Loaded Boot cache: C:/Users/Thomas Simon/AppData/Local/UnrealEngine/4.20/DerivedDataCache/Boot.ddc
[2019.05.08-21.28.02:641][  0]LogDerivedDataCache: FDerivedDataBackendGraph:  Pak pak cache file A:/Projects/Unreal Engine Projects/SoloUE4/CrazyTaxiProcGen/DerivedDataCache/DDC.ddp not found, will not use a pak cache.
[2019.05.08-21.28.02:642][  0]LogDerivedDataCache: Unable to find inner node Pak for hierarchical cache Hierarchy.
[2019.05.08-21.28.02:642][  0]LogDerivedDataCache: FDerivedDataBackendGraph:  CompressedPak pak cache file A:/Projects/Unreal Engine Projects/SoloUE4/CrazyTaxiProcGen/DerivedDataCache/Compressed.ddp not found, will not use a pak cache.
[2019.05.08-21.28.02:642][  0]LogDerivedDataCache: Unable to find inner node CompressedPak for hierarchical cache Hierarchy.
[2019.05.08-21.28.02:657][  0]LogDerivedDataCache: Display: Pak cache opened for reading ../../../Engine/DerivedDataCache/Compressed.ddp.
[2019.05.08-21.28.02:671][  0]LogDerivedDataCache: Using Local data cache path C:/Users/Thomas Simon/AppData/Local/UnrealEngine/Common/DerivedDataCache: Writable
[2019.05.08-21.28.02:671][  0]LogDerivedDataCache: Shared data cache path not found in *engine.ini, will not use an Shared cache.
[2019.05.08-21.28.02:671][  0]LogDerivedDataCache: Unable to find inner node Shared for hierarchical cache Hierarchy.
[2019.05.08-21.28.02:691][  0]LogMaterial: Verifying Global Shaders for PCD3D_SM5
[2019.05.08-21.28.02:693][  0]LogSlate: Using FreeType 2.6.0
[2019.05.08-21.28.02:694][  0]LogSlate: SlateFontServices - WITH_FREETYPE: 1, WITH_HARFBUZZ: 1
[2019.05.08-21.28.02:775][  0]LogAssetRegistry: FAssetRegistry took 0.0294 seconds to start up
[2019.05.08-21.28.03:072][  0]LogInit: Selected Device Profile: [Windows]
[2019.05.08-21.28.03:217][  0]LogSimplygon: Simplygon DLL not present - disabling.
[2019.05.08-21.28.03:224][  0]LogMeshReduction: Using SimplygonSwarm for distributed automatic mesh merging
[2019.05.08-21.28.03:224][  0]LogMeshReduction: Using ProxyLODMeshReduction for automatic mesh merging
[2019.05.08-21.28.03:225][  0]LogMeshReduction: Using QuadricMeshReduction for automatic static mesh reduction
[2019.05.08-21.28.03:225][  0]LogMeshReduction: No automatic skeletal mesh reduction module available
[2019.05.08-21.28.03:251][  0]LogNetVersion: CrazyTaxiProcGen 1.0.0, NetCL: 4212847, EngineNetVer: 5, GameNetVer: 0 (Checksum: 1195376751)
[2019.05.08-21.28.03:764][  0]LogPackageLocalizationCache: Processed 11 localized package path(s) for 2 prioritized culture(s) in 0.123003 seconds
[2019.05.08-21.28.03:771][  0]LogUObjectArray: 38425 objects as part of root set at end of initial load.
[2019.05.08-21.28.03:771][  0]LogUObjectAllocator: 6690872 out of 0 bytes used by permanent object pool.
[2019.05.08-21.28.03:771][  0]LogUObjectArray: CloseDisregardForGC: 0/0 objects in disregard for GC pool
[2019.05.08-21.28.04:724][  0]LogTcpMessaging: Initializing TcpMessaging bridge
[2019.05.08-21.28.04:739][  0]LogUdpMessaging: Initializing bridge on interface 0.0.0.0:0 to multicast group 230.0.0.1:6666.
[2019.05.08-21.28.04:941][  0]SourceControl: Source control is disabled
[2019.05.08-21.28.04:941][  0]SourceControl: Source control is disabled
[2019.05.08-21.28.04:944][  0]SourceControl: Source control is disabled
[2019.05.08-21.28.04:946][  0]SourceControl: Source control is disabled
[2019.05.08-21.28.05:168][  0]LogAndroidPermission: UAndroidPermissionCallbackProxy::GetInstance
[2019.05.08-21.28.05:252][  0]LogOcInput: OculusInput pre-init called
[2019.05.08-21.28.05:319][  0]LogEngine: Initializing Engine...
[2019.05.08-21.28.05:320][  0]LogHMD: Failed to initialize OpenVR with code 110
[2019.05.08-21.28.05:321][  0]LogStats: UGameplayTagsManager::ConstructGameplayTagTree: ImportINI prefixes -  0.000 s
[2019.05.08-21.28.05:321][  0]LogStats: UGameplayTagsManager::ConstructGameplayTagTree: Construct from data asset -  0.000 s
[2019.05.08-21.28.05:321][  0]LogStats: UGameplayTagsManager::ConstructGameplayTagTree: ImportINI -  0.000 s
[2019.05.08-21.28.05:322][  0]LogStats: UGameplayTagsManager::ConstructGameplayTagTree: GameplayTagTreeChangedEvent.Broadcast -  0.000 s
[2019.05.08-21.28.05:515][  0]LogInit: Initializing FReadOnlyCVARCache
[2019.05.08-21.28.05:530][  0]LogAIModule: Creating AISystem for world Untitled
[2019.05.08-21.28.05:551][  0]LogInit: XAudio2 using 'Headphones (High Definition Audio Device)' : 2 channels at 44.1 kHz using 16 bits per sample (channel mask 0x3)
[2019.05.08-21.28.05:571][  0]LogInit: FAudioDevice initialized.
[2019.05.08-21.28.05:571][  0]LogNetVersion: Set ProjectVersion to 1.0.0.0. Version Checksum will be recalculated on next use.
[2019.05.08-21.28.05:641][  0]LogDerivedDataCache: Saved boot cache 0.07s 71MB C:/Users/Thomas Simon/AppData/Local/UnrealEngine/4.20/DerivedDataCache/Boot.ddc.
[2019.05.08-21.28.05:645][  0]LogInit: Texture streaming: Enabled
[2019.05.08-21.28.05:669][  0]LogEngineSessionManager: EngineSessionManager initialized
[2019.05.08-21.28.05:681][  0]LogInit: Transaction tracking system initialized
[2019.05.08-21.28.05:716][  0]BlueprintLog: New page: Editor Load
[2019.05.08-21.28.05:823][  0]LocalizationService: Localization service is disabled
[2019.05.08-21.28.06:112][  0]LogCook: Display: Max memory allowance for cook 16384mb min free memory 0mb
[2019.05.08-21.28.06:112][  0]LogCook: Display: Mobile HDR setting 1
[2019.05.08-21.28.06:112][  0]LogGameplayTags: Display: UGameplayTagsManager::DoneAddingNativeTags. DelegateIsBound: 0
[2019.05.08-21.28.06:112][  0]LogStats: UGameplayTagsManager::ConstructGameplayTagTree: ImportINI prefixes -  0.000 s
[2019.05.08-21.28.06:113][  0]LogStats: UGameplayTagsManager::ConstructGameplayTagTree: Construct from data asset -  0.000 s
[2019.05.08-21.28.06:113][  0]LogStats: UGameplayTagsManager::ConstructGameplayTagTree: ImportINI -  0.000 s
[2019.05.08-21.28.06:113][  0]LogStats: UGameplayTagsManager::ConstructGameplayTagTree: GameplayTagTreeChangedEvent.Broadcast -  0.000 s
[2019.05.08-21.28.06:263][  0]LogFileCache: Scanning file cache for directory 'A:/Projects/Unreal Engine Projects/SoloUE4/CrazyTaxiProcGen/Content/' took 0.01s
[2019.05.08-21.28.06:263][  0]SourceControl: Source control is disabled
[2019.05.08-21.28.06:263][  0]Cmd: MAP LOAD FILE="A:/Projects/Unreal Engine Projects/SoloUE4/CrazyTaxiProcGen/Content/MyContent/Maps/TestMaze.umap" TEMPLATE=0 SHOWPROGRESS=1 FEATURELEVEL=3
[2019.05.08-21.28.06:264][  0]LightingResults: New page: Lighting Build
[2019.05.08-21.28.06:266][  0]MapCheck: New page: Map Check
[2019.05.08-21.28.06:266][  0]LightingResults: New page: Lighting Build
